2025-03-07 10:12:55 | INFO  | HV000001: Hibernate Validator 8.0.2.Final
2025-03-07 10:12:55 | INFO  | Starting ApiGatewayApplication using Java 22.0.2 with PID 20472 (E:\HTPT\Hybrid Blockchain-Based Stock Trading Platform with Arbitrage Bot\BE\API-gateway\target\classes started by DELL in E:\HTPT\Hybrid Blockchain-Based Stock Trading Platform with Arbitrage Bot)
2025-03-07 10:12:55 | DEBUG | Running with Spring Boot v3.4.3, Spring v6.2.3
2025-03-07 10:12:55 | INFO  | The following 1 profile is active: "local"
2025-03-07 10:12:56 | TRACE | Condition OnEnabledGlobalFilter on org.springframework.cloud.gateway.config.GatewayAutoConfiguration$NettyConfiguration#routingFilter matched
2025-03-07 10:12:56 | TRACE | Condition OnEnabledGlobalFilter on org.springframework.cloud.gateway.config.GatewayAutoConfiguration$NettyConfiguration#nettyWriteResponseFilter matched
2025-03-07 10:12:56 | TRACE | Condition OnEnabledGlobalFilter on org.springframework.cloud.gateway.config.GatewayAutoConfiguration$NettyConfiguration#reactorNettyWebSocketClient matched
2025-03-07 10:12:56 | TRACE | Condition OnEnabledGlobalFilter on org.springframework.cloud.gateway.config.GatewayAutoConfiguration$NettyConfiguration#reactorNettyRequestUpgradeStrategy matched
2025-03-07 10:12:56 | TRACE | Condition OnEnabledGlobalFilter on org.springframework.cloud.gateway.config.GatewayAutoConfiguration#adaptCachedBodyGlobalFilter matched
2025-03-07 10:12:56 | TRACE | Condition OnEnabledGlobalFilter on org.springframework.cloud.gateway.config.GatewayAutoConfiguration#removeCachedBodyFilter matched
2025-03-07 10:12:56 | TRACE | Condition OnEnabledGlobalFilter on org.springframework.cloud.gateway.config.GatewayAutoConfiguration#routeToRequestUrlFilter matched
2025-03-07 10:12:56 | TRACE | Condition OnEnabledGlobalFilter on org.springframework.cloud.gateway.config.GatewayAutoConfiguration#forwardRoutingFilter matched
2025-03-07 10:12:56 | TRACE | Condition OnEnabledGlobalFilter on org.springframework.cloud.gateway.config.GatewayAutoConfiguration#forwardPathFilter matched
2025-03-07 10:12:56 | TRACE | Condition OnEnabledGlobalFilter on org.springframework.cloud.gateway.config.GatewayAutoConfiguration#webSocketService matched
2025-03-07 10:12:56 | TRACE | Condition OnEnabledGlobalFilter on org.springframework.cloud.gateway.config.GatewayAutoConfiguration#websocketRoutingFilter matched
2025-03-07 10:12:56 | TRACE | Condition OnEnabledPredicate on org.springframework.cloud.gateway.config.GatewayAutoConfiguration#weightCalculatorWebFilter matched
2025-03-07 10:12:56 | TRACE | Condition OnEnabledPredicate on org.springframework.cloud.gateway.config.GatewayAutoConfiguration#afterRoutePredicateFactory matched
2025-03-07 10:12:56 | TRACE | Condition OnEnabledPredicate on org.springframework.cloud.gateway.config.GatewayAutoConfiguration#beforeRoutePredicateFactory matched
2025-03-07 10:12:56 | TRACE | Condition OnEnabledPredicate on org.springframework.cloud.gateway.config.GatewayAutoConfiguration#betweenRoutePredicateFactory matched
2025-03-07 10:12:56 | TRACE | Condition OnEnabledPredicate on org.springframework.cloud.gateway.config.GatewayAutoConfiguration#cookieRoutePredicateFactory matched
2025-03-07 10:12:56 | TRACE | Condition OnEnabledPredicate on org.springframework.cloud.gateway.config.GatewayAutoConfiguration#headerRoutePredicateFactory matched
2025-03-07 10:12:56 | TRACE | Condition OnEnabledPredicate on org.springframework.cloud.gateway.config.GatewayAutoConfiguration#hostRoutePredicateFactory matched
2025-03-07 10:12:56 | TRACE | Condition OnEnabledPredicate on org.springframework.cloud.gateway.config.GatewayAutoConfiguration#methodRoutePredicateFactory matched
2025-03-07 10:12:56 | TRACE | Condition OnEnabledPredicate on org.springframework.cloud.gateway.config.GatewayAutoConfiguration#pathRoutePredicateFactory matched
2025-03-07 10:12:56 | TRACE | Condition OnEnabledPredicate on org.springframework.cloud.gateway.config.GatewayAutoConfiguration#queryRoutePredicateFactory matched
2025-03-07 10:12:56 | TRACE | Condition OnEnabledPredicate on org.springframework.cloud.gateway.config.GatewayAutoConfiguration#readBodyPredicateFactory matched
2025-03-07 10:12:56 | TRACE | Condition OnEnabledPredicate on org.springframework.cloud.gateway.config.GatewayAutoConfiguration#remoteAddrRoutePredicateFactory matched
2025-03-07 10:12:56 | TRACE | Condition OnEnabledPredicate on org.springframework.cloud.gateway.config.GatewayAutoConfiguration#xForwardedRemoteAddrRoutePredicateFactory matched
2025-03-07 10:12:56 | TRACE | Condition OnEnabledPredicate on org.springframework.cloud.gateway.config.GatewayAutoConfiguration#weightRoutePredicateFactory matched
2025-03-07 10:12:56 | TRACE | Condition OnEnabledPredicate on org.springframework.cloud.gateway.config.GatewayAutoConfiguration#cloudFoundryRouteServiceRoutePredicateFactory matched
2025-03-07 10:12:56 | TRACE | Condition OnEnabledFilter on org.springframework.cloud.gateway.config.GatewayAutoConfiguration#addRequestHeaderGatewayFilterFactory matched
2025-03-07 10:12:56 | TRACE | Condition OnEnabledFilter on org.springframework.cloud.gateway.config.GatewayAutoConfiguration#addRequestHeadersIfNotPresentGatewayFilterFactory matched
2025-03-07 10:12:56 | TRACE | Condition OnEnabledFilter on org.springframework.cloud.gateway.config.GatewayAutoConfiguration#mapRequestHeaderGatewayFilterFactory matched
2025-03-07 10:12:56 | TRACE | Condition OnEnabledFilter on org.springframework.cloud.gateway.config.GatewayAutoConfiguration#addRequestParameterGatewayFilterFactory matched
2025-03-07 10:12:56 | TRACE | Condition OnEnabledFilter on org.springframework.cloud.gateway.config.GatewayAutoConfiguration#addResponseHeaderGatewayFilterFactory matched
2025-03-07 10:12:56 | TRACE | Condition OnEnabledFilter on org.springframework.cloud.gateway.config.GatewayAutoConfiguration#modifyRequestBodyGatewayFilterFactory matched
2025-03-07 10:12:56 | TRACE | Condition OnEnabledFilter on org.springframework.cloud.gateway.config.GatewayAutoConfiguration#dedupeResponseHeaderGatewayFilterFactory matched
2025-03-07 10:12:56 | TRACE | Condition OnEnabledFilter on org.springframework.cloud.gateway.config.GatewayAutoConfiguration#modifyResponseBodyGatewayFilterFactory matched
2025-03-07 10:12:56 | TRACE | Condition OnEnabledFilter on org.springframework.cloud.gateway.config.GatewayAutoConfiguration#cacheRequestBodyGatewayFilterFactory matched
2025-03-07 10:12:56 | TRACE | Condition OnEnabledFilter on org.springframework.cloud.gateway.config.GatewayAutoConfiguration#prefixPathGatewayFilterFactory matched
2025-03-07 10:12:56 | TRACE | Condition OnEnabledFilter on org.springframework.cloud.gateway.config.GatewayAutoConfiguration#preserveHostHeaderGatewayFilterFactory matched
2025-03-07 10:12:56 | TRACE | Condition OnEnabledFilter on org.springframework.cloud.gateway.config.GatewayAutoConfiguration#redirectToGatewayFilterFactory matched
2025-03-07 10:12:56 | TRACE | Condition OnEnabledFilter on org.springframework.cloud.gateway.config.GatewayAutoConfiguration#removeJsonAttributesResponseBodyGatewayFilterFactory matched
2025-03-07 10:12:56 | TRACE | Condition OnEnabledFilter on org.springframework.cloud.gateway.config.GatewayAutoConfiguration#removeRequestHeaderGatewayFilterFactory matched
2025-03-07 10:12:56 | TRACE | Condition OnEnabledFilter on org.springframework.cloud.gateway.config.GatewayAutoConfiguration#removeRequestParameterGatewayFilterFactory matched
2025-03-07 10:12:56 | TRACE | Condition OnEnabledFilter on org.springframework.cloud.gateway.config.GatewayAutoConfiguration#removeResponseHeaderGatewayFilterFactory matched
2025-03-07 10:12:56 | TRACE | Condition OnEnabledFilter on org.springframework.cloud.gateway.config.GatewayAutoConfiguration#rewritePathGatewayFilterFactory matched
2025-03-07 10:12:56 | TRACE | Condition OnEnabledFilter on org.springframework.cloud.gateway.config.GatewayAutoConfiguration#retryGatewayFilterFactory matched
2025-03-07 10:12:56 | TRACE | Condition OnEnabledFilter on org.springframework.cloud.gateway.config.GatewayAutoConfiguration#setPathGatewayFilterFactory matched
2025-03-07 10:12:56 | TRACE | Condition OnEnabledFilter on org.springframework.cloud.gateway.config.GatewayAutoConfiguration#secureHeadersGatewayFilterFactory matched
2025-03-07 10:12:56 | TRACE | Condition OnEnabledFilter on org.springframework.cloud.gateway.config.GatewayAutoConfiguration#setRequestHeaderGatewayFilterFactory matched
2025-03-07 10:12:56 | TRACE | Condition OnEnabledFilter on org.springframework.cloud.gateway.config.GatewayAutoConfiguration#setRequestHostHeaderGatewayFilterFactory matched
2025-03-07 10:12:56 | TRACE | Condition OnEnabledFilter on org.springframework.cloud.gateway.config.GatewayAutoConfiguration#setResponseHeaderGatewayFilterFactory matched
2025-03-07 10:12:56 | TRACE | Condition OnEnabledFilter on org.springframework.cloud.gateway.config.GatewayAutoConfiguration#rewriteResponseHeaderGatewayFilterFactory matched
2025-03-07 10:12:56 | TRACE | Condition OnEnabledFilter on org.springframework.cloud.gateway.config.GatewayAutoConfiguration#rewriteLocationResponseHeaderGatewayFilterFactory matched
2025-03-07 10:12:56 | TRACE | Condition OnEnabledFilter on org.springframework.cloud.gateway.config.GatewayAutoConfiguration#setStatusGatewayFilterFactory matched
2025-03-07 10:12:56 | TRACE | Condition OnEnabledFilter on org.springframework.cloud.gateway.config.GatewayAutoConfiguration#saveSessionGatewayFilterFactory matched
2025-03-07 10:12:56 | TRACE | Condition OnEnabledFilter on org.springframework.cloud.gateway.config.GatewayAutoConfiguration#stripPrefixGatewayFilterFactory matched
2025-03-07 10:12:56 | TRACE | Condition OnEnabledFilter on org.springframework.cloud.gateway.config.GatewayAutoConfiguration#requestHeaderToRequestUriGatewayFilterFactory matched
2025-03-07 10:12:56 | TRACE | Condition OnEnabledFilter on org.springframework.cloud.gateway.config.GatewayAutoConfiguration#requestSizeGatewayFilterFactory matched
2025-03-07 10:12:56 | TRACE | Condition OnEnabledFilter on org.springframework.cloud.gateway.config.GatewayAutoConfiguration#requestHeaderSizeGatewayFilterFactory matched
2025-03-07 10:12:56 | TRACE | Condition OnEnabledFilter on org.springframework.cloud.gateway.config.GatewayAutoConfiguration#rewriteRequestParameterGatewayFilterFactory matched
2025-03-07 10:12:56 | INFO  | BeanFactory id=a3daf659-2646-3a71-b69e-4883e34a50dd
2025-03-07 10:12:57 | INFO  | 

Using generated security password: 60126756-ed31-4d8f-9a17-37b7e0362234

2025-03-07 10:12:58 | DEBUG | Routes supplied from Gateway Properties: [RouteDefinition{id='user-service-route', predicates=[PredicateDefinition{name='Path', args={_genkey_0=/users/**}}], filters=[], uri=http://localhost:8081, order=0, metadata={}, enabled=true}, RouteDefinition{id='wallet-service-route', predicates=[PredicateDefinition{name='Path', args={_genkey_0=/wallets/**}}], filters=[], uri=http://localhost:8082, order=0, metadata={}, enabled=true}]
2025-03-07 10:12:58 | INFO  | Loaded RoutePredicateFactory [After]
2025-03-07 10:12:58 | INFO  | Loaded RoutePredicateFactory [Before]
2025-03-07 10:12:58 | INFO  | Loaded RoutePredicateFactory [Between]
2025-03-07 10:12:58 | INFO  | Loaded RoutePredicateFactory [Cookie]
2025-03-07 10:12:58 | INFO  | Loaded RoutePredicateFactory [Header]
2025-03-07 10:12:58 | INFO  | Loaded RoutePredicateFactory [Host]
2025-03-07 10:12:58 | INFO  | Loaded RoutePredicateFactory [Method]
2025-03-07 10:12:58 | INFO  | Loaded RoutePredicateFactory [Path]
2025-03-07 10:12:58 | INFO  | Loaded RoutePredicateFactory [Query]
2025-03-07 10:12:58 | INFO  | Loaded RoutePredicateFactory [ReadBody]
2025-03-07 10:12:58 | INFO  | Loaded RoutePredicateFactory [RemoteAddr]
2025-03-07 10:12:58 | INFO  | Loaded RoutePredicateFactory [XForwardedRemoteAddr]
2025-03-07 10:12:58 | INFO  | Loaded RoutePredicateFactory [Weight]
2025-03-07 10:12:58 | INFO  | Loaded RoutePredicateFactory [CloudFoundryRouteService]
2025-03-07 10:12:59 | INFO  | Netty started on port 8080 (http)
2025-03-07 10:12:59 | DEBUG | RouteDefinition user-service-route applying {_genkey_0=/users/**} to Path
2025-03-07 10:12:59 | DEBUG | RouteDefinition matched: user-service-route
2025-03-07 10:12:59 | DEBUG | RouteDefinition wallet-service-route applying {_genkey_0=/wallets/**} to Path
2025-03-07 10:12:59 | DEBUG | RouteDefinition matched: wallet-service-route
2025-03-07 10:12:59 | INFO  | Started ApiGatewayApplication in 5.381 seconds (process running for 10.628)
2025-03-07 10:19:49 | INFO  | Commencing graceful shutdown. Waiting for active requests to complete
2025-03-07 10:19:49 | INFO  | Graceful shutdown complete
2025-03-07 10:19:57 | INFO  | HV000001: Hibernate Validator 8.0.2.Final
2025-03-07 10:19:57 | INFO  | Starting ApiGatewayApplication using Java 22.0.2 with PID 6428 (E:\HTPT\Hybrid Blockchain-Based Stock Trading Platform with Arbitrage Bot\BE\API-gateway\target\classes started by DELL in E:\HTPT\Hybrid Blockchain-Based Stock Trading Platform with Arbitrage Bot)
2025-03-07 10:19:57 | DEBUG | Running with Spring Boot v3.4.3, Spring v6.2.3
2025-03-07 10:19:57 | INFO  | The following 1 profile is active: "local"
2025-03-07 10:19:57 | TRACE | Condition OnEnabledGlobalFilter on org.springframework.cloud.gateway.config.GatewayAutoConfiguration$NettyConfiguration#routingFilter matched
2025-03-07 10:19:57 | TRACE | Condition OnEnabledGlobalFilter on org.springframework.cloud.gateway.config.GatewayAutoConfiguration$NettyConfiguration#nettyWriteResponseFilter matched
2025-03-07 10:19:57 | TRACE | Condition OnEnabledGlobalFilter on org.springframework.cloud.gateway.config.GatewayAutoConfiguration$NettyConfiguration#reactorNettyWebSocketClient matched
2025-03-07 10:19:57 | TRACE | Condition OnEnabledGlobalFilter on org.springframework.cloud.gateway.config.GatewayAutoConfiguration$NettyConfiguration#reactorNettyRequestUpgradeStrategy matched
2025-03-07 10:19:57 | TRACE | Condition OnEnabledGlobalFilter on org.springframework.cloud.gateway.config.GatewayAutoConfiguration#adaptCachedBodyGlobalFilter matched
2025-03-07 10:19:57 | TRACE | Condition OnEnabledGlobalFilter on org.springframework.cloud.gateway.config.GatewayAutoConfiguration#removeCachedBodyFilter matched
2025-03-07 10:19:57 | TRACE | Condition OnEnabledGlobalFilter on org.springframework.cloud.gateway.config.GatewayAutoConfiguration#routeToRequestUrlFilter matched
2025-03-07 10:19:57 | TRACE | Condition OnEnabledGlobalFilter on org.springframework.cloud.gateway.config.GatewayAutoConfiguration#forwardRoutingFilter matched
2025-03-07 10:19:57 | TRACE | Condition OnEnabledGlobalFilter on org.springframework.cloud.gateway.config.GatewayAutoConfiguration#forwardPathFilter matched
2025-03-07 10:19:57 | TRACE | Condition OnEnabledGlobalFilter on org.springframework.cloud.gateway.config.GatewayAutoConfiguration#webSocketService matched
2025-03-07 10:19:57 | TRACE | Condition OnEnabledGlobalFilter on org.springframework.cloud.gateway.config.GatewayAutoConfiguration#websocketRoutingFilter matched
2025-03-07 10:19:57 | TRACE | Condition OnEnabledPredicate on org.springframework.cloud.gateway.config.GatewayAutoConfiguration#weightCalculatorWebFilter matched
2025-03-07 10:19:57 | TRACE | Condition OnEnabledPredicate on org.springframework.cloud.gateway.config.GatewayAutoConfiguration#afterRoutePredicateFactory matched
2025-03-07 10:19:57 | TRACE | Condition OnEnabledPredicate on org.springframework.cloud.gateway.config.GatewayAutoConfiguration#beforeRoutePredicateFactory matched
2025-03-07 10:19:57 | TRACE | Condition OnEnabledPredicate on org.springframework.cloud.gateway.config.GatewayAutoConfiguration#betweenRoutePredicateFactory matched
2025-03-07 10:19:57 | TRACE | Condition OnEnabledPredicate on org.springframework.cloud.gateway.config.GatewayAutoConfiguration#cookieRoutePredicateFactory matched
2025-03-07 10:19:57 | TRACE | Condition OnEnabledPredicate on org.springframework.cloud.gateway.config.GatewayAutoConfiguration#headerRoutePredicateFactory matched
2025-03-07 10:19:57 | TRACE | Condition OnEnabledPredicate on org.springframework.cloud.gateway.config.GatewayAutoConfiguration#hostRoutePredicateFactory matched
2025-03-07 10:19:57 | TRACE | Condition OnEnabledPredicate on org.springframework.cloud.gateway.config.GatewayAutoConfiguration#methodRoutePredicateFactory matched
2025-03-07 10:19:57 | TRACE | Condition OnEnabledPredicate on org.springframework.cloud.gateway.config.GatewayAutoConfiguration#pathRoutePredicateFactory matched
2025-03-07 10:19:57 | TRACE | Condition OnEnabledPredicate on org.springframework.cloud.gateway.config.GatewayAutoConfiguration#queryRoutePredicateFactory matched
2025-03-07 10:19:57 | TRACE | Condition OnEnabledPredicate on org.springframework.cloud.gateway.config.GatewayAutoConfiguration#readBodyPredicateFactory matched
2025-03-07 10:19:57 | TRACE | Condition OnEnabledPredicate on org.springframework.cloud.gateway.config.GatewayAutoConfiguration#remoteAddrRoutePredicateFactory matched
2025-03-07 10:19:57 | TRACE | Condition OnEnabledPredicate on org.springframework.cloud.gateway.config.GatewayAutoConfiguration#xForwardedRemoteAddrRoutePredicateFactory matched
2025-03-07 10:19:57 | TRACE | Condition OnEnabledPredicate on org.springframework.cloud.gateway.config.GatewayAutoConfiguration#weightRoutePredicateFactory matched
2025-03-07 10:19:57 | TRACE | Condition OnEnabledPredicate on org.springframework.cloud.gateway.config.GatewayAutoConfiguration#cloudFoundryRouteServiceRoutePredicateFactory matched
2025-03-07 10:19:57 | TRACE | Condition OnEnabledFilter on org.springframework.cloud.gateway.config.GatewayAutoConfiguration#addRequestHeaderGatewayFilterFactory matched
2025-03-07 10:19:57 | TRACE | Condition OnEnabledFilter on org.springframework.cloud.gateway.config.GatewayAutoConfiguration#addRequestHeadersIfNotPresentGatewayFilterFactory matched
2025-03-07 10:19:57 | TRACE | Condition OnEnabledFilter on org.springframework.cloud.gateway.config.GatewayAutoConfiguration#mapRequestHeaderGatewayFilterFactory matched
2025-03-07 10:19:57 | TRACE | Condition OnEnabledFilter on org.springframework.cloud.gateway.config.GatewayAutoConfiguration#addRequestParameterGatewayFilterFactory matched
2025-03-07 10:19:57 | TRACE | Condition OnEnabledFilter on org.springframework.cloud.gateway.config.GatewayAutoConfiguration#addResponseHeaderGatewayFilterFactory matched
2025-03-07 10:19:57 | TRACE | Condition OnEnabledFilter on org.springframework.cloud.gateway.config.GatewayAutoConfiguration#modifyRequestBodyGatewayFilterFactory matched
2025-03-07 10:19:57 | TRACE | Condition OnEnabledFilter on org.springframework.cloud.gateway.config.GatewayAutoConfiguration#dedupeResponseHeaderGatewayFilterFactory matched
2025-03-07 10:19:57 | TRACE | Condition OnEnabledFilter on org.springframework.cloud.gateway.config.GatewayAutoConfiguration#modifyResponseBodyGatewayFilterFactory matched
2025-03-07 10:19:57 | TRACE | Condition OnEnabledFilter on org.springframework.cloud.gateway.config.GatewayAutoConfiguration#cacheRequestBodyGatewayFilterFactory matched
2025-03-07 10:19:57 | TRACE | Condition OnEnabledFilter on org.springframework.cloud.gateway.config.GatewayAutoConfiguration#prefixPathGatewayFilterFactory matched
2025-03-07 10:19:57 | TRACE | Condition OnEnabledFilter on org.springframework.cloud.gateway.config.GatewayAutoConfiguration#preserveHostHeaderGatewayFilterFactory matched
2025-03-07 10:19:57 | TRACE | Condition OnEnabledFilter on org.springframework.cloud.gateway.config.GatewayAutoConfiguration#redirectToGatewayFilterFactory matched
2025-03-07 10:19:57 | TRACE | Condition OnEnabledFilter on org.springframework.cloud.gateway.config.GatewayAutoConfiguration#removeJsonAttributesResponseBodyGatewayFilterFactory matched
2025-03-07 10:19:57 | TRACE | Condition OnEnabledFilter on org.springframework.cloud.gateway.config.GatewayAutoConfiguration#removeRequestHeaderGatewayFilterFactory matched
2025-03-07 10:19:57 | TRACE | Condition OnEnabledFilter on org.springframework.cloud.gateway.config.GatewayAutoConfiguration#removeRequestParameterGatewayFilterFactory matched
2025-03-07 10:19:57 | TRACE | Condition OnEnabledFilter on org.springframework.cloud.gateway.config.GatewayAutoConfiguration#removeResponseHeaderGatewayFilterFactory matched
2025-03-07 10:19:57 | TRACE | Condition OnEnabledFilter on org.springframework.cloud.gateway.config.GatewayAutoConfiguration#rewritePathGatewayFilterFactory matched
2025-03-07 10:19:57 | TRACE | Condition OnEnabledFilter on org.springframework.cloud.gateway.config.GatewayAutoConfiguration#retryGatewayFilterFactory matched
2025-03-07 10:19:57 | TRACE | Condition OnEnabledFilter on org.springframework.cloud.gateway.config.GatewayAutoConfiguration#setPathGatewayFilterFactory matched
2025-03-07 10:19:57 | TRACE | Condition OnEnabledFilter on org.springframework.cloud.gateway.config.GatewayAutoConfiguration#secureHeadersGatewayFilterFactory matched
2025-03-07 10:19:57 | TRACE | Condition OnEnabledFilter on org.springframework.cloud.gateway.config.GatewayAutoConfiguration#setRequestHeaderGatewayFilterFactory matched
2025-03-07 10:19:57 | TRACE | Condition OnEnabledFilter on org.springframework.cloud.gateway.config.GatewayAutoConfiguration#setRequestHostHeaderGatewayFilterFactory matched
2025-03-07 10:19:57 | TRACE | Condition OnEnabledFilter on org.springframework.cloud.gateway.config.GatewayAutoConfiguration#setResponseHeaderGatewayFilterFactory matched
2025-03-07 10:19:57 | TRACE | Condition OnEnabledFilter on org.springframework.cloud.gateway.config.GatewayAutoConfiguration#rewriteResponseHeaderGatewayFilterFactory matched
2025-03-07 10:19:57 | TRACE | Condition OnEnabledFilter on org.springframework.cloud.gateway.config.GatewayAutoConfiguration#rewriteLocationResponseHeaderGatewayFilterFactory matched
2025-03-07 10:19:57 | TRACE | Condition OnEnabledFilter on org.springframework.cloud.gateway.config.GatewayAutoConfiguration#setStatusGatewayFilterFactory matched
2025-03-07 10:19:57 | TRACE | Condition OnEnabledFilter on org.springframework.cloud.gateway.config.GatewayAutoConfiguration#saveSessionGatewayFilterFactory matched
2025-03-07 10:19:57 | TRACE | Condition OnEnabledFilter on org.springframework.cloud.gateway.config.GatewayAutoConfiguration#stripPrefixGatewayFilterFactory matched
2025-03-07 10:19:57 | TRACE | Condition OnEnabledFilter on org.springframework.cloud.gateway.config.GatewayAutoConfiguration#requestHeaderToRequestUriGatewayFilterFactory matched
2025-03-07 10:19:57 | TRACE | Condition OnEnabledFilter on org.springframework.cloud.gateway.config.GatewayAutoConfiguration#requestSizeGatewayFilterFactory matched
2025-03-07 10:19:57 | TRACE | Condition OnEnabledFilter on org.springframework.cloud.gateway.config.GatewayAutoConfiguration#requestHeaderSizeGatewayFilterFactory matched
2025-03-07 10:19:57 | TRACE | Condition OnEnabledFilter on org.springframework.cloud.gateway.config.GatewayAutoConfiguration#rewriteRequestParameterGatewayFilterFactory matched
2025-03-07 10:19:58 | INFO  | BeanFactory id=a3daf659-2646-3a71-b69e-4883e34a50dd
2025-03-07 10:19:58 | INFO  | 

Using generated security password: b62d85dc-bf59-4525-a1e1-9a12847c79a2

2025-03-07 10:19:59 | DEBUG | Routes supplied from Gateway Properties: [RouteDefinition{id='user-service-route', predicates=[PredicateDefinition{name='Path', args={_genkey_0=/users/**}}], filters=[], uri=http://localhost:8081, order=0, metadata={}, enabled=true}, RouteDefinition{id='wallet-service-route', predicates=[PredicateDefinition{name='Path', args={_genkey_0=/wallets/**}}], filters=[], uri=http://localhost:8082, order=0, metadata={}, enabled=true}]
2025-03-07 10:20:00 | INFO  | Loaded RoutePredicateFactory [After]
2025-03-07 10:20:00 | INFO  | Loaded RoutePredicateFactory [Before]
2025-03-07 10:20:00 | INFO  | Loaded RoutePredicateFactory [Between]
2025-03-07 10:20:00 | INFO  | Loaded RoutePredicateFactory [Cookie]
2025-03-07 10:20:00 | INFO  | Loaded RoutePredicateFactory [Header]
2025-03-07 10:20:00 | INFO  | Loaded RoutePredicateFactory [Host]
2025-03-07 10:20:00 | INFO  | Loaded RoutePredicateFactory [Method]
2025-03-07 10:20:00 | INFO  | Loaded RoutePredicateFactory [Path]
2025-03-07 10:20:00 | INFO  | Loaded RoutePredicateFactory [Query]
2025-03-07 10:20:00 | INFO  | Loaded RoutePredicateFactory [ReadBody]
2025-03-07 10:20:00 | INFO  | Loaded RoutePredicateFactory [RemoteAddr]
2025-03-07 10:20:00 | INFO  | Loaded RoutePredicateFactory [XForwardedRemoteAddr]
2025-03-07 10:20:00 | INFO  | Loaded RoutePredicateFactory [Weight]
2025-03-07 10:20:00 | INFO  | Loaded RoutePredicateFactory [CloudFoundryRouteService]
2025-03-07 10:20:00 | INFO  | Netty started on port 8080 (http)
2025-03-07 10:20:01 | DEBUG | RouteDefinition user-service-route applying {_genkey_0=/users/**} to Path
2025-03-07 10:20:01 | DEBUG | RouteDefinition matched: user-service-route
2025-03-07 10:20:01 | DEBUG | RouteDefinition wallet-service-route applying {_genkey_0=/wallets/**} to Path
2025-03-07 10:20:01 | DEBUG | RouteDefinition matched: wallet-service-route
2025-03-07 10:20:01 | INFO  | Started ApiGatewayApplication in 4.375 seconds (process running for 5.446)
2025-03-07 10:21:02 | INFO  | Commencing graceful shutdown. Waiting for active requests to complete
2025-03-07 10:21:02 | INFO  | Graceful shutdown complete
2025-03-07 10:21:07 | INFO  | HV000001: Hibernate Validator 8.0.2.Final
2025-03-07 10:21:07 | INFO  | Starting ApiGatewayApplication using Java 22.0.2 with PID 25716 (E:\HTPT\Hybrid Blockchain-Based Stock Trading Platform with Arbitrage Bot\BE\API-gateway\target\classes started by DELL in E:\HTPT\Hybrid Blockchain-Based Stock Trading Platform with Arbitrage Bot)
2025-03-07 10:21:07 | DEBUG | Running with Spring Boot v3.4.3, Spring v6.2.3
2025-03-07 10:21:07 | INFO  | The following 1 profile is active: "local"
2025-03-07 10:21:08 | TRACE | Condition OnEnabledGlobalFilter on org.springframework.cloud.gateway.config.GatewayAutoConfiguration$NettyConfiguration#routingFilter matched
2025-03-07 10:21:08 | TRACE | Condition OnEnabledGlobalFilter on org.springframework.cloud.gateway.config.GatewayAutoConfiguration$NettyConfiguration#nettyWriteResponseFilter matched
2025-03-07 10:21:08 | TRACE | Condition OnEnabledGlobalFilter on org.springframework.cloud.gateway.config.GatewayAutoConfiguration$NettyConfiguration#reactorNettyWebSocketClient matched
2025-03-07 10:21:08 | TRACE | Condition OnEnabledGlobalFilter on org.springframework.cloud.gateway.config.GatewayAutoConfiguration$NettyConfiguration#reactorNettyRequestUpgradeStrategy matched
2025-03-07 10:21:08 | TRACE | Condition OnEnabledGlobalFilter on org.springframework.cloud.gateway.config.GatewayAutoConfiguration#adaptCachedBodyGlobalFilter matched
2025-03-07 10:21:08 | TRACE | Condition OnEnabledGlobalFilter on org.springframework.cloud.gateway.config.GatewayAutoConfiguration#removeCachedBodyFilter matched
2025-03-07 10:21:08 | TRACE | Condition OnEnabledGlobalFilter on org.springframework.cloud.gateway.config.GatewayAutoConfiguration#routeToRequestUrlFilter matched
2025-03-07 10:21:08 | TRACE | Condition OnEnabledGlobalFilter on org.springframework.cloud.gateway.config.GatewayAutoConfiguration#forwardRoutingFilter matched
2025-03-07 10:21:08 | TRACE | Condition OnEnabledGlobalFilter on org.springframework.cloud.gateway.config.GatewayAutoConfiguration#forwardPathFilter matched
2025-03-07 10:21:08 | TRACE | Condition OnEnabledGlobalFilter on org.springframework.cloud.gateway.config.GatewayAutoConfiguration#webSocketService matched
2025-03-07 10:21:08 | TRACE | Condition OnEnabledGlobalFilter on org.springframework.cloud.gateway.config.GatewayAutoConfiguration#websocketRoutingFilter matched
2025-03-07 10:21:08 | TRACE | Condition OnEnabledPredicate on org.springframework.cloud.gateway.config.GatewayAutoConfiguration#weightCalculatorWebFilter matched
2025-03-07 10:21:08 | TRACE | Condition OnEnabledPredicate on org.springframework.cloud.gateway.config.GatewayAutoConfiguration#afterRoutePredicateFactory matched
2025-03-07 10:21:08 | TRACE | Condition OnEnabledPredicate on org.springframework.cloud.gateway.config.GatewayAutoConfiguration#beforeRoutePredicateFactory matched
2025-03-07 10:21:08 | TRACE | Condition OnEnabledPredicate on org.springframework.cloud.gateway.config.GatewayAutoConfiguration#betweenRoutePredicateFactory matched
2025-03-07 10:21:08 | TRACE | Condition OnEnabledPredicate on org.springframework.cloud.gateway.config.GatewayAutoConfiguration#cookieRoutePredicateFactory matched
2025-03-07 10:21:08 | TRACE | Condition OnEnabledPredicate on org.springframework.cloud.gateway.config.GatewayAutoConfiguration#headerRoutePredicateFactory matched
2025-03-07 10:21:08 | TRACE | Condition OnEnabledPredicate on org.springframework.cloud.gateway.config.GatewayAutoConfiguration#hostRoutePredicateFactory matched
2025-03-07 10:21:08 | TRACE | Condition OnEnabledPredicate on org.springframework.cloud.gateway.config.GatewayAutoConfiguration#methodRoutePredicateFactory matched
2025-03-07 10:21:08 | TRACE | Condition OnEnabledPredicate on org.springframework.cloud.gateway.config.GatewayAutoConfiguration#pathRoutePredicateFactory matched
2025-03-07 10:21:08 | TRACE | Condition OnEnabledPredicate on org.springframework.cloud.gateway.config.GatewayAutoConfiguration#queryRoutePredicateFactory matched
2025-03-07 10:21:08 | TRACE | Condition OnEnabledPredicate on org.springframework.cloud.gateway.config.GatewayAutoConfiguration#readBodyPredicateFactory matched
2025-03-07 10:21:08 | TRACE | Condition OnEnabledPredicate on org.springframework.cloud.gateway.config.GatewayAutoConfiguration#remoteAddrRoutePredicateFactory matched
2025-03-07 10:21:08 | TRACE | Condition OnEnabledPredicate on org.springframework.cloud.gateway.config.GatewayAutoConfiguration#xForwardedRemoteAddrRoutePredicateFactory matched
2025-03-07 10:21:08 | TRACE | Condition OnEnabledPredicate on org.springframework.cloud.gateway.config.GatewayAutoConfiguration#weightRoutePredicateFactory matched
2025-03-07 10:21:08 | TRACE | Condition OnEnabledPredicate on org.springframework.cloud.gateway.config.GatewayAutoConfiguration#cloudFoundryRouteServiceRoutePredicateFactory matched
2025-03-07 10:21:08 | TRACE | Condition OnEnabledFilter on org.springframework.cloud.gateway.config.GatewayAutoConfiguration#addRequestHeaderGatewayFilterFactory matched
2025-03-07 10:21:08 | TRACE | Condition OnEnabledFilter on org.springframework.cloud.gateway.config.GatewayAutoConfiguration#addRequestHeadersIfNotPresentGatewayFilterFactory matched
2025-03-07 10:21:08 | TRACE | Condition OnEnabledFilter on org.springframework.cloud.gateway.config.GatewayAutoConfiguration#mapRequestHeaderGatewayFilterFactory matched
2025-03-07 10:21:08 | TRACE | Condition OnEnabledFilter on org.springframework.cloud.gateway.config.GatewayAutoConfiguration#addRequestParameterGatewayFilterFactory matched
2025-03-07 10:21:08 | TRACE | Condition OnEnabledFilter on org.springframework.cloud.gateway.config.GatewayAutoConfiguration#addResponseHeaderGatewayFilterFactory matched
2025-03-07 10:21:08 | TRACE | Condition OnEnabledFilter on org.springframework.cloud.gateway.config.GatewayAutoConfiguration#modifyRequestBodyGatewayFilterFactory matched
2025-03-07 10:21:08 | TRACE | Condition OnEnabledFilter on org.springframework.cloud.gateway.config.GatewayAutoConfiguration#dedupeResponseHeaderGatewayFilterFactory matched
2025-03-07 10:21:08 | TRACE | Condition OnEnabledFilter on org.springframework.cloud.gateway.config.GatewayAutoConfiguration#modifyResponseBodyGatewayFilterFactory matched
2025-03-07 10:21:08 | TRACE | Condition OnEnabledFilter on org.springframework.cloud.gateway.config.GatewayAutoConfiguration#cacheRequestBodyGatewayFilterFactory matched
2025-03-07 10:21:08 | TRACE | Condition OnEnabledFilter on org.springframework.cloud.gateway.config.GatewayAutoConfiguration#prefixPathGatewayFilterFactory matched
2025-03-07 10:21:08 | TRACE | Condition OnEnabledFilter on org.springframework.cloud.gateway.config.GatewayAutoConfiguration#preserveHostHeaderGatewayFilterFactory matched
2025-03-07 10:21:08 | TRACE | Condition OnEnabledFilter on org.springframework.cloud.gateway.config.GatewayAutoConfiguration#redirectToGatewayFilterFactory matched
2025-03-07 10:21:08 | TRACE | Condition OnEnabledFilter on org.springframework.cloud.gateway.config.GatewayAutoConfiguration#removeJsonAttributesResponseBodyGatewayFilterFactory matched
2025-03-07 10:21:08 | TRACE | Condition OnEnabledFilter on org.springframework.cloud.gateway.config.GatewayAutoConfiguration#removeRequestHeaderGatewayFilterFactory matched
2025-03-07 10:21:08 | TRACE | Condition OnEnabledFilter on org.springframework.cloud.gateway.config.GatewayAutoConfiguration#removeRequestParameterGatewayFilterFactory matched
2025-03-07 10:21:08 | TRACE | Condition OnEnabledFilter on org.springframework.cloud.gateway.config.GatewayAutoConfiguration#removeResponseHeaderGatewayFilterFactory matched
2025-03-07 10:21:08 | TRACE | Condition OnEnabledFilter on org.springframework.cloud.gateway.config.GatewayAutoConfiguration#rewritePathGatewayFilterFactory matched
2025-03-07 10:21:08 | TRACE | Condition OnEnabledFilter on org.springframework.cloud.gateway.config.GatewayAutoConfiguration#retryGatewayFilterFactory matched
2025-03-07 10:21:08 | TRACE | Condition OnEnabledFilter on org.springframework.cloud.gateway.config.GatewayAutoConfiguration#setPathGatewayFilterFactory matched
2025-03-07 10:21:08 | TRACE | Condition OnEnabledFilter on org.springframework.cloud.gateway.config.GatewayAutoConfiguration#secureHeadersGatewayFilterFactory matched
2025-03-07 10:21:08 | TRACE | Condition OnEnabledFilter on org.springframework.cloud.gateway.config.GatewayAutoConfiguration#setRequestHeaderGatewayFilterFactory matched
2025-03-07 10:21:08 | TRACE | Condition OnEnabledFilter on org.springframework.cloud.gateway.config.GatewayAutoConfiguration#setRequestHostHeaderGatewayFilterFactory matched
2025-03-07 10:21:08 | TRACE | Condition OnEnabledFilter on org.springframework.cloud.gateway.config.GatewayAutoConfiguration#setResponseHeaderGatewayFilterFactory matched
2025-03-07 10:21:08 | TRACE | Condition OnEnabledFilter on org.springframework.cloud.gateway.config.GatewayAutoConfiguration#rewriteResponseHeaderGatewayFilterFactory matched
2025-03-07 10:21:08 | TRACE | Condition OnEnabledFilter on org.springframework.cloud.gateway.config.GatewayAutoConfiguration#rewriteLocationResponseHeaderGatewayFilterFactory matched
2025-03-07 10:21:08 | TRACE | Condition OnEnabledFilter on org.springframework.cloud.gateway.config.GatewayAutoConfiguration#setStatusGatewayFilterFactory matched
2025-03-07 10:21:08 | TRACE | Condition OnEnabledFilter on org.springframework.cloud.gateway.config.GatewayAutoConfiguration#saveSessionGatewayFilterFactory matched
2025-03-07 10:21:08 | TRACE | Condition OnEnabledFilter on org.springframework.cloud.gateway.config.GatewayAutoConfiguration#stripPrefixGatewayFilterFactory matched
2025-03-07 10:21:08 | TRACE | Condition OnEnabledFilter on org.springframework.cloud.gateway.config.GatewayAutoConfiguration#requestHeaderToRequestUriGatewayFilterFactory matched
2025-03-07 10:21:08 | TRACE | Condition OnEnabledFilter on org.springframework.cloud.gateway.config.GatewayAutoConfiguration#requestSizeGatewayFilterFactory matched
2025-03-07 10:21:08 | TRACE | Condition OnEnabledFilter on org.springframework.cloud.gateway.config.GatewayAutoConfiguration#requestHeaderSizeGatewayFilterFactory matched
2025-03-07 10:21:08 | TRACE | Condition OnEnabledFilter on org.springframework.cloud.gateway.config.GatewayAutoConfiguration#rewriteRequestParameterGatewayFilterFactory matched
2025-03-07 10:21:08 | INFO  | BeanFactory id=f145e939-0ae0-3fb3-836b-79110b652198
2025-03-07 10:21:08 | INFO  | 

Using generated security password: 660991ff-c39a-4156-837b-0c4a85467b9a

2025-03-07 10:21:09 | DEBUG | Routes supplied from Gateway Properties: [RouteDefinition{id='user-service-route', predicates=[PredicateDefinition{name='Path', args={_genkey_0=/users/**}}], filters=[], uri=http://localhost:8081, order=0, metadata={}, enabled=true}, RouteDefinition{id='wallet-service-route', predicates=[PredicateDefinition{name='Path', args={_genkey_0=/wallets/**}}], filters=[], uri=http://localhost:8082, order=0, metadata={}, enabled=true}]
2025-03-07 10:21:09 | INFO  | Loaded RoutePredicateFactory [After]
2025-03-07 10:21:09 | INFO  | Loaded RoutePredicateFactory [Before]
2025-03-07 10:21:09 | INFO  | Loaded RoutePredicateFactory [Between]
2025-03-07 10:21:09 | INFO  | Loaded RoutePredicateFactory [Cookie]
2025-03-07 10:21:09 | INFO  | Loaded RoutePredicateFactory [Header]
2025-03-07 10:21:09 | INFO  | Loaded RoutePredicateFactory [Host]
2025-03-07 10:21:09 | INFO  | Loaded RoutePredicateFactory [Method]
2025-03-07 10:21:09 | INFO  | Loaded RoutePredicateFactory [Path]
2025-03-07 10:21:09 | INFO  | Loaded RoutePredicateFactory [Query]
2025-03-07 10:21:09 | INFO  | Loaded RoutePredicateFactory [ReadBody]
2025-03-07 10:21:09 | INFO  | Loaded RoutePredicateFactory [RemoteAddr]
2025-03-07 10:21:09 | INFO  | Loaded RoutePredicateFactory [XForwardedRemoteAddr]
2025-03-07 10:21:09 | INFO  | Loaded RoutePredicateFactory [Weight]
2025-03-07 10:21:09 | INFO  | Loaded RoutePredicateFactory [CloudFoundryRouteService]
2025-03-07 10:21:09 | INFO  | Netty started on port 8080 (http)
2025-03-07 10:21:09 | DEBUG | RouteDefinition user-service-route applying {_genkey_0=/users/**} to Path
2025-03-07 10:21:09 | DEBUG | RouteDefinition matched: user-service-route
2025-03-07 10:21:09 | DEBUG | RouteDefinition wallet-service-route applying {_genkey_0=/wallets/**} to Path
2025-03-07 10:21:09 | DEBUG | RouteDefinition matched: wallet-service-route
2025-03-07 10:21:09 | INFO  | Started ApiGatewayApplication in 2.311 seconds (process running for 3.327)
2025-03-07 10:40:05 | TRACE | Weights attr: {}
2025-03-07 10:40:05 | TRACE | Pattern "/users/**" matches against value "/users/api/v1/auth/login"
2025-03-07 10:40:05 | DEBUG | Route matched: user-service-route
2025-03-07 10:40:05 | DEBUG | Mapping [Exchange: POST http://localhost:8080/users/api/v1/auth/login] to Route{id='user-service-route', uri=http://localhost:8081, order=0, predicate=Paths: [/users/**], match trailing slash: true, gatewayFilters=[], metadata={}}
2025-03-07 10:40:05 | DEBUG | [cb89cc38-1] Mapped to org.springframework.cloud.gateway.handler.FilteringWebHandler@f03ee8f
2025-03-07 10:40:05 | DEBUG | Sorted gatewayFilterFactories: [[GatewayFilterAdapter{delegate=org.springframework.cloud.gateway.filter.RemoveCachedBodyFilter@675ec28b}, order = -2147483648], [GatewayFilterAdapter{delegate=org.springframework.cloud.gateway.filter.AdaptCachedBodyGlobalFilter@582dcd35}, order = -2147482648], [GatewayFilterAdapter{delegate=org.springframework.cloud.gateway.filter.NettyWriteResponseFilter@66a82a13}, order = -1], [GatewayFilterAdapter{delegate=org.springframework.cloud.gateway.filter.ForwardPathFilter@46d0f89c}, order = 0], [GatewayFilterAdapter{delegate=org.springframework.cloud.gateway.filter.RouteToRequestUrlFilter@11399548}, order = 10000], [GatewayFilterAdapter{delegate=org.springframework.cloud.gateway.config.GatewayNoLoadBalancerClientAutoConfiguration$NoLoadBalancerClientFilter@a457c2b}, order = 10150], [GatewayFilterAdapter{delegate=org.springframework.cloud.gateway.filter.WebsocketRoutingFilter@570b2057}, order = 2147483646], [GatewayFilterAdapter{delegate=org.springframework.cloud.gateway.filter.NettyRoutingFilter@43e8f1c}, order = 2147483647], [GatewayFilterAdapter{delegate=org.springframework.cloud.gateway.filter.ForwardRoutingFilter@610fbe1c}, order = 2147483647]]
2025-03-07 10:40:05 | TRACE | RouteToRequestUrlFilter start
2025-03-07 10:40:05 | TRACE | outbound route: 750c21a0, inbound: [cb89cc38-1] 
2025-03-07 10:40:08 | TRACE | NettyWriteResponseFilter start inbound: 750c21a0, outbound: [cb89cc38-1] 
2025-03-07 10:41:19 | TRACE | Weights attr: {}
2025-03-07 10:41:19 | TRACE | Pattern "/users/**" matches against value "/users/api/v1/auth/logout"
2025-03-07 10:41:19 | DEBUG | Route matched: user-service-route
2025-03-07 10:41:19 | DEBUG | Mapping [Exchange: POST http://localhost:8080/users/api/v1/auth/logout] to Route{id='user-service-route', uri=http://localhost:8081, order=0, predicate=Paths: [/users/**], match trailing slash: true, gatewayFilters=[], metadata={}}
2025-03-07 10:41:19 | DEBUG | [e73849c3-2] Mapped to org.springframework.cloud.gateway.handler.FilteringWebHandler@f03ee8f
2025-03-07 10:41:19 | DEBUG | Sorted gatewayFilterFactories: [[GatewayFilterAdapter{delegate=org.springframework.cloud.gateway.filter.RemoveCachedBodyFilter@675ec28b}, order = -2147483648], [GatewayFilterAdapter{delegate=org.springframework.cloud.gateway.filter.AdaptCachedBodyGlobalFilter@582dcd35}, order = -2147482648], [GatewayFilterAdapter{delegate=org.springframework.cloud.gateway.filter.NettyWriteResponseFilter@66a82a13}, order = -1], [GatewayFilterAdapter{delegate=org.springframework.cloud.gateway.filter.ForwardPathFilter@46d0f89c}, order = 0], [GatewayFilterAdapter{delegate=org.springframework.cloud.gateway.filter.RouteToRequestUrlFilter@11399548}, order = 10000], [GatewayFilterAdapter{delegate=org.springframework.cloud.gateway.config.GatewayNoLoadBalancerClientAutoConfiguration$NoLoadBalancerClientFilter@a457c2b}, order = 10150], [GatewayFilterAdapter{delegate=org.springframework.cloud.gateway.filter.WebsocketRoutingFilter@570b2057}, order = 2147483646], [GatewayFilterAdapter{delegate=org.springframework.cloud.gateway.filter.NettyRoutingFilter@43e8f1c}, order = 2147483647], [GatewayFilterAdapter{delegate=org.springframework.cloud.gateway.filter.ForwardRoutingFilter@610fbe1c}, order = 2147483647]]
2025-03-07 10:41:19 | TRACE | RouteToRequestUrlFilter start
2025-03-07 10:41:19 | TRACE | outbound route: 46789aa7, inbound: [e73849c3-2] 
2025-03-07 10:41:25 | TRACE | NettyWriteResponseFilter start inbound: 46789aa7, outbound: [e73849c3-2] 
2025-03-07 10:42:19 | TRACE | Weights attr: {}
2025-03-07 10:42:19 | TRACE | Pattern "/users/**" matches against value "/users/api/v1/auth/login"
2025-03-07 10:42:19 | DEBUG | Route matched: user-service-route
2025-03-07 10:42:19 | DEBUG | Mapping [Exchange: POST http://localhost:8080/users/api/v1/auth/login] to Route{id='user-service-route', uri=http://localhost:8081, order=0, predicate=Paths: [/users/**], match trailing slash: true, gatewayFilters=[], metadata={}}
2025-03-07 10:42:19 | DEBUG | [e73849c3-3] Mapped to org.springframework.cloud.gateway.handler.FilteringWebHandler@f03ee8f
2025-03-07 10:42:19 | DEBUG | Sorted gatewayFilterFactories: [[GatewayFilterAdapter{delegate=org.springframework.cloud.gateway.filter.RemoveCachedBodyFilter@675ec28b}, order = -2147483648], [GatewayFilterAdapter{delegate=org.springframework.cloud.gateway.filter.AdaptCachedBodyGlobalFilter@582dcd35}, order = -2147482648], [GatewayFilterAdapter{delegate=org.springframework.cloud.gateway.filter.NettyWriteResponseFilter@66a82a13}, order = -1], [GatewayFilterAdapter{delegate=org.springframework.cloud.gateway.filter.ForwardPathFilter@46d0f89c}, order = 0], [GatewayFilterAdapter{delegate=org.springframework.cloud.gateway.filter.RouteToRequestUrlFilter@11399548}, order = 10000], [GatewayFilterAdapter{delegate=org.springframework.cloud.gateway.config.GatewayNoLoadBalancerClientAutoConfiguration$NoLoadBalancerClientFilter@a457c2b}, order = 10150], [GatewayFilterAdapter{delegate=org.springframework.cloud.gateway.filter.WebsocketRoutingFilter@570b2057}, order = 2147483646], [GatewayFilterAdapter{delegate=org.springframework.cloud.gateway.filter.NettyRoutingFilter@43e8f1c}, order = 2147483647], [GatewayFilterAdapter{delegate=org.springframework.cloud.gateway.filter.ForwardRoutingFilter@610fbe1c}, order = 2147483647]]
2025-03-07 10:42:19 | TRACE | RouteToRequestUrlFilter start
2025-03-07 10:42:19 | TRACE | outbound route: 46789aa7, inbound: [e73849c3-3] 
2025-03-07 10:42:21 | TRACE | NettyWriteResponseFilter start inbound: 46789aa7, outbound: [e73849c3-3] 
2025-03-07 10:45:23 | INFO  | Commencing graceful shutdown. Waiting for active requests to complete
2025-03-07 10:45:23 | INFO  | Graceful shutdown complete
2025-03-07 10:45:40 | INFO  | HV000001: Hibernate Validator 8.0.2.Final
2025-03-07 10:45:40 | INFO  | Starting ApiGatewayApplication using Java 22.0.2 with PID 23048 (E:\HTPT\Hybrid Blockchain-Based Stock Trading Platform with Arbitrage Bot\BE\API-gateway\target\classes started by DELL in E:\HTPT\Hybrid Blockchain-Based Stock Trading Platform with Arbitrage Bot)
2025-03-07 10:45:40 | DEBUG | Running with Spring Boot v3.4.3, Spring v6.2.3
2025-03-07 10:45:40 | INFO  | The following 1 profile is active: "local"
2025-03-07 10:45:40 | TRACE | Condition OnEnabledGlobalFilter on org.springframework.cloud.gateway.config.GatewayAutoConfiguration$NettyConfiguration#routingFilter matched
2025-03-07 10:45:40 | TRACE | Condition OnEnabledGlobalFilter on org.springframework.cloud.gateway.config.GatewayAutoConfiguration$NettyConfiguration#nettyWriteResponseFilter matched
2025-03-07 10:45:40 | TRACE | Condition OnEnabledGlobalFilter on org.springframework.cloud.gateway.config.GatewayAutoConfiguration$NettyConfiguration#reactorNettyWebSocketClient matched
2025-03-07 10:45:40 | TRACE | Condition OnEnabledGlobalFilter on org.springframework.cloud.gateway.config.GatewayAutoConfiguration$NettyConfiguration#reactorNettyRequestUpgradeStrategy matched
2025-03-07 10:45:40 | TRACE | Condition OnEnabledGlobalFilter on org.springframework.cloud.gateway.config.GatewayAutoConfiguration#adaptCachedBodyGlobalFilter matched
2025-03-07 10:45:40 | TRACE | Condition OnEnabledGlobalFilter on org.springframework.cloud.gateway.config.GatewayAutoConfiguration#removeCachedBodyFilter matched
2025-03-07 10:45:40 | TRACE | Condition OnEnabledGlobalFilter on org.springframework.cloud.gateway.config.GatewayAutoConfiguration#routeToRequestUrlFilter matched
2025-03-07 10:45:40 | TRACE | Condition OnEnabledGlobalFilter on org.springframework.cloud.gateway.config.GatewayAutoConfiguration#forwardRoutingFilter matched
2025-03-07 10:45:40 | TRACE | Condition OnEnabledGlobalFilter on org.springframework.cloud.gateway.config.GatewayAutoConfiguration#forwardPathFilter matched
2025-03-07 10:45:40 | TRACE | Condition OnEnabledGlobalFilter on org.springframework.cloud.gateway.config.GatewayAutoConfiguration#webSocketService matched
2025-03-07 10:45:40 | TRACE | Condition OnEnabledGlobalFilter on org.springframework.cloud.gateway.config.GatewayAutoConfiguration#websocketRoutingFilter matched
2025-03-07 10:45:40 | TRACE | Condition OnEnabledPredicate on org.springframework.cloud.gateway.config.GatewayAutoConfiguration#weightCalculatorWebFilter matched
2025-03-07 10:45:40 | TRACE | Condition OnEnabledPredicate on org.springframework.cloud.gateway.config.GatewayAutoConfiguration#afterRoutePredicateFactory matched
2025-03-07 10:45:40 | TRACE | Condition OnEnabledPredicate on org.springframework.cloud.gateway.config.GatewayAutoConfiguration#beforeRoutePredicateFactory matched
2025-03-07 10:45:40 | TRACE | Condition OnEnabledPredicate on org.springframework.cloud.gateway.config.GatewayAutoConfiguration#betweenRoutePredicateFactory matched
2025-03-07 10:45:40 | TRACE | Condition OnEnabledPredicate on org.springframework.cloud.gateway.config.GatewayAutoConfiguration#cookieRoutePredicateFactory matched
2025-03-07 10:45:40 | TRACE | Condition OnEnabledPredicate on org.springframework.cloud.gateway.config.GatewayAutoConfiguration#headerRoutePredicateFactory matched
2025-03-07 10:45:40 | TRACE | Condition OnEnabledPredicate on org.springframework.cloud.gateway.config.GatewayAutoConfiguration#hostRoutePredicateFactory matched
2025-03-07 10:45:40 | TRACE | Condition OnEnabledPredicate on org.springframework.cloud.gateway.config.GatewayAutoConfiguration#methodRoutePredicateFactory matched
2025-03-07 10:45:40 | TRACE | Condition OnEnabledPredicate on org.springframework.cloud.gateway.config.GatewayAutoConfiguration#pathRoutePredicateFactory matched
2025-03-07 10:45:40 | TRACE | Condition OnEnabledPredicate on org.springframework.cloud.gateway.config.GatewayAutoConfiguration#queryRoutePredicateFactory matched
2025-03-07 10:45:40 | TRACE | Condition OnEnabledPredicate on org.springframework.cloud.gateway.config.GatewayAutoConfiguration#readBodyPredicateFactory matched
2025-03-07 10:45:40 | TRACE | Condition OnEnabledPredicate on org.springframework.cloud.gateway.config.GatewayAutoConfiguration#remoteAddrRoutePredicateFactory matched
2025-03-07 10:45:40 | TRACE | Condition OnEnabledPredicate on org.springframework.cloud.gateway.config.GatewayAutoConfiguration#xForwardedRemoteAddrRoutePredicateFactory matched
2025-03-07 10:45:40 | TRACE | Condition OnEnabledPredicate on org.springframework.cloud.gateway.config.GatewayAutoConfiguration#weightRoutePredicateFactory matched
2025-03-07 10:45:40 | TRACE | Condition OnEnabledPredicate on org.springframework.cloud.gateway.config.GatewayAutoConfiguration#cloudFoundryRouteServiceRoutePredicateFactory matched
2025-03-07 10:45:40 | TRACE | Condition OnEnabledFilter on org.springframework.cloud.gateway.config.GatewayAutoConfiguration#addRequestHeaderGatewayFilterFactory matched
2025-03-07 10:45:40 | TRACE | Condition OnEnabledFilter on org.springframework.cloud.gateway.config.GatewayAutoConfiguration#addRequestHeadersIfNotPresentGatewayFilterFactory matched
2025-03-07 10:45:40 | TRACE | Condition OnEnabledFilter on org.springframework.cloud.gateway.config.GatewayAutoConfiguration#mapRequestHeaderGatewayFilterFactory matched
2025-03-07 10:45:40 | TRACE | Condition OnEnabledFilter on org.springframework.cloud.gateway.config.GatewayAutoConfiguration#addRequestParameterGatewayFilterFactory matched
2025-03-07 10:45:40 | TRACE | Condition OnEnabledFilter on org.springframework.cloud.gateway.config.GatewayAutoConfiguration#addResponseHeaderGatewayFilterFactory matched
2025-03-07 10:45:40 | TRACE | Condition OnEnabledFilter on org.springframework.cloud.gateway.config.GatewayAutoConfiguration#modifyRequestBodyGatewayFilterFactory matched
2025-03-07 10:45:40 | TRACE | Condition OnEnabledFilter on org.springframework.cloud.gateway.config.GatewayAutoConfiguration#dedupeResponseHeaderGatewayFilterFactory matched
2025-03-07 10:45:40 | TRACE | Condition OnEnabledFilter on org.springframework.cloud.gateway.config.GatewayAutoConfiguration#modifyResponseBodyGatewayFilterFactory matched
2025-03-07 10:45:40 | TRACE | Condition OnEnabledFilter on org.springframework.cloud.gateway.config.GatewayAutoConfiguration#cacheRequestBodyGatewayFilterFactory matched
2025-03-07 10:45:40 | TRACE | Condition OnEnabledFilter on org.springframework.cloud.gateway.config.GatewayAutoConfiguration#prefixPathGatewayFilterFactory matched
2025-03-07 10:45:40 | TRACE | Condition OnEnabledFilter on org.springframework.cloud.gateway.config.GatewayAutoConfiguration#preserveHostHeaderGatewayFilterFactory matched
2025-03-07 10:45:40 | TRACE | Condition OnEnabledFilter on org.springframework.cloud.gateway.config.GatewayAutoConfiguration#redirectToGatewayFilterFactory matched
2025-03-07 10:45:40 | TRACE | Condition OnEnabledFilter on org.springframework.cloud.gateway.config.GatewayAutoConfiguration#removeJsonAttributesResponseBodyGatewayFilterFactory matched
2025-03-07 10:45:40 | TRACE | Condition OnEnabledFilter on org.springframework.cloud.gateway.config.GatewayAutoConfiguration#removeRequestHeaderGatewayFilterFactory matched
2025-03-07 10:45:40 | TRACE | Condition OnEnabledFilter on org.springframework.cloud.gateway.config.GatewayAutoConfiguration#removeRequestParameterGatewayFilterFactory matched
2025-03-07 10:45:40 | TRACE | Condition OnEnabledFilter on org.springframework.cloud.gateway.config.GatewayAutoConfiguration#removeResponseHeaderGatewayFilterFactory matched
2025-03-07 10:45:40 | TRACE | Condition OnEnabledFilter on org.springframework.cloud.gateway.config.GatewayAutoConfiguration#rewritePathGatewayFilterFactory matched
2025-03-07 10:45:40 | TRACE | Condition OnEnabledFilter on org.springframework.cloud.gateway.config.GatewayAutoConfiguration#retryGatewayFilterFactory matched
2025-03-07 10:45:40 | TRACE | Condition OnEnabledFilter on org.springframework.cloud.gateway.config.GatewayAutoConfiguration#setPathGatewayFilterFactory matched
2025-03-07 10:45:40 | TRACE | Condition OnEnabledFilter on org.springframework.cloud.gateway.config.GatewayAutoConfiguration#secureHeadersGatewayFilterFactory matched
2025-03-07 10:45:40 | TRACE | Condition OnEnabledFilter on org.springframework.cloud.gateway.config.GatewayAutoConfiguration#setRequestHeaderGatewayFilterFactory matched
2025-03-07 10:45:40 | TRACE | Condition OnEnabledFilter on org.springframework.cloud.gateway.config.GatewayAutoConfiguration#setRequestHostHeaderGatewayFilterFactory matched
2025-03-07 10:45:40 | TRACE | Condition OnEnabledFilter on org.springframework.cloud.gateway.config.GatewayAutoConfiguration#setResponseHeaderGatewayFilterFactory matched
2025-03-07 10:45:40 | TRACE | Condition OnEnabledFilter on org.springframework.cloud.gateway.config.GatewayAutoConfiguration#rewriteResponseHeaderGatewayFilterFactory matched
2025-03-07 10:45:40 | TRACE | Condition OnEnabledFilter on org.springframework.cloud.gateway.config.GatewayAutoConfiguration#rewriteLocationResponseHeaderGatewayFilterFactory matched
2025-03-07 10:45:40 | TRACE | Condition OnEnabledFilter on org.springframework.cloud.gateway.config.GatewayAutoConfiguration#setStatusGatewayFilterFactory matched
2025-03-07 10:45:40 | TRACE | Condition OnEnabledFilter on org.springframework.cloud.gateway.config.GatewayAutoConfiguration#saveSessionGatewayFilterFactory matched
2025-03-07 10:45:40 | TRACE | Condition OnEnabledFilter on org.springframework.cloud.gateway.config.GatewayAutoConfiguration#stripPrefixGatewayFilterFactory matched
2025-03-07 10:45:40 | TRACE | Condition OnEnabledFilter on org.springframework.cloud.gateway.config.GatewayAutoConfiguration#requestHeaderToRequestUriGatewayFilterFactory matched
2025-03-07 10:45:40 | TRACE | Condition OnEnabledFilter on org.springframework.cloud.gateway.config.GatewayAutoConfiguration#requestSizeGatewayFilterFactory matched
2025-03-07 10:45:40 | TRACE | Condition OnEnabledFilter on org.springframework.cloud.gateway.config.GatewayAutoConfiguration#requestHeaderSizeGatewayFilterFactory matched
2025-03-07 10:45:40 | TRACE | Condition OnEnabledFilter on org.springframework.cloud.gateway.config.GatewayAutoConfiguration#rewriteRequestParameterGatewayFilterFactory matched
2025-03-07 10:45:40 | INFO  | BeanFactory id=a3daf659-2646-3a71-b69e-4883e34a50dd
2025-03-07 10:45:41 | INFO  | 

Using generated security password: 38b6e695-1d6d-4403-bc26-ccd0c456220f

2025-03-07 10:45:41 | DEBUG | Routes supplied from Gateway Properties: [RouteDefinition{id='user-service-route', predicates=[PredicateDefinition{name='Path', args={_genkey_0=/users/**}}], filters=[], uri=http://localhost:8081, order=0, metadata={}, enabled=true}, RouteDefinition{id='wallet-service-route', predicates=[PredicateDefinition{name='Path', args={_genkey_0=/wallets/**}}], filters=[], uri=http://localhost:8082, order=0, metadata={}, enabled=true}]
2025-03-07 10:45:41 | INFO  | Loaded RoutePredicateFactory [After]
2025-03-07 10:45:41 | INFO  | Loaded RoutePredicateFactory [Before]
2025-03-07 10:45:41 | INFO  | Loaded RoutePredicateFactory [Between]
2025-03-07 10:45:41 | INFO  | Loaded RoutePredicateFactory [Cookie]
2025-03-07 10:45:41 | INFO  | Loaded RoutePredicateFactory [Header]
2025-03-07 10:45:41 | INFO  | Loaded RoutePredicateFactory [Host]
2025-03-07 10:45:41 | INFO  | Loaded RoutePredicateFactory [Method]
2025-03-07 10:45:41 | INFO  | Loaded RoutePredicateFactory [Path]
2025-03-07 10:45:41 | INFO  | Loaded RoutePredicateFactory [Query]
2025-03-07 10:45:41 | INFO  | Loaded RoutePredicateFactory [ReadBody]
2025-03-07 10:45:41 | INFO  | Loaded RoutePredicateFactory [RemoteAddr]
2025-03-07 10:45:41 | INFO  | Loaded RoutePredicateFactory [XForwardedRemoteAddr]
2025-03-07 10:45:41 | INFO  | Loaded RoutePredicateFactory [Weight]
2025-03-07 10:45:41 | INFO  | Loaded RoutePredicateFactory [CloudFoundryRouteService]
2025-03-07 10:45:42 | INFO  | Netty started on port 8080 (http)
2025-03-07 10:45:42 | DEBUG | RouteDefinition user-service-route applying {_genkey_0=/users/**} to Path
2025-03-07 10:45:42 | DEBUG | RouteDefinition matched: user-service-route
2025-03-07 10:45:42 | DEBUG | RouteDefinition wallet-service-route applying {_genkey_0=/wallets/**} to Path
2025-03-07 10:45:42 | DEBUG | RouteDefinition matched: wallet-service-route
2025-03-07 10:45:42 | INFO  | Started ApiGatewayApplication in 2.575 seconds (process running for 12.779)
2025-03-07 10:46:26 | TRACE | Weights attr: {}
2025-03-07 10:46:26 | TRACE | Pattern "/users/**" matches against value "/users/api/v1/auth/login"
2025-03-07 10:46:26 | DEBUG | Route matched: user-service-route
2025-03-07 10:46:26 | DEBUG | Mapping [Exchange: POST http://localhost:8080/users/api/v1/auth/login] to Route{id='user-service-route', uri=http://localhost:8081, order=0, predicate=Paths: [/users/**], match trailing slash: true, gatewayFilters=[], metadata={}}
2025-03-07 10:46:26 | DEBUG | [1b813880-1] Mapped to org.springframework.cloud.gateway.handler.FilteringWebHandler@2eebce87
2025-03-07 10:46:26 | DEBUG | Sorted gatewayFilterFactories: [[GatewayFilterAdapter{delegate=org.springframework.cloud.gateway.filter.RemoveCachedBodyFilter@4438938e}, order = -2147483648], [GatewayFilterAdapter{delegate=org.springframework.cloud.gateway.filter.AdaptCachedBodyGlobalFilter@5773d271}, order = -2147482648], [GatewayFilterAdapter{delegate=org.springframework.cloud.gateway.filter.NettyWriteResponseFilter@615e83ac}, order = -1], [GatewayFilterAdapter{delegate=org.springframework.cloud.gateway.filter.ForwardPathFilter@9be7319}, order = 0], [GatewayFilterAdapter{delegate=org.springframework.cloud.gateway.filter.RouteToRequestUrlFilter@4e50ae56}, order = 10000], [GatewayFilterAdapter{delegate=org.springframework.cloud.gateway.config.GatewayNoLoadBalancerClientAutoConfiguration$NoLoadBalancerClientFilter@42730828}, order = 10150], [GatewayFilterAdapter{delegate=org.springframework.cloud.gateway.filter.WebsocketRoutingFilter@91a2543}, order = 2147483646], [GatewayFilterAdapter{delegate=org.springframework.cloud.gateway.filter.NettyRoutingFilter@7404ddca}, order = 2147483647], [GatewayFilterAdapter{delegate=org.springframework.cloud.gateway.filter.ForwardRoutingFilter@1c68d0db}, order = 2147483647]]
2025-03-07 10:46:26 | TRACE | RouteToRequestUrlFilter start
2025-03-07 10:46:26 | TRACE | outbound route: 5453be44, inbound: [1b813880-1] 
2025-03-07 10:46:28 | TRACE | NettyWriteResponseFilter start inbound: 5453be44, outbound: [1b813880-1] 
2025-03-07 10:46:28 | INFO  | POST /users/api/v1/auth/login | IP: 0:0:0:0:0:0:0:1 | Status: 200 | Time: 7398ms
2025-03-07 10:52:09 | INFO  | Commencing graceful shutdown. Waiting for active requests to complete
2025-03-07 10:52:09 | INFO  | Graceful shutdown complete
2025-03-07 10:52:14 | INFO  | HV000001: Hibernate Validator 8.0.2.Final
2025-03-07 10:52:14 | INFO  | Starting ApiGatewayApplication using Java 22.0.2 with PID 18696 (E:\HTPT\Hybrid Blockchain-Based Stock Trading Platform with Arbitrage Bot\BE\API-gateway\target\classes started by DELL in E:\HTPT\Hybrid Blockchain-Based Stock Trading Platform with Arbitrage Bot)
2025-03-07 10:52:14 | DEBUG | Running with Spring Boot v3.4.3, Spring v6.2.3
2025-03-07 10:52:14 | INFO  | The following 1 profile is active: "local"
2025-03-07 10:52:14 | TRACE | Condition OnEnabledGlobalFilter on org.springframework.cloud.gateway.config.GatewayAutoConfiguration$NettyConfiguration#routingFilter matched
2025-03-07 10:52:14 | TRACE | Condition OnEnabledGlobalFilter on org.springframework.cloud.gateway.config.GatewayAutoConfiguration$NettyConfiguration#nettyWriteResponseFilter matched
2025-03-07 10:52:14 | TRACE | Condition OnEnabledGlobalFilter on org.springframework.cloud.gateway.config.GatewayAutoConfiguration$NettyConfiguration#reactorNettyWebSocketClient matched
2025-03-07 10:52:14 | TRACE | Condition OnEnabledGlobalFilter on org.springframework.cloud.gateway.config.GatewayAutoConfiguration$NettyConfiguration#reactorNettyRequestUpgradeStrategy matched
2025-03-07 10:52:14 | TRACE | Condition OnEnabledGlobalFilter on org.springframework.cloud.gateway.config.GatewayAutoConfiguration#adaptCachedBodyGlobalFilter matched
2025-03-07 10:52:14 | TRACE | Condition OnEnabledGlobalFilter on org.springframework.cloud.gateway.config.GatewayAutoConfiguration#removeCachedBodyFilter matched
2025-03-07 10:52:14 | TRACE | Condition OnEnabledGlobalFilter on org.springframework.cloud.gateway.config.GatewayAutoConfiguration#routeToRequestUrlFilter matched
2025-03-07 10:52:14 | TRACE | Condition OnEnabledGlobalFilter on org.springframework.cloud.gateway.config.GatewayAutoConfiguration#forwardRoutingFilter matched
2025-03-07 10:52:14 | TRACE | Condition OnEnabledGlobalFilter on org.springframework.cloud.gateway.config.GatewayAutoConfiguration#forwardPathFilter matched
2025-03-07 10:52:14 | TRACE | Condition OnEnabledGlobalFilter on org.springframework.cloud.gateway.config.GatewayAutoConfiguration#webSocketService matched
2025-03-07 10:52:14 | TRACE | Condition OnEnabledGlobalFilter on org.springframework.cloud.gateway.config.GatewayAutoConfiguration#websocketRoutingFilter matched
2025-03-07 10:52:14 | TRACE | Condition OnEnabledPredicate on org.springframework.cloud.gateway.config.GatewayAutoConfiguration#weightCalculatorWebFilter matched
2025-03-07 10:52:14 | TRACE | Condition OnEnabledPredicate on org.springframework.cloud.gateway.config.GatewayAutoConfiguration#afterRoutePredicateFactory matched
2025-03-07 10:52:14 | TRACE | Condition OnEnabledPredicate on org.springframework.cloud.gateway.config.GatewayAutoConfiguration#beforeRoutePredicateFactory matched
2025-03-07 10:52:14 | TRACE | Condition OnEnabledPredicate on org.springframework.cloud.gateway.config.GatewayAutoConfiguration#betweenRoutePredicateFactory matched
2025-03-07 10:52:14 | TRACE | Condition OnEnabledPredicate on org.springframework.cloud.gateway.config.GatewayAutoConfiguration#cookieRoutePredicateFactory matched
2025-03-07 10:52:14 | TRACE | Condition OnEnabledPredicate on org.springframework.cloud.gateway.config.GatewayAutoConfiguration#headerRoutePredicateFactory matched
2025-03-07 10:52:14 | TRACE | Condition OnEnabledPredicate on org.springframework.cloud.gateway.config.GatewayAutoConfiguration#hostRoutePredicateFactory matched
2025-03-07 10:52:14 | TRACE | Condition OnEnabledPredicate on org.springframework.cloud.gateway.config.GatewayAutoConfiguration#methodRoutePredicateFactory matched
2025-03-07 10:52:14 | TRACE | Condition OnEnabledPredicate on org.springframework.cloud.gateway.config.GatewayAutoConfiguration#pathRoutePredicateFactory matched
2025-03-07 10:52:14 | TRACE | Condition OnEnabledPredicate on org.springframework.cloud.gateway.config.GatewayAutoConfiguration#queryRoutePredicateFactory matched
2025-03-07 10:52:14 | TRACE | Condition OnEnabledPredicate on org.springframework.cloud.gateway.config.GatewayAutoConfiguration#readBodyPredicateFactory matched
2025-03-07 10:52:14 | TRACE | Condition OnEnabledPredicate on org.springframework.cloud.gateway.config.GatewayAutoConfiguration#remoteAddrRoutePredicateFactory matched
2025-03-07 10:52:14 | TRACE | Condition OnEnabledPredicate on org.springframework.cloud.gateway.config.GatewayAutoConfiguration#xForwardedRemoteAddrRoutePredicateFactory matched
2025-03-07 10:52:14 | TRACE | Condition OnEnabledPredicate on org.springframework.cloud.gateway.config.GatewayAutoConfiguration#weightRoutePredicateFactory matched
2025-03-07 10:52:14 | TRACE | Condition OnEnabledPredicate on org.springframework.cloud.gateway.config.GatewayAutoConfiguration#cloudFoundryRouteServiceRoutePredicateFactory matched
2025-03-07 10:52:14 | TRACE | Condition OnEnabledFilter on org.springframework.cloud.gateway.config.GatewayAutoConfiguration#addRequestHeaderGatewayFilterFactory matched
2025-03-07 10:52:14 | TRACE | Condition OnEnabledFilter on org.springframework.cloud.gateway.config.GatewayAutoConfiguration#addRequestHeadersIfNotPresentGatewayFilterFactory matched
2025-03-07 10:52:14 | TRACE | Condition OnEnabledFilter on org.springframework.cloud.gateway.config.GatewayAutoConfiguration#mapRequestHeaderGatewayFilterFactory matched
2025-03-07 10:52:14 | TRACE | Condition OnEnabledFilter on org.springframework.cloud.gateway.config.GatewayAutoConfiguration#addRequestParameterGatewayFilterFactory matched
2025-03-07 10:52:14 | TRACE | Condition OnEnabledFilter on org.springframework.cloud.gateway.config.GatewayAutoConfiguration#addResponseHeaderGatewayFilterFactory matched
2025-03-07 10:52:14 | TRACE | Condition OnEnabledFilter on org.springframework.cloud.gateway.config.GatewayAutoConfiguration#modifyRequestBodyGatewayFilterFactory matched
2025-03-07 10:52:14 | TRACE | Condition OnEnabledFilter on org.springframework.cloud.gateway.config.GatewayAutoConfiguration#dedupeResponseHeaderGatewayFilterFactory matched
2025-03-07 10:52:14 | TRACE | Condition OnEnabledFilter on org.springframework.cloud.gateway.config.GatewayAutoConfiguration#modifyResponseBodyGatewayFilterFactory matched
2025-03-07 10:52:14 | TRACE | Condition OnEnabledFilter on org.springframework.cloud.gateway.config.GatewayAutoConfiguration#cacheRequestBodyGatewayFilterFactory matched
2025-03-07 10:52:14 | TRACE | Condition OnEnabledFilter on org.springframework.cloud.gateway.config.GatewayAutoConfiguration#prefixPathGatewayFilterFactory matched
2025-03-07 10:52:14 | TRACE | Condition OnEnabledFilter on org.springframework.cloud.gateway.config.GatewayAutoConfiguration#preserveHostHeaderGatewayFilterFactory matched
2025-03-07 10:52:14 | TRACE | Condition OnEnabledFilter on org.springframework.cloud.gateway.config.GatewayAutoConfiguration#redirectToGatewayFilterFactory matched
2025-03-07 10:52:14 | TRACE | Condition OnEnabledFilter on org.springframework.cloud.gateway.config.GatewayAutoConfiguration#removeJsonAttributesResponseBodyGatewayFilterFactory matched
2025-03-07 10:52:14 | TRACE | Condition OnEnabledFilter on org.springframework.cloud.gateway.config.GatewayAutoConfiguration#removeRequestHeaderGatewayFilterFactory matched
2025-03-07 10:52:14 | TRACE | Condition OnEnabledFilter on org.springframework.cloud.gateway.config.GatewayAutoConfiguration#removeRequestParameterGatewayFilterFactory matched
2025-03-07 10:52:14 | TRACE | Condition OnEnabledFilter on org.springframework.cloud.gateway.config.GatewayAutoConfiguration#removeResponseHeaderGatewayFilterFactory matched
2025-03-07 10:52:14 | TRACE | Condition OnEnabledFilter on org.springframework.cloud.gateway.config.GatewayAutoConfiguration#rewritePathGatewayFilterFactory matched
2025-03-07 10:52:14 | TRACE | Condition OnEnabledFilter on org.springframework.cloud.gateway.config.GatewayAutoConfiguration#retryGatewayFilterFactory matched
2025-03-07 10:52:14 | TRACE | Condition OnEnabledFilter on org.springframework.cloud.gateway.config.GatewayAutoConfiguration#setPathGatewayFilterFactory matched
2025-03-07 10:52:14 | TRACE | Condition OnEnabledFilter on org.springframework.cloud.gateway.config.GatewayAutoConfiguration#secureHeadersGatewayFilterFactory matched
2025-03-07 10:52:14 | TRACE | Condition OnEnabledFilter on org.springframework.cloud.gateway.config.GatewayAutoConfiguration#setRequestHeaderGatewayFilterFactory matched
2025-03-07 10:52:14 | TRACE | Condition OnEnabledFilter on org.springframework.cloud.gateway.config.GatewayAutoConfiguration#setRequestHostHeaderGatewayFilterFactory matched
2025-03-07 10:52:14 | TRACE | Condition OnEnabledFilter on org.springframework.cloud.gateway.config.GatewayAutoConfiguration#setResponseHeaderGatewayFilterFactory matched
2025-03-07 10:52:14 | TRACE | Condition OnEnabledFilter on org.springframework.cloud.gateway.config.GatewayAutoConfiguration#rewriteResponseHeaderGatewayFilterFactory matched
2025-03-07 10:52:14 | TRACE | Condition OnEnabledFilter on org.springframework.cloud.gateway.config.GatewayAutoConfiguration#rewriteLocationResponseHeaderGatewayFilterFactory matched
2025-03-07 10:52:14 | TRACE | Condition OnEnabledFilter on org.springframework.cloud.gateway.config.GatewayAutoConfiguration#setStatusGatewayFilterFactory matched
2025-03-07 10:52:14 | TRACE | Condition OnEnabledFilter on org.springframework.cloud.gateway.config.GatewayAutoConfiguration#saveSessionGatewayFilterFactory matched
2025-03-07 10:52:14 | TRACE | Condition OnEnabledFilter on org.springframework.cloud.gateway.config.GatewayAutoConfiguration#stripPrefixGatewayFilterFactory matched
2025-03-07 10:52:14 | TRACE | Condition OnEnabledFilter on org.springframework.cloud.gateway.config.GatewayAutoConfiguration#requestHeaderToRequestUriGatewayFilterFactory matched
2025-03-07 10:52:14 | TRACE | Condition OnEnabledFilter on org.springframework.cloud.gateway.config.GatewayAutoConfiguration#requestSizeGatewayFilterFactory matched
2025-03-07 10:52:14 | TRACE | Condition OnEnabledFilter on org.springframework.cloud.gateway.config.GatewayAutoConfiguration#requestHeaderSizeGatewayFilterFactory matched
2025-03-07 10:52:14 | TRACE | Condition OnEnabledFilter on org.springframework.cloud.gateway.config.GatewayAutoConfiguration#rewriteRequestParameterGatewayFilterFactory matched
2025-03-07 10:52:15 | INFO  | BeanFactory id=a3daf659-2646-3a71-b69e-4883e34a50dd
2025-03-07 10:52:15 | INFO  | 

Using generated security password: 22a35e61-14ca-419a-9be1-464996543599

2025-03-07 10:52:15 | DEBUG | Routes supplied from Gateway Properties: [RouteDefinition{id='user-service-route', predicates=[PredicateDefinition{name='Path', args={_genkey_0=/users/**}}], filters=[], uri=http://localhost:8081, order=0, metadata={}, enabled=true}, RouteDefinition{id='wallet-service-route', predicates=[PredicateDefinition{name='Path', args={_genkey_0=/wallets/**}}], filters=[], uri=http://localhost:8082, order=0, metadata={}, enabled=true}]
2025-03-07 10:52:15 | INFO  | Loaded RoutePredicateFactory [After]
2025-03-07 10:52:15 | INFO  | Loaded RoutePredicateFactory [Before]
2025-03-07 10:52:15 | INFO  | Loaded RoutePredicateFactory [Between]
2025-03-07 10:52:15 | INFO  | Loaded RoutePredicateFactory [Cookie]
2025-03-07 10:52:15 | INFO  | Loaded RoutePredicateFactory [Header]
2025-03-07 10:52:15 | INFO  | Loaded RoutePredicateFactory [Host]
2025-03-07 10:52:15 | INFO  | Loaded RoutePredicateFactory [Method]
2025-03-07 10:52:15 | INFO  | Loaded RoutePredicateFactory [Path]
2025-03-07 10:52:15 | INFO  | Loaded RoutePredicateFactory [Query]
2025-03-07 10:52:15 | INFO  | Loaded RoutePredicateFactory [ReadBody]
2025-03-07 10:52:15 | INFO  | Loaded RoutePredicateFactory [RemoteAddr]
2025-03-07 10:52:15 | INFO  | Loaded RoutePredicateFactory [XForwardedRemoteAddr]
2025-03-07 10:52:15 | INFO  | Loaded RoutePredicateFactory [Weight]
2025-03-07 10:52:15 | INFO  | Loaded RoutePredicateFactory [CloudFoundryRouteService]
2025-03-07 10:52:16 | INFO  | Netty started on port 8080 (http)
2025-03-07 10:52:16 | DEBUG | RouteDefinition user-service-route applying {_genkey_0=/users/**} to Path
2025-03-07 10:52:16 | DEBUG | RouteDefinition matched: user-service-route
2025-03-07 10:52:16 | DEBUG | RouteDefinition wallet-service-route applying {_genkey_0=/wallets/**} to Path
2025-03-07 10:52:16 | DEBUG | RouteDefinition matched: wallet-service-route
2025-03-07 10:52:16 | INFO  | Started ApiGatewayApplication in 2.081 seconds (process running for 2.992)
2025-03-07 10:54:35 | TRACE | Weights attr: {}
2025-03-07 10:54:35 | TRACE | Pattern "/users/**" matches against value "/users/api/v1/auth/login"
2025-03-07 10:54:35 | DEBUG | Route matched: user-service-route
2025-03-07 10:54:35 | DEBUG | Mapping [Exchange: POST http://localhost:8080/users/api/v1/auth/login] to Route{id='user-service-route', uri=http://localhost:8081, order=0, predicate=Paths: [/users/**], match trailing slash: true, gatewayFilters=[], metadata={}}
2025-03-07 10:54:35 | DEBUG | [7bdeff47-1] Mapped to org.springframework.cloud.gateway.handler.FilteringWebHandler@9be7319
2025-03-07 10:54:35 | DEBUG | Sorted gatewayFilterFactories: [[GatewayFilterAdapter{delegate=org.springframework.cloud.gateway.filter.RemoveCachedBodyFilter@6a7a1a0d}, order = -2147483648], [GatewayFilterAdapter{delegate=org.springframework.cloud.gateway.filter.AdaptCachedBodyGlobalFilter@6eede35e}, order = -2147482648], [GatewayFilterAdapter{delegate=org.springframework.cloud.gateway.filter.NettyWriteResponseFilter@11bfffb3}, order = -1], [GatewayFilterAdapter{delegate=org.springframework.cloud.gateway.filter.ForwardPathFilter@184afb78}, order = 0], [GatewayFilterAdapter{delegate=org.springframework.cloud.gateway.filter.RouteToRequestUrlFilter@1c6e3ff9}, order = 10000], [GatewayFilterAdapter{delegate=org.springframework.cloud.gateway.config.GatewayNoLoadBalancerClientAutoConfiguration$NoLoadBalancerClientFilter@4f26425b}, order = 10150], [GatewayFilterAdapter{delegate=org.springframework.cloud.gateway.filter.WebsocketRoutingFilter@22da200e}, order = 2147483646], [GatewayFilterAdapter{delegate=org.springframework.cloud.gateway.filter.NettyRoutingFilter@58164e9a}, order = 2147483647], [GatewayFilterAdapter{delegate=org.springframework.cloud.gateway.filter.ForwardRoutingFilter@76e6c070}, order = 2147483647]]
2025-03-07 10:54:35 | TRACE | RouteToRequestUrlFilter start
2025-03-07 10:54:35 | TRACE | outbound route: 373ab40c, inbound: [7bdeff47-1] 
2025-03-07 10:54:37 | TRACE | NettyWriteResponseFilter start inbound: 373ab40c, outbound: [7bdeff47-1] 
2025-03-07 10:54:37 | INFO  | POST /users/api/v1/auth/login | IP: 0:0:0:0:0:0:0:1 | Status: 200 | Time: 3240ms
2025-03-07 10:55:05 | TRACE | Weights attr: {}
2025-03-07 10:55:05 | TRACE | Pattern "/users/**" matches against value "/users/api/v1/auth/logout"
2025-03-07 10:55:05 | DEBUG | Route matched: user-service-route
2025-03-07 10:55:05 | DEBUG | Mapping [Exchange: POST http://localhost:8080/users/api/v1/auth/logout] to Route{id='user-service-route', uri=http://localhost:8081, order=0, predicate=Paths: [/users/**], match trailing slash: true, gatewayFilters=[], metadata={}}
2025-03-07 10:55:05 | DEBUG | [7bdeff47-2] Mapped to org.springframework.cloud.gateway.handler.FilteringWebHandler@9be7319
2025-03-07 10:55:05 | DEBUG | Sorted gatewayFilterFactories: [[GatewayFilterAdapter{delegate=org.springframework.cloud.gateway.filter.RemoveCachedBodyFilter@6a7a1a0d}, order = -2147483648], [GatewayFilterAdapter{delegate=org.springframework.cloud.gateway.filter.AdaptCachedBodyGlobalFilter@6eede35e}, order = -2147482648], [GatewayFilterAdapter{delegate=org.springframework.cloud.gateway.filter.NettyWriteResponseFilter@11bfffb3}, order = -1], [GatewayFilterAdapter{delegate=org.springframework.cloud.gateway.filter.ForwardPathFilter@184afb78}, order = 0], [GatewayFilterAdapter{delegate=org.springframework.cloud.gateway.filter.RouteToRequestUrlFilter@1c6e3ff9}, order = 10000], [GatewayFilterAdapter{delegate=org.springframework.cloud.gateway.config.GatewayNoLoadBalancerClientAutoConfiguration$NoLoadBalancerClientFilter@4f26425b}, order = 10150], [GatewayFilterAdapter{delegate=org.springframework.cloud.gateway.filter.WebsocketRoutingFilter@22da200e}, order = 2147483646], [GatewayFilterAdapter{delegate=org.springframework.cloud.gateway.filter.NettyRoutingFilter@58164e9a}, order = 2147483647], [GatewayFilterAdapter{delegate=org.springframework.cloud.gateway.filter.ForwardRoutingFilter@76e6c070}, order = 2147483647]]
2025-03-07 10:55:05 | TRACE | RouteToRequestUrlFilter start
2025-03-07 10:55:05 | TRACE | outbound route: 373ab40c, inbound: [7bdeff47-2] 
2025-03-07 10:55:19 | TRACE | NettyWriteResponseFilter start inbound: 373ab40c, outbound: [7bdeff47-2] 
2025-03-07 10:55:19 | INFO  | POST /users/api/v1/auth/logout | IP: 0:0:0:0:0:0:0:1 | Status: 200 | Time: 14618ms
2025-03-07 11:05:08 | INFO  | Commencing graceful shutdown. Waiting for active requests to complete
2025-03-07 11:05:08 | INFO  | Graceful shutdown complete
