2025-04-27 00:00:03 | TRACE | session(send from backend): 51db7669, corresponding proxySession:1bfc62cc packet: {"symbol":"AAPL","company":"Apple Inc","price":10.6,"bidPrice":10.59,"askPrice":10.61,"volume":41126,"timestamp":"2025-04-26T17:00:02.970458200Z","change":0.0,"changePercent":0.03}
2025-04-27 00:00:03 | TRACE | session(send from backend): 51db7669, corresponding proxySession:1bfc62cc packet: {"symbol":"MSFT","company":"Microsoft Corporation","price":5.25,"bidPrice":5.25,"askPrice":5.25,"volume":49546,"timestamp":"2025-04-26T17:00:02.970458200Z","change":0.07,"changePercent":1.31}
2025-04-27 00:00:03 | TRACE | session(send from backend): 51db7669, corresponding proxySession:1bfc62cc packet: {"symbol":"GOOGL","company":"Alphabet Inc","price":393.21,"bidPrice":392.84,"askPrice":393.58,"volume":28570,"timestamp":"2025-04-26T17:00:02.971434400Z","change":7.42,"changePercent":1.92}
2025-04-27 00:00:03 | TRACE | session(send from backend): 51db7669, corresponding proxySession:1bfc62cc packet: {"symbol":"AMZN","company":"Amazon.com Inc","price":56.97,"bidPrice":56.92,"askPrice":57.02,"volume":93783,"timestamp":"2025-04-26T17:00:02.971434400Z","change":0.92,"changePercent":1.64}
2025-04-27 00:00:03 | TRACE | session(send from backend): 51db7669, corresponding proxySession:1bfc62cc packet: {"symbol":"TSLA","company":"Tesla Inc","price":102.0,"bidPrice":101.85,"askPrice":102.15,"volume":64837,"timestamp":"2025-04-26T17:00:02.971434400Z","change":-1.02,"changePercent":-0.99}
2025-04-27 00:00:03 | TRACE | session(send from backend): 51db7669, corresponding proxySession:1bfc62cc packet: {"symbol":"META","company":"Meta Platforms Inc","price":165.74,"bidPrice":165.57,"askPrice":165.91,"volume":50543,"timestamp":"2025-04-26T17:00:02.971434400Z","change":0.78,"changePercent":0.47}
2025-04-27 00:00:03 | TRACE | session(send from backend): 51db7669, corresponding proxySession:1bfc62cc packet: {"symbol":"NVDA","company":"NVIDIA Corporation","price":227.23,"bidPrice":226.95,"askPrice":227.51,"volume":81941,"timestamp":"2025-04-26T17:00:02.971434400Z","change":0.34,"changePercent":0.15}
2025-04-27 00:00:03 | TRACE | session(send from backend): 51db7669, corresponding proxySession:1bfc62cc packet: {"symbol":"JPM","company":"JPMorgan Chase & Co.","price":61.61,"bidPrice":61.54,"askPrice":61.68,"volume":73255,"timestamp":"2025-04-26T17:00:02.971434400Z","change":-0.5,"changePercent":-0.81}
2025-04-27 00:00:03 | TRACE | session(send from backend): 51db7669, corresponding proxySession:1bfc62cc packet: {"symbol":"V","company":"Visa Inc","price":2.94,"bidPrice":2.94,"askPrice":2.94,"volume":9897,"timestamp":"2025-04-26T17:00:02.971434400Z","change":0.05,"changePercent":1.6}
2025-04-27 00:00:03 | TRACE | session(send from backend): 51db7669, corresponding proxySession:1bfc62cc packet: {"symbol":"JNJ","company":"Johnson & Johnson","price":1.68,"bidPrice":1.68,"askPrice":1.68,"volume":48659,"timestamp":"2025-04-26T17:00:02.971434400Z","change":0.02,"changePercent":1.46}
2025-04-27 00:00:07 | TRACE | session(send from backend): 51db7669, corresponding proxySession:1bfc62cc packet: {"symbol":"AAPL","company":"Apple Inc","price":10.75,"bidPrice":10.74,"askPrice":10.76,"volume":44797,"timestamp":"2025-04-26T17:00:07.937901200Z","change":0.15,"changePercent":1.43}
2025-04-27 00:00:07 | TRACE | session(send from backend): 51db7669, corresponding proxySession:1bfc62cc packet: {"symbol":"MSFT","company":"Microsoft Corporation","price":5.24,"bidPrice":5.24,"askPrice":5.24,"volume":71786,"timestamp":"2025-04-26T17:00:07.938902900Z","change":-0.01,"changePercent":-0.23}
2025-04-27 00:00:07 | TRACE | session(send from backend): 51db7669, corresponding proxySession:1bfc62cc packet: {"symbol":"GOOGL","company":"Alphabet Inc","price":389.87,"bidPrice":389.51,"askPrice":390.23,"volume":87758,"timestamp":"2025-04-26T17:00:07.938902900Z","change":-3.34,"changePercent":-0.85}
2025-04-27 00:00:07 | TRACE | session(send from backend): 51db7669, corresponding proxySession:1bfc62cc packet: {"symbol":"AMZN","company":"Amazon.com Inc","price":57.62,"bidPrice":57.59,"askPrice":57.65,"volume":69419,"timestamp":"2025-04-26T17:00:07.938902900Z","change":0.65,"changePercent":1.14}
2025-04-27 00:00:07 | TRACE | session(send from backend): 51db7669, corresponding proxySession:1bfc62cc packet: {"symbol":"TSLA","company":"Tesla Inc","price":100.79,"bidPrice":100.65,"askPrice":100.93,"volume":2075,"timestamp":"2025-04-26T17:00:07.938902900Z","change":-1.21,"changePercent":-1.19}
2025-04-27 00:00:07 | TRACE | session(send from backend): 51db7669, corresponding proxySession:1bfc62cc packet: {"symbol":"META","company":"Meta Platforms Inc","price":168.05,"bidPrice":167.85,"askPrice":168.25,"volume":35248,"timestamp":"2025-04-26T17:00:07.938902900Z","change":2.31,"changePercent":1.39}
2025-04-27 00:00:07 | TRACE | session(send from backend): 51db7669, corresponding proxySession:1bfc62cc packet: {"symbol":"NVDA","company":"NVIDIA Corporation","price":226.72,"bidPrice":226.48,"askPrice":226.96,"volume":95659,"timestamp":"2025-04-26T17:00:07.938902900Z","change":-0.51,"changePercent":-0.22}
2025-04-27 00:00:07 | TRACE | session(send from backend): 51db7669, corresponding proxySession:1bfc62cc packet: {"symbol":"JPM","company":"JPMorgan Chase & Co.","price":62.25,"bidPrice":62.21,"askPrice":62.29,"volume":5086,"timestamp":"2025-04-26T17:00:07.939903700Z","change":0.64,"changePercent":1.04}
2025-04-27 00:00:07 | TRACE | session(send from backend): 51db7669, corresponding proxySession:1bfc62cc packet: {"symbol":"V","company":"Visa Inc","price":2.99,"bidPrice":2.99,"askPrice":2.99,"volume":85452,"timestamp":"2025-04-26T17:00:07.939903700Z","change":0.05,"changePercent":1.58}
2025-04-27 00:00:07 | TRACE | session(send from backend): 51db7669, corresponding proxySession:1bfc62cc packet: {"symbol":"JNJ","company":"Johnson & Johnson","price":1.65,"bidPrice":1.65,"askPrice":1.65,"volume":67119,"timestamp":"2025-04-26T17:00:07.939903700Z","change":-0.03,"changePercent":-1.74}
2025-04-27 00:00:12 | TRACE | session(send from backend): 51db7669, corresponding proxySession:1bfc62cc packet: {"symbol":"AAPL","company":"Apple Inc","price":10.67,"bidPrice":10.66,"askPrice":10.68,"volume":29910,"timestamp":"2025-04-26T17:00:12.943094Z","change":-0.08,"changePercent":-0.71}
2025-04-27 00:00:12 | TRACE | session(send from backend): 51db7669, corresponding proxySession:1bfc62cc packet: {"symbol":"MSFT","company":"Microsoft Corporation","price":5.31,"bidPrice":5.3,"askPrice":5.32,"volume":86476,"timestamp":"2025-04-26T17:00:12.944060600Z","change":0.07,"changePercent":1.29}
2025-04-27 00:00:12 | TRACE | session(send from backend): 51db7669, corresponding proxySession:1bfc62cc packet: {"symbol":"GOOGL","company":"Alphabet Inc","price":394.57,"bidPrice":394.18,"askPrice":394.96,"volume":23451,"timestamp":"2025-04-26T17:00:12.944060600Z","change":4.7,"changePercent":1.21}
2025-04-27 00:00:12 | TRACE | session(send from backend): 51db7669, corresponding proxySession:1bfc62cc packet: {"symbol":"AMZN","company":"Amazon.com Inc","price":58.68,"bidPrice":58.6,"askPrice":58.76,"volume":36738,"timestamp":"2025-04-26T17:00:12.944060600Z","change":1.06,"changePercent":1.84}
2025-04-27 00:00:12 | TRACE | session(send from backend): 51db7669, corresponding proxySession:1bfc62cc packet: {"symbol":"TSLA","company":"Tesla Inc","price":102.43,"bidPrice":102.31,"askPrice":102.55,"volume":60938,"timestamp":"2025-04-26T17:00:12.944060600Z","change":1.64,"changePercent":1.63}
2025-04-27 00:00:12 | TRACE | session(send from backend): 51db7669, corresponding proxySession:1bfc62cc packet: {"symbol":"META","company":"Meta Platforms Inc","price":165.54,"bidPrice":165.43,"askPrice":165.65,"volume":96328,"timestamp":"2025-04-26T17:00:12.944060600Z","change":-2.51,"changePercent":-1.49}
2025-04-27 00:00:12 | TRACE | session(send from backend): 51db7669, corresponding proxySession:1bfc62cc packet: {"symbol":"NVDA","company":"NVIDIA Corporation","price":223.46,"bidPrice":223.18,"askPrice":223.74,"volume":96120,"timestamp":"2025-04-26T17:00:12.944060600Z","change":-3.26,"changePercent":-1.44}
2025-04-27 00:00:12 | TRACE | session(send from backend): 51db7669, corresponding proxySession:1bfc62cc packet: {"symbol":"JPM","company":"JPMorgan Chase & Co.","price":62.47,"bidPrice":62.38,"askPrice":62.56,"volume":53106,"timestamp":"2025-04-26T17:00:12.944060600Z","change":0.22,"changePercent":0.35}
2025-04-27 00:00:12 | TRACE | session(send from backend): 51db7669, corresponding proxySession:1bfc62cc packet: {"symbol":"V","company":"Visa Inc","price":2.99,"bidPrice":2.99,"askPrice":2.99,"volume":87867,"timestamp":"2025-04-26T17:00:12.944060600Z","change":0.0,"changePercent":0.0}
2025-04-27 00:00:12 | TRACE | session(send from backend): 51db7669, corresponding proxySession:1bfc62cc packet: {"symbol":"JNJ","company":"Johnson & Johnson","price":1.66,"bidPrice":1.66,"askPrice":1.66,"volume":74237,"timestamp":"2025-04-26T17:00:12.945061Z","change":0.01,"changePercent":0.62}
2025-04-27 00:00:17 | TRACE | session(send from backend): 51db7669, corresponding proxySession:1bfc62cc packet: {"symbol":"AAPL","company":"Apple Inc","price":10.84,"bidPrice":10.82,"askPrice":10.86,"volume":78564,"timestamp":"2025-04-26T17:00:17.940485700Z","change":0.17,"changePercent":1.63}
2025-04-27 00:00:17 | TRACE | session(send from backend): 51db7669, corresponding proxySession:1bfc62cc packet: {"symbol":"MSFT","company":"Microsoft Corporation","price":5.24,"bidPrice":5.23,"askPrice":5.25,"volume":76951,"timestamp":"2025-04-26T17:00:17.941275800Z","change":-0.07,"changePercent":-1.36}
2025-04-27 00:00:17 | TRACE | session(send from backend): 51db7669, corresponding proxySession:1bfc62cc packet: {"symbol":"GOOGL","company":"Alphabet Inc","price":389.67,"bidPrice":389.1,"askPrice":390.24,"volume":99759,"timestamp":"2025-04-26T17:00:17.941275800Z","change":-4.9,"changePercent":-1.24}
2025-04-27 00:00:17 | TRACE | session(send from backend): 51db7669, corresponding proxySession:1bfc62cc packet: {"symbol":"AMZN","company":"Amazon.com Inc","price":58.8,"bidPrice":58.76,"askPrice":58.84,"volume":35483,"timestamp":"2025-04-26T17:00:17.941275800Z","change":0.12,"changePercent":0.2}
2025-04-27 00:00:17 | TRACE | session(send from backend): 51db7669, corresponding proxySession:1bfc62cc packet: {"symbol":"TSLA","company":"Tesla Inc","price":102.48,"bidPrice":102.36,"askPrice":102.6,"volume":55777,"timestamp":"2025-04-26T17:00:17.941275800Z","change":0.05,"changePercent":0.05}
2025-04-27 00:00:17 | TRACE | session(send from backend): 51db7669, corresponding proxySession:1bfc62cc packet: {"symbol":"META","company":"Meta Platforms Inc","price":167.06,"bidPrice":166.93,"askPrice":167.19,"volume":69614,"timestamp":"2025-04-26T17:00:17.941796Z","change":1.52,"changePercent":0.92}
2025-04-27 00:00:17 | TRACE | session(send from backend): 51db7669, corresponding proxySession:1bfc62cc packet: {"symbol":"NVDA","company":"NVIDIA Corporation","price":219.7,"bidPrice":219.56,"askPrice":219.84,"volume":62701,"timestamp":"2025-04-26T17:00:17.941796Z","change":-3.76,"changePercent":-1.68}
2025-04-27 00:00:18 | TRACE | session(send from backend): 51db7669, corresponding proxySession:1bfc62cc packet: {"symbol":"JPM","company":"JPMorgan Chase & Co.","price":61.28,"bidPrice":61.22,"askPrice":61.34,"volume":26866,"timestamp":"2025-04-26T17:00:17.996030400Z","change":-1.19,"changePercent":-1.9}
2025-04-27 00:00:18 | TRACE | session(send from backend): 51db7669, corresponding proxySession:1bfc62cc packet: {"symbol":"V","company":"Visa Inc","price":2.95,"bidPrice":2.95,"askPrice":2.95,"volume":85428,"timestamp":"2025-04-26T17:00:17.996030400Z","change":-0.04,"changePercent":-1.39}
2025-04-27 00:00:18 | TRACE | session(send from backend): 51db7669, corresponding proxySession:1bfc62cc packet: {"symbol":"JNJ","company":"Johnson & Johnson","price":1.66,"bidPrice":1.66,"askPrice":1.66,"volume":82412,"timestamp":"2025-04-26T17:00:17.996030400Z","change":0.0,"changePercent":-0.13}
2025-04-27 00:00:22 | TRACE | session(send from backend): 51db7669, corresponding proxySession:1bfc62cc packet: {"symbol":"AAPL","company":"Apple Inc","price":10.84,"bidPrice":10.82,"askPrice":10.86,"volume":39408,"timestamp":"2025-04-26T17:00:22.941469900Z","change":0.0,"changePercent":-0.04}
2025-04-27 00:00:22 | TRACE | session(send from backend): 51db7669, corresponding proxySession:1bfc62cc packet: {"symbol":"MSFT","company":"Microsoft Corporation","price":5.31,"bidPrice":5.31,"askPrice":5.31,"volume":39107,"timestamp":"2025-04-26T17:00:22.941469900Z","change":0.07,"changePercent":1.27}
2025-04-27 00:00:22 | TRACE | session(send from backend): 51db7669, corresponding proxySession:1bfc62cc packet: {"symbol":"GOOGL","company":"Alphabet Inc","price":385.06,"bidPrice":384.76,"askPrice":385.36,"volume":24293,"timestamp":"2025-04-26T17:00:22.941469900Z","change":-4.61,"changePercent":-1.18}
2025-04-27 00:00:22 | TRACE | session(send from backend): 51db7669, corresponding proxySession:1bfc62cc packet: {"symbol":"AMZN","company":"Amazon.com Inc","price":58.87,"bidPrice":58.81,"askPrice":58.93,"volume":18808,"timestamp":"2025-04-26T17:00:22.941469900Z","change":0.07,"changePercent":0.12}
2025-04-27 00:00:22 | TRACE | session(send from backend): 51db7669, corresponding proxySession:1bfc62cc packet: {"symbol":"TSLA","company":"Tesla Inc","price":101.71,"bidPrice":101.57,"askPrice":101.85,"volume":70300,"timestamp":"2025-04-26T17:00:22.942459200Z","change":-0.77,"changePercent":-0.75}
2025-04-27 00:00:22 | TRACE | session(send from backend): 51db7669, corresponding proxySession:1bfc62cc packet: {"symbol":"META","company":"Meta Platforms Inc","price":168.6,"bidPrice":168.37,"askPrice":168.83,"volume":53909,"timestamp":"2025-04-26T17:00:22.942459200Z","change":1.54,"changePercent":0.92}
2025-04-27 00:00:22 | TRACE | session(send from backend): 51db7669, corresponding proxySession:1bfc62cc packet: {"symbol":"NVDA","company":"NVIDIA Corporation","price":217.29,"bidPrice":217.08,"askPrice":217.5,"volume":67140,"timestamp":"2025-04-26T17:00:22.942459200Z","change":-2.41,"changePercent":-1.1}
2025-04-27 00:00:22 | TRACE | session(send from backend): 51db7669, corresponding proxySession:1bfc62cc packet: {"symbol":"JPM","company":"JPMorgan Chase & Co.","price":61.6,"bidPrice":61.53,"askPrice":61.67,"volume":57308,"timestamp":"2025-04-26T17:00:22.942459200Z","change":0.32,"changePercent":0.52}
2025-04-27 00:00:22 | TRACE | session(send from backend): 51db7669, corresponding proxySession:1bfc62cc packet: {"symbol":"V","company":"Visa Inc","price":2.99,"bidPrice":2.99,"askPrice":2.99,"volume":24103,"timestamp":"2025-04-26T17:00:22.942459200Z","change":0.04,"changePercent":1.35}
2025-04-27 00:00:22 | TRACE | session(send from backend): 51db7669, corresponding proxySession:1bfc62cc packet: {"symbol":"JNJ","company":"Johnson & Johnson","price":1.67,"bidPrice":1.67,"askPrice":1.67,"volume":21404,"timestamp":"2025-04-26T17:00:22.943038400Z","change":0.01,"changePercent":0.84}
2025-04-27 00:00:27 | TRACE | session(send from backend): 51db7669, corresponding proxySession:1bfc62cc packet: {"symbol":"AAPL","company":"Apple Inc","price":10.8,"bidPrice":10.79,"askPrice":10.81,"volume":10765,"timestamp":"2025-04-26T17:00:27.939266Z","change":-0.04,"changePercent":-0.34}
2025-04-27 00:00:28 | TRACE | session(send from backend): 51db7669, corresponding proxySession:1bfc62cc packet: {"symbol":"MSFT","company":"Microsoft Corporation","price":5.32,"bidPrice":5.31,"askPrice":5.33,"volume":38514,"timestamp":"2025-04-26T17:00:27.940262700Z","change":0.01,"changePercent":0.2}
2025-04-27 00:00:28 | TRACE | session(send from backend): 51db7669, corresponding proxySession:1bfc62cc packet: {"symbol":"GOOGL","company":"Alphabet Inc","price":388.34,"bidPrice":387.85,"askPrice":388.83,"volume":78720,"timestamp":"2025-04-26T17:00:27.940262700Z","change":3.28,"changePercent":0.85}
2025-04-27 00:00:28 | TRACE | session(send from backend): 51db7669, corresponding proxySession:1bfc62cc packet: {"symbol":"AMZN","company":"Amazon.com Inc","price":58.69,"bidPrice":58.61,"askPrice":58.77,"volume":87082,"timestamp":"2025-04-26T17:00:27.941265200Z","change":-0.18,"changePercent":-0.3}
2025-04-27 00:00:28 | TRACE | session(send from backend): 51db7669, corresponding proxySession:1bfc62cc packet: {"symbol":"TSLA","company":"Tesla Inc","price":100.11,"bidPrice":100.02,"askPrice":100.2,"volume":24300,"timestamp":"2025-04-26T17:00:27.941265200Z","change":-1.6,"changePercent":-1.58}
2025-04-27 00:00:28 | TRACE | session(send from backend): 51db7669, corresponding proxySession:1bfc62cc packet: {"symbol":"META","company":"Meta Platforms Inc","price":170.95,"bidPrice":170.83,"askPrice":171.07,"volume":25961,"timestamp":"2025-04-26T17:00:27.941265200Z","change":2.35,"changePercent":1.4}
2025-04-27 00:00:28 | TRACE | session(send from backend): 51db7669, corresponding proxySession:1bfc62cc packet: {"symbol":"NVDA","company":"NVIDIA Corporation","price":215.7,"bidPrice":215.5,"askPrice":215.9,"volume":52201,"timestamp":"2025-04-26T17:00:27.941265200Z","change":-1.59,"changePercent":-0.73}
2025-04-27 00:00:28 | TRACE | session(send from backend): 51db7669, corresponding proxySession:1bfc62cc packet: {"symbol":"JPM","company":"JPMorgan Chase & Co.","price":60.81,"bidPrice":60.73,"askPrice":60.89,"volume":40625,"timestamp":"2025-04-26T17:00:27.941265200Z","change":-0.79,"changePercent":-1.29}
2025-04-27 00:00:28 | TRACE | session(send from backend): 51db7669, corresponding proxySession:1bfc62cc packet: {"symbol":"V","company":"Visa Inc","price":2.99,"bidPrice":2.99,"askPrice":2.99,"volume":46048,"timestamp":"2025-04-26T17:00:27.941265200Z","change":0.0,"changePercent":0.1}
2025-04-27 00:00:28 | TRACE | session(send from backend): 51db7669, corresponding proxySession:1bfc62cc packet: {"symbol":"JNJ","company":"Johnson & Johnson","price":1.64,"bidPrice":1.64,"askPrice":1.64,"volume":93904,"timestamp":"2025-04-26T17:00:27.941265200Z","change":-0.03,"changePercent":-1.7}
2025-04-27 00:00:33 | TRACE | session(send from backend): 51db7669, corresponding proxySession:1bfc62cc packet: {"symbol":"AAPL","company":"Apple Inc","price":10.85,"bidPrice":10.83,"askPrice":10.87,"volume":76839,"timestamp":"2025-04-26T17:00:33.216332300Z","change":0.05,"changePercent":0.42}
2025-04-27 00:00:33 | TRACE | session(send from backend): 51db7669, corresponding proxySession:1bfc62cc packet: {"symbol":"MSFT","company":"Microsoft Corporation","price":5.3,"bidPrice":5.3,"askPrice":5.3,"volume":35134,"timestamp":"2025-04-26T17:00:33.217332600Z","change":-0.02,"changePercent":-0.29}
2025-04-27 00:00:33 | TRACE | session(send from backend): 51db7669, corresponding proxySession:1bfc62cc packet: {"symbol":"GOOGL","company":"Alphabet Inc","price":384.97,"bidPrice":384.64,"askPrice":385.3,"volume":44178,"timestamp":"2025-04-26T17:00:33.217332600Z","change":-3.37,"changePercent":-0.87}
2025-04-27 00:00:33 | TRACE | session(send from backend): 51db7669, corresponding proxySession:1bfc62cc packet: {"symbol":"AMZN","company":"Amazon.com Inc","price":59.37,"bidPrice":59.33,"askPrice":59.41,"volume":53921,"timestamp":"2025-04-26T17:00:33.217332600Z","change":0.68,"changePercent":1.16}
2025-04-27 00:00:33 | TRACE | session(send from backend): 51db7669, corresponding proxySession:1bfc62cc packet: {"symbol":"TSLA","company":"Tesla Inc","price":100.12,"bidPrice":99.99,"askPrice":100.25,"volume":20263,"timestamp":"2025-04-26T17:00:33.218330500Z","change":0.01,"changePercent":0.01}
2025-04-27 00:00:33 | TRACE | session(send from backend): 51db7669, corresponding proxySession:1bfc62cc packet: {"symbol":"META","company":"Meta Platforms Inc","price":174.18,"bidPrice":174.07,"askPrice":174.29,"volume":44702,"timestamp":"2025-04-26T17:00:33.218330500Z","change":3.23,"changePercent":1.89}
2025-04-27 00:00:33 | TRACE | session(send from backend): 51db7669, corresponding proxySession:1bfc62cc packet: {"symbol":"NVDA","company":"NVIDIA Corporation","price":212.21,"bidPrice":211.94,"askPrice":212.48,"volume":45917,"timestamp":"2025-04-26T17:00:33.218330500Z","change":-3.49,"changePercent":-1.62}
2025-04-27 00:00:33 | TRACE | session(send from backend): 51db7669, corresponding proxySession:1bfc62cc packet: {"symbol":"JPM","company":"JPMorgan Chase & Co.","price":61.22,"bidPrice":61.14,"askPrice":61.3,"volume":87134,"timestamp":"2025-04-26T17:00:33.218330500Z","change":0.41,"changePercent":0.68}
2025-04-27 00:00:33 | TRACE | session(send from backend): 51db7669, corresponding proxySession:1bfc62cc packet: {"symbol":"V","company":"Visa Inc","price":2.95,"bidPrice":2.95,"askPrice":2.95,"volume":64129,"timestamp":"2025-04-26T17:00:33.218330500Z","change":-0.04,"changePercent":-1.3}
2025-04-27 00:00:33 | TRACE | session(send from backend): 51db7669, corresponding proxySession:1bfc62cc packet: {"symbol":"JNJ","company":"Johnson & Johnson","price":1.63,"bidPrice":1.63,"askPrice":1.63,"volume":96019,"timestamp":"2025-04-26T17:00:33.218330500Z","change":-0.01,"changePercent":-0.89}
2025-04-27 00:00:37 | TRACE | session(send from backend): 51db7669, corresponding proxySession:1bfc62cc packet: {"symbol":"AAPL","company":"Apple Inc","price":11.04,"bidPrice":11.02,"askPrice":11.06,"volume":80942,"timestamp":"2025-04-26T17:00:37.946464200Z","change":0.19,"changePercent":1.77}
2025-04-27 00:00:37 | TRACE | session(send from backend): 51db7669, corresponding proxySession:1bfc62cc packet: {"symbol":"MSFT","company":"Microsoft Corporation","price":5.38,"bidPrice":5.37,"askPrice":5.39,"volume":22942,"timestamp":"2025-04-26T17:00:37.947453700Z","change":0.08,"changePercent":1.49}
2025-04-27 00:00:37 | TRACE | session(send from backend): 51db7669, corresponding proxySession:1bfc62cc packet: {"symbol":"GOOGL","company":"Alphabet Inc","price":392.11,"bidPrice":391.56,"askPrice":392.66,"volume":76111,"timestamp":"2025-04-26T17:00:37.947453700Z","change":7.14,"changePercent":1.86}
2025-04-27 00:00:37 | TRACE | session(send from backend): 51db7669, corresponding proxySession:1bfc62cc packet: {"symbol":"AMZN","company":"Amazon.com Inc","price":58.43,"bidPrice":58.37,"askPrice":58.49,"volume":97510,"timestamp":"2025-04-26T17:00:37.949452600Z","change":-0.94,"changePercent":-1.58}
2025-04-27 00:00:37 | TRACE | session(send from backend): 51db7669, corresponding proxySession:1bfc62cc packet: {"symbol":"TSLA","company":"Tesla Inc","price":99.38,"bidPrice":99.27,"askPrice":99.49,"volume":32467,"timestamp":"2025-04-26T17:00:37.949452600Z","change":-0.74,"changePercent":-0.74}
2025-04-27 00:00:37 | TRACE | session(send from backend): 51db7669, corresponding proxySession:1bfc62cc packet: {"symbol":"META","company":"Meta Platforms Inc","price":176.2,"bidPrice":175.95,"askPrice":176.45,"volume":28815,"timestamp":"2025-04-26T17:00:37.950455500Z","change":2.02,"changePercent":1.16}
2025-04-27 00:00:37 | TRACE | session(send from backend): 51db7669, corresponding proxySession:1bfc62cc packet: {"symbol":"NVDA","company":"NVIDIA Corporation","price":211.58,"bidPrice":211.44,"askPrice":211.72,"volume":22518,"timestamp":"2025-04-26T17:00:37.950455500Z","change":-0.63,"changePercent":-0.3}
2025-04-27 00:00:37 | TRACE | session(send from backend): 51db7669, corresponding proxySession:1bfc62cc packet: {"symbol":"JPM","company":"JPMorgan Chase & Co.","price":62.41,"bidPrice":62.32,"askPrice":62.5,"volume":22141,"timestamp":"2025-04-26T17:00:37.950455500Z","change":1.19,"changePercent":1.95}
2025-04-27 00:00:37 | TRACE | session(send from backend): 51db7669, corresponding proxySession:1bfc62cc packet: {"symbol":"V","company":"Visa Inc","price":2.94,"bidPrice":2.94,"askPrice":2.94,"volume":21567,"timestamp":"2025-04-26T17:00:37.950455500Z","change":-0.01,"changePercent":-0.48}
2025-04-27 00:00:37 | TRACE | session(send from backend): 51db7669, corresponding proxySession:1bfc62cc packet: {"symbol":"JNJ","company":"Johnson & Johnson","price":1.61,"bidPrice":1.61,"askPrice":1.61,"volume":29795,"timestamp":"2025-04-26T17:00:37.950455500Z","change":-0.02,"changePercent":-1.38}
2025-04-27 00:00:43 | TRACE | session(send from backend): 51db7669, corresponding proxySession:1bfc62cc packet: {"symbol":"AAPL","company":"Apple Inc","price":11.2,"bidPrice":11.19,"askPrice":11.21,"volume":75370,"timestamp":"2025-04-26T17:00:43.005434100Z","change":0.16,"changePercent":1.43}
2025-04-27 00:00:43 | TRACE | session(send from backend): 51db7669, corresponding proxySession:1bfc62cc packet: {"symbol":"MSFT","company":"Microsoft Corporation","price":5.42,"bidPrice":5.41,"askPrice":5.43,"volume":35965,"timestamp":"2025-04-26T17:00:43.005434100Z","change":0.04,"changePercent":0.81}
2025-04-27 00:00:43 | TRACE | session(send from backend): 51db7669, corresponding proxySession:1bfc62cc packet: {"symbol":"GOOGL","company":"Alphabet Inc","price":396.0,"bidPrice":395.46,"askPrice":396.54,"volume":41292,"timestamp":"2025-04-26T17:00:43.005434100Z","change":3.89,"changePercent":0.99}
2025-04-27 00:00:43 | TRACE | session(send from backend): 51db7669, corresponding proxySession:1bfc62cc packet: {"symbol":"AMZN","company":"Amazon.com Inc","price":57.98,"bidPrice":57.95,"askPrice":58.01,"volume":81750,"timestamp":"2025-04-26T17:00:43.006432800Z","change":-0.45,"changePercent":-0.76}
2025-04-27 00:00:43 | TRACE | session(send from backend): 51db7669, corresponding proxySession:1bfc62cc packet: {"symbol":"TSLA","company":"Tesla Inc","price":100.33,"bidPrice":100.27,"askPrice":100.39,"volume":80317,"timestamp":"2025-04-26T17:00:43.006432800Z","change":0.95,"changePercent":0.96}
2025-04-27 00:00:43 | TRACE | session(send from backend): 51db7669, corresponding proxySession:1bfc62cc packet: {"symbol":"META","company":"Meta Platforms Inc","price":174.15,"bidPrice":174.05,"askPrice":174.25,"volume":30063,"timestamp":"2025-04-26T17:00:43.006432800Z","change":-2.05,"changePercent":-1.17}
2025-04-27 00:00:43 | TRACE | session(send from backend): 51db7669, corresponding proxySession:1bfc62cc packet: {"symbol":"NVDA","company":"NVIDIA Corporation","price":208.47,"bidPrice":208.17,"askPrice":208.77,"volume":76334,"timestamp":"2025-04-26T17:00:43.006432800Z","change":-3.11,"changePercent":-1.47}
2025-04-27 00:00:43 | TRACE | session(send from backend): 51db7669, corresponding proxySession:1bfc62cc packet: {"symbol":"JPM","company":"JPMorgan Chase & Co.","price":61.9,"bidPrice":61.84,"askPrice":61.96,"volume":28525,"timestamp":"2025-04-26T17:00:43.007440500Z","change":-0.51,"changePercent":-0.82}
2025-04-27 00:00:43 | TRACE | session(send from backend): 51db7669, corresponding proxySession:1bfc62cc packet: {"symbol":"V","company":"Visa Inc","price":2.99,"bidPrice":2.99,"askPrice":2.99,"volume":39592,"timestamp":"2025-04-26T17:00:43.065670700Z","change":0.05,"changePercent":1.75}
2025-04-27 00:00:43 | TRACE | session(send from backend): 51db7669, corresponding proxySession:1bfc62cc packet: {"symbol":"JNJ","company":"Johnson & Johnson","price":1.58,"bidPrice":1.58,"askPrice":1.58,"volume":98822,"timestamp":"2025-04-26T17:00:43.065670700Z","change":-0.03,"changePercent":-1.61}
2025-04-27 00:00:48 | TRACE | session(send from backend): 51db7669, corresponding proxySession:1bfc62cc packet: {"symbol":"AAPL","company":"Apple Inc","price":11.21,"bidPrice":11.2,"askPrice":11.22,"volume":47517,"timestamp":"2025-04-26T17:00:48.008522600Z","change":0.01,"changePercent":0.13}
2025-04-27 00:00:48 | TRACE | session(send from backend): 51db7669, corresponding proxySession:1bfc62cc packet: {"symbol":"MSFT","company":"Microsoft Corporation","price":5.34,"bidPrice":5.34,"askPrice":5.34,"volume":50968,"timestamp":"2025-04-26T17:00:48.008522600Z","change":-0.08,"changePercent":-1.5}
2025-04-27 00:00:48 | TRACE | session(send from backend): 51db7669, corresponding proxySession:1bfc62cc packet: {"symbol":"GOOGL","company":"Alphabet Inc","price":403.52,"bidPrice":403.11,"askPrice":403.93,"volume":31798,"timestamp":"2025-04-26T17:00:48.022527Z","change":7.52,"changePercent":1.9}
2025-04-27 00:00:48 | TRACE | session(send from backend): 51db7669, corresponding proxySession:1bfc62cc packet: {"symbol":"AMZN","company":"Amazon.com Inc","price":58.64,"bidPrice":58.56,"askPrice":58.72,"volume":85213,"timestamp":"2025-04-26T17:00:48.072525800Z","change":0.66,"changePercent":1.13}
2025-04-27 00:00:48 | TRACE | session(send from backend): 51db7669, corresponding proxySession:1bfc62cc packet: {"symbol":"TSLA","company":"Tesla Inc","price":100.59,"bidPrice":100.52,"askPrice":100.66,"volume":96785,"timestamp":"2025-04-26T17:00:48.073526500Z","change":0.26,"changePercent":0.26}
2025-04-27 00:00:48 | TRACE | session(send from backend): 51db7669, corresponding proxySession:1bfc62cc packet: {"symbol":"META","company":"Meta Platforms Inc","price":173.59,"bidPrice":173.41,"askPrice":173.77,"volume":70495,"timestamp":"2025-04-26T17:00:48.075526100Z","change":-0.56,"changePercent":-0.32}
2025-04-27 00:00:48 | TRACE | session(send from backend): 51db7669, corresponding proxySession:1bfc62cc packet: {"symbol":"NVDA","company":"NVIDIA Corporation","price":208.77,"bidPrice":208.51,"askPrice":209.03,"volume":98078,"timestamp":"2025-04-26T17:00:48.075526100Z","change":0.3,"changePercent":0.15}
2025-04-27 00:00:48 | TRACE | session(send from backend): 51db7669, corresponding proxySession:1bfc62cc packet: {"symbol":"JPM","company":"JPMorgan Chase & Co.","price":61.32,"bidPrice":61.28,"askPrice":61.36,"volume":4556,"timestamp":"2025-04-26T17:00:48.075526100Z","change":-0.58,"changePercent":-0.93}
2025-04-27 00:00:48 | TRACE | session(send from backend): 51db7669, corresponding proxySession:1bfc62cc packet: {"symbol":"V","company":"Visa Inc","price":2.97,"bidPrice":2.97,"askPrice":2.97,"volume":40830,"timestamp":"2025-04-26T17:00:48.075526100Z","change":-0.02,"changePercent":-0.52}
2025-04-27 00:00:48 | TRACE | session(send from backend): 51db7669, corresponding proxySession:1bfc62cc packet: {"symbol":"JNJ","company":"Johnson & Johnson","price":1.57,"bidPrice":1.57,"askPrice":1.57,"volume":46415,"timestamp":"2025-04-26T17:00:48.075526100Z","change":-0.01,"changePercent":-0.92}
2025-04-27 00:00:52 | TRACE | session(send from backend): 51db7669, corresponding proxySession:1bfc62cc packet: {"symbol":"AAPL","company":"Apple Inc","price":11.11,"bidPrice":11.1,"askPrice":11.12,"volume":91616,"timestamp":"2025-04-26T17:00:52.985359600Z","change":-0.1,"changePercent":-0.87}
2025-04-27 00:00:53 | TRACE | session(send from backend): 51db7669, corresponding proxySession:1bfc62cc packet: {"symbol":"MSFT","company":"Microsoft Corporation","price":5.31,"bidPrice":5.3,"askPrice":5.32,"volume":13683,"timestamp":"2025-04-26T17:00:52.986363700Z","change":-0.03,"changePercent":-0.48}
2025-04-27 00:00:53 | TRACE | session(send from backend): 51db7669, corresponding proxySession:1bfc62cc packet: {"symbol":"GOOGL","company":"Alphabet Inc","price":410.51,"bidPrice":410.02,"askPrice":411.0,"volume":71393,"timestamp":"2025-04-26T17:00:52.986363700Z","change":6.99,"changePercent":1.73}
2025-04-27 00:00:53 | TRACE | session(send from backend): 51db7669, corresponding proxySession:1bfc62cc packet: {"symbol":"AMZN","company":"Amazon.com Inc","price":59.51,"bidPrice":59.47,"askPrice":59.55,"volume":95380,"timestamp":"2025-04-26T17:00:52.987368Z","change":0.87,"changePercent":1.48}
2025-04-27 00:00:53 | TRACE | session(send from backend): 51db7669, corresponding proxySession:1bfc62cc packet: {"symbol":"TSLA","company":"Tesla Inc","price":99.88,"bidPrice":99.74,"askPrice":100.02,"volume":17350,"timestamp":"2025-04-26T17:00:52.987368Z","change":-0.71,"changePercent":-0.7}
2025-04-27 00:00:53 | TRACE | session(send from backend): 51db7669, corresponding proxySession:1bfc62cc packet: {"symbol":"META","company":"Meta Platforms Inc","price":176.52,"bidPrice":176.42,"askPrice":176.62,"volume":56892,"timestamp":"2025-04-26T17:00:52.987368Z","change":2.93,"changePercent":1.69}
2025-04-27 00:00:53 | TRACE | session(send from backend): 51db7669, corresponding proxySession:1bfc62cc packet: {"symbol":"NVDA","company":"NVIDIA Corporation","price":212.5,"bidPrice":212.35,"askPrice":212.65,"volume":28287,"timestamp":"2025-04-26T17:00:52.988365300Z","change":3.73,"changePercent":1.79}
2025-04-27 00:00:53 | TRACE | session(send from backend): 51db7669, corresponding proxySession:1bfc62cc packet: {"symbol":"JPM","company":"JPMorgan Chase & Co.","price":60.44,"bidPrice":60.37,"askPrice":60.51,"volume":57431,"timestamp":"2025-04-26T17:00:52.988365300Z","change":-0.88,"changePercent":-1.44}
2025-04-27 00:00:53 | TRACE | session(send from backend): 51db7669, corresponding proxySession:1bfc62cc packet: {"symbol":"V","company":"Visa Inc","price":2.92,"bidPrice":2.92,"askPrice":2.92,"volume":5195,"timestamp":"2025-04-26T17:00:52.988365300Z","change":-0.05,"changePercent":-1.7}
2025-04-27 00:00:53 | TRACE | session(send from backend): 51db7669, corresponding proxySession:1bfc62cc packet: {"symbol":"JNJ","company":"Johnson & Johnson","price":1.55,"bidPrice":1.55,"askPrice":1.55,"volume":56411,"timestamp":"2025-04-26T17:00:52.988365300Z","change":-0.02,"changePercent":-1.19}
2025-04-27 00:00:57 | TRACE | session(send from backend): 51db7669, corresponding proxySession:1bfc62cc packet: {"symbol":"AAPL","company":"Apple Inc","price":10.95,"bidPrice":10.94,"askPrice":10.96,"volume":43924,"timestamp":"2025-04-26T17:00:57.935421Z","change":-0.16,"changePercent":-1.48}
2025-04-27 00:00:57 | TRACE | session(send from backend): 51db7669, corresponding proxySession:1bfc62cc packet: {"symbol":"MSFT","company":"Microsoft Corporation","price":5.24,"bidPrice":5.23,"askPrice":5.25,"volume":22864,"timestamp":"2025-04-26T17:00:57.936421800Z","change":-0.07,"changePercent":-1.38}
2025-04-27 00:00:57 | TRACE | session(send from backend): 51db7669, corresponding proxySession:1bfc62cc packet: {"symbol":"GOOGL","company":"Alphabet Inc","price":417.14,"bidPrice":416.57,"askPrice":417.71,"volume":79526,"timestamp":"2025-04-26T17:00:57.936421800Z","change":6.63,"changePercent":1.62}
2025-04-27 00:00:57 | TRACE | session(send from backend): 51db7669, corresponding proxySession:1bfc62cc packet: {"symbol":"AMZN","company":"Amazon.com Inc","price":60.39,"bidPrice":60.34,"askPrice":60.44,"volume":94080,"timestamp":"2025-04-26T17:00:57.936421800Z","change":0.88,"changePercent":1.48}
2025-04-27 00:00:57 | TRACE | session(send from backend): 51db7669, corresponding proxySession:1bfc62cc packet: {"symbol":"TSLA","company":"Tesla Inc","price":100.53,"bidPrice":100.39,"askPrice":100.67,"volume":78072,"timestamp":"2025-04-26T17:00:57.936421800Z","change":0.65,"changePercent":0.65}
2025-04-27 00:00:57 | TRACE | session(send from backend): 51db7669, corresponding proxySession:1bfc62cc packet: {"symbol":"META","company":"Meta Platforms Inc","price":178.6,"bidPrice":178.47,"askPrice":178.73,"volume":46227,"timestamp":"2025-04-26T17:00:57.936421800Z","change":2.08,"changePercent":1.18}
2025-04-27 00:00:57 | TRACE | session(send from backend): 51db7669, corresponding proxySession:1bfc62cc packet: {"symbol":"NVDA","company":"NVIDIA Corporation","price":215.24,"bidPrice":214.94,"askPrice":215.54,"volume":91038,"timestamp":"2025-04-26T17:00:57.936421800Z","change":2.74,"changePercent":1.29}
2025-04-27 00:00:57 | TRACE | session(send from backend): 51db7669, corresponding proxySession:1bfc62cc packet: {"symbol":"JPM","company":"JPMorgan Chase & Co.","price":61.56,"bidPrice":61.5,"askPrice":61.62,"volume":27514,"timestamp":"2025-04-26T17:00:57.936421800Z","change":1.12,"changePercent":1.86}
2025-04-27 00:00:57 | TRACE | session(send from backend): 51db7669, corresponding proxySession:1bfc62cc packet: {"symbol":"V","company":"Visa Inc","price":2.94,"bidPrice":2.94,"askPrice":2.94,"volume":32338,"timestamp":"2025-04-26T17:00:57.936421800Z","change":0.02,"changePercent":0.64}
2025-04-27 00:00:57 | TRACE | session(send from backend): 51db7669, corresponding proxySession:1bfc62cc packet: {"symbol":"JNJ","company":"Johnson & Johnson","price":1.56,"bidPrice":1.56,"askPrice":1.56,"volume":50070,"timestamp":"2025-04-26T17:00:57.936421800Z","change":0.01,"changePercent":0.44}
2025-04-27 00:01:02 | TRACE | session(send from backend): 51db7669, corresponding proxySession:1bfc62cc packet: {"symbol":"AAPL","company":"Apple Inc","price":10.97,"bidPrice":10.96,"askPrice":10.98,"volume":12638,"timestamp":"2025-04-26T17:01:02.947322200Z","change":0.02,"changePercent":0.22}
2025-04-27 00:01:02 | TRACE | session(send from backend): 51db7669, corresponding proxySession:1bfc62cc packet: {"symbol":"MSFT","company":"Microsoft Corporation","price":5.24,"bidPrice":5.24,"askPrice":5.24,"volume":38365,"timestamp":"2025-04-26T17:01:02.947322200Z","change":0.0,"changePercent":-0.09}
2025-04-27 00:01:02 | TRACE | session(send from backend): 51db7669, corresponding proxySession:1bfc62cc packet: {"symbol":"GOOGL","company":"Alphabet Inc","price":421.39,"bidPrice":420.84,"askPrice":421.94,"volume":5143,"timestamp":"2025-04-26T17:01:02.947322200Z","change":4.25,"changePercent":1.02}
2025-04-27 00:01:02 | TRACE | session(send from backend): 51db7669, corresponding proxySession:1bfc62cc packet: {"symbol":"AMZN","company":"Amazon.com Inc","price":60.17,"bidPrice":60.1,"askPrice":60.24,"volume":70904,"timestamp":"2025-04-26T17:01:02.947322200Z","change":-0.22,"changePercent":-0.37}
2025-04-27 00:01:02 | TRACE | session(send from backend): 51db7669, corresponding proxySession:1bfc62cc packet: {"symbol":"TSLA","company":"Tesla Inc","price":101.07,"bidPrice":101.0,"askPrice":101.14,"volume":10961,"timestamp":"2025-04-26T17:01:02.947322200Z","change":0.54,"changePercent":0.53}
2025-04-27 00:01:02 | TRACE | session(send from backend): 51db7669, corresponding proxySession:1bfc62cc packet: {"symbol":"META","company":"Meta Platforms Inc","price":179.39,"bidPrice":179.24,"askPrice":179.54,"volume":91387,"timestamp":"2025-04-26T17:01:02.948324200Z","change":0.79,"changePercent":0.44}
2025-04-27 00:01:02 | TRACE | session(send from backend): 51db7669, corresponding proxySession:1bfc62cc packet: {"symbol":"NVDA","company":"NVIDIA Corporation","price":215.56,"bidPrice":215.36,"askPrice":215.76,"volume":66810,"timestamp":"2025-04-26T17:01:02.948324200Z","change":0.32,"changePercent":0.15}
2025-04-27 00:01:02 | TRACE | session(send from backend): 51db7669, corresponding proxySession:1bfc62cc packet: {"symbol":"JPM","company":"JPMorgan Chase & Co.","price":61.64,"bidPrice":61.59,"askPrice":61.69,"volume":8130,"timestamp":"2025-04-26T17:01:02.948324200Z","change":0.08,"changePercent":0.13}
2025-04-27 00:01:02 | TRACE | session(send from backend): 51db7669, corresponding proxySession:1bfc62cc packet: {"symbol":"V","company":"Visa Inc","price":2.96,"bidPrice":2.96,"askPrice":2.96,"volume":44493,"timestamp":"2025-04-26T17:01:02.948637900Z","change":0.02,"changePercent":0.72}
2025-04-27 00:01:02 | TRACE | session(send from backend): 51db7669, corresponding proxySession:1bfc62cc packet: {"symbol":"JNJ","company":"Johnson & Johnson","price":1.55,"bidPrice":1.55,"askPrice":1.55,"volume":3205,"timestamp":"2025-04-26T17:01:02.948637900Z","change":-0.01,"changePercent":-0.72}
2025-04-27 00:01:07 | TRACE | session(send from backend): 51db7669, corresponding proxySession:1bfc62cc packet: {"symbol":"AAPL","company":"Apple Inc","price":10.86,"bidPrice":10.85,"askPrice":10.87,"volume":2565,"timestamp":"2025-04-26T17:01:07.952480200Z","change":-0.11,"changePercent":-1.05}
2025-04-27 00:01:07 | TRACE | session(send from backend): 51db7669, corresponding proxySession:1bfc62cc packet: {"symbol":"MSFT","company":"Microsoft Corporation","price":5.21,"bidPrice":5.21,"askPrice":5.21,"volume":57832,"timestamp":"2025-04-26T17:01:07.952480200Z","change":-0.03,"changePercent":-0.57}
2025-04-27 00:01:07 | TRACE | session(send from backend): 51db7669, corresponding proxySession:1bfc62cc packet: {"symbol":"GOOGL","company":"Alphabet Inc","price":426.04,"bidPrice":425.58,"askPrice":426.5,"volume":20035,"timestamp":"2025-04-26T17:01:07.952480200Z","change":4.65,"changePercent":1.1}
2025-04-27 00:01:07 | TRACE | session(send from backend): 51db7669, corresponding proxySession:1bfc62cc packet: {"symbol":"AMZN","company":"Amazon.com Inc","price":60.12,"bidPrice":60.05,"askPrice":60.19,"volume":71466,"timestamp":"2025-04-26T17:01:07.952480200Z","change":-0.05,"changePercent":-0.08}
2025-04-27 00:01:07 | TRACE | session(send from backend): 51db7669, corresponding proxySession:1bfc62cc packet: {"symbol":"TSLA","company":"Tesla Inc","price":99.62,"bidPrice":99.56,"askPrice":99.68,"volume":16757,"timestamp":"2025-04-26T17:01:07.952480200Z","change":-1.45,"changePercent":-1.44}
2025-04-27 00:01:07 | TRACE | session(send from backend): 51db7669, corresponding proxySession:1bfc62cc packet: {"symbol":"META","company":"Meta Platforms Inc","price":181.89,"bidPrice":181.68,"askPrice":182.1,"volume":53111,"timestamp":"2025-04-26T17:01:07.952480200Z","change":2.5,"changePercent":1.39}
2025-04-27 00:01:07 | TRACE | session(send from backend): 51db7669, corresponding proxySession:1bfc62cc packet: {"symbol":"NVDA","company":"NVIDIA Corporation","price":217.9,"bidPrice":217.63,"askPrice":218.17,"volume":81108,"timestamp":"2025-04-26T17:01:07.952480200Z","change":2.34,"changePercent":1.08}
2025-04-27 00:01:07 | TRACE | session(send from backend): 51db7669, corresponding proxySession:1bfc62cc packet: {"symbol":"JPM","company":"JPMorgan Chase & Co.","price":61.32,"bidPrice":61.27,"askPrice":61.37,"volume":42700,"timestamp":"2025-04-26T17:01:07.953478500Z","change":-0.32,"changePercent":-0.52}
2025-04-27 00:01:07 | TRACE | session(send from backend): 51db7669, corresponding proxySession:1bfc62cc packet: {"symbol":"V","company":"Visa Inc","price":2.93,"bidPrice":2.93,"askPrice":2.93,"volume":33233,"timestamp":"2025-04-26T17:01:07.953478500Z","change":-0.03,"changePercent":-1.04}
2025-04-27 00:01:07 | TRACE | session(send from backend): 51db7669, corresponding proxySession:1bfc62cc packet: {"symbol":"JNJ","company":"Johnson & Johnson","price":1.55,"bidPrice":1.55,"askPrice":1.55,"volume":47911,"timestamp":"2025-04-26T17:01:07.953478500Z","change":0.0,"changePercent":0.15}
2025-04-27 00:01:12 | TRACE | session(send from backend): 51db7669, corresponding proxySession:1bfc62cc packet: {"symbol":"AAPL","company":"Apple Inc","price":10.9,"bidPrice":10.88,"askPrice":10.92,"volume":7820,"timestamp":"2025-04-26T17:01:12.936420500Z","change":0.04,"changePercent":0.36}
2025-04-27 00:01:12 | TRACE | session(send from backend): 51db7669, corresponding proxySession:1bfc62cc packet: {"symbol":"MSFT","company":"Microsoft Corporation","price":5.29,"bidPrice":5.29,"askPrice":5.29,"volume":18857,"timestamp":"2025-04-26T17:01:12.936420500Z","change":0.08,"changePercent":1.62}
2025-04-27 00:01:12 | TRACE | session(send from backend): 51db7669, corresponding proxySession:1bfc62cc packet: {"symbol":"GOOGL","company":"Alphabet Inc","price":422.0,"bidPrice":421.58,"askPrice":422.42,"volume":79338,"timestamp":"2025-04-26T17:01:12.937421700Z","change":-4.04,"changePercent":-0.95}
2025-04-27 00:01:12 | TRACE | session(send from backend): 51db7669, corresponding proxySession:1bfc62cc packet: {"symbol":"AMZN","company":"Amazon.com Inc","price":60.27,"bidPrice":60.23,"askPrice":60.31,"volume":65513,"timestamp":"2025-04-26T17:01:12.937421700Z","change":0.15,"changePercent":0.25}
2025-04-27 00:01:12 | TRACE | session(send from backend): 51db7669, corresponding proxySession:1bfc62cc packet: {"symbol":"TSLA","company":"Tesla Inc","price":101.36,"bidPrice":101.21,"askPrice":101.51,"volume":53209,"timestamp":"2025-04-26T17:01:12.939423600Z","change":1.74,"changePercent":1.74}
2025-04-27 00:01:12 | TRACE | session(send from backend): 51db7669, corresponding proxySession:1bfc62cc packet: {"symbol":"META","company":"Meta Platforms Inc","price":180.36,"bidPrice":180.16,"askPrice":180.56,"volume":12318,"timestamp":"2025-04-26T17:01:12.939552700Z","change":-1.53,"changePercent":-0.84}
2025-04-27 00:01:12 | TRACE | session(send from backend): 51db7669, corresponding proxySession:1bfc62cc packet: {"symbol":"NVDA","company":"NVIDIA Corporation","price":218.92,"bidPrice":218.67,"askPrice":219.17,"volume":62434,"timestamp":"2025-04-26T17:01:12.939552700Z","change":1.02,"changePercent":0.47}
2025-04-27 00:01:12 | TRACE | session(send from backend): 51db7669, corresponding proxySession:1bfc62cc packet: {"symbol":"JPM","company":"JPMorgan Chase & Co.","price":62.12,"bidPrice":62.07,"askPrice":62.17,"volume":64849,"timestamp":"2025-04-26T17:01:12.939552700Z","change":0.8,"changePercent":1.3}
2025-04-27 00:01:12 | TRACE | session(send from backend): 51db7669, corresponding proxySession:1bfc62cc packet: {"symbol":"V","company":"Visa Inc","price":2.93,"bidPrice":2.93,"askPrice":2.93,"volume":85275,"timestamp":"2025-04-26T17:01:12.940079300Z","change":0.0,"changePercent":-0.12}
2025-04-27 00:01:12 | TRACE | session(send from backend): 51db7669, corresponding proxySession:1bfc62cc packet: {"symbol":"JNJ","company":"Johnson & Johnson","price":1.55,"bidPrice":1.55,"askPrice":1.55,"volume":35324,"timestamp":"2025-04-26T17:01:12.940079300Z","change":0.0,"changePercent":-0.27}
2025-04-27 00:01:17 | TRACE | session(send from backend): 51db7669, corresponding proxySession:1bfc62cc packet: {"symbol":"AAPL","company":"Apple Inc","price":11.04,"bidPrice":11.03,"askPrice":11.05,"volume":33855,"timestamp":"2025-04-26T17:01:17.941381200Z","change":0.14,"changePercent":1.33}
2025-04-27 00:01:18 | TRACE | session(send from backend): 51db7669, corresponding proxySession:1bfc62cc packet: {"symbol":"MSFT","company":"Microsoft Corporation","price":5.3,"bidPrice":5.29,"askPrice":5.31,"volume":24563,"timestamp":"2025-04-26T17:01:17.942382600Z","change":0.01,"changePercent":0.16}
2025-04-27 00:01:18 | TRACE | session(send from backend): 51db7669, corresponding proxySession:1bfc62cc packet: {"symbol":"GOOGL","company":"Alphabet Inc","price":418.93,"bidPrice":418.65,"askPrice":419.21,"volume":65116,"timestamp":"2025-04-26T17:01:17.942382600Z","change":-3.07,"changePercent":-0.73}
2025-04-27 00:01:18 | TRACE | session(send from backend): 51db7669, corresponding proxySession:1bfc62cc packet: {"symbol":"AMZN","company":"Amazon.com Inc","price":60.75,"bidPrice":60.68,"askPrice":60.82,"volume":30358,"timestamp":"2025-04-26T17:01:17.943383400Z","change":0.48,"changePercent":0.8}
2025-04-27 00:01:18 | TRACE | session(send from backend): 51db7669, corresponding proxySession:1bfc62cc packet: {"symbol":"TSLA","company":"Tesla Inc","price":103.34,"bidPrice":103.23,"askPrice":103.45,"volume":69896,"timestamp":"2025-04-26T17:01:17.944383500Z","change":1.98,"changePercent":1.96}
2025-04-27 00:01:18 | TRACE | session(send from backend): 51db7669, corresponding proxySession:1bfc62cc packet: {"symbol":"META","company":"Meta Platforms Inc","price":182.95,"bidPrice":182.71,"askPrice":183.19,"volume":88480,"timestamp":"2025-04-26T17:01:17.944383500Z","change":2.59,"changePercent":1.44}
2025-04-27 00:01:18 | TRACE | session(send from backend): 51db7669, corresponding proxySession:1bfc62cc packet: {"symbol":"NVDA","company":"NVIDIA Corporation","price":222.01,"bidPrice":221.77,"askPrice":222.25,"volume":92568,"timestamp":"2025-04-26T17:01:17.944383500Z","change":3.09,"changePercent":1.41}
2025-04-27 00:01:18 | TRACE | session(send from backend): 51db7669, corresponding proxySession:1bfc62cc packet: {"symbol":"JPM","company":"JPMorgan Chase & Co.","price":61.23,"bidPrice":61.15,"askPrice":61.31,"volume":31592,"timestamp":"2025-04-26T17:01:17.944383500Z","change":-0.89,"changePercent":-1.43}
2025-04-27 00:01:18 | TRACE | session(send from backend): 51db7669, corresponding proxySession:1bfc62cc packet: {"symbol":"V","company":"Visa Inc","price":2.88,"bidPrice":2.88,"askPrice":2.88,"volume":95989,"timestamp":"2025-04-26T17:01:17.944383500Z","change":-0.05,"changePercent":-1.68}
2025-04-27 00:01:18 | TRACE | session(send from backend): 51db7669, corresponding proxySession:1bfc62cc packet: {"symbol":"JNJ","company":"Johnson & Johnson","price":1.54,"bidPrice":1.54,"askPrice":1.54,"volume":4753,"timestamp":"2025-04-26T17:01:17.944383500Z","change":-0.01,"changePercent":-0.55}
2025-04-27 00:01:23 | TRACE | session(send from backend): 51db7669, corresponding proxySession:1bfc62cc packet: {"symbol":"AAPL","company":"Apple Inc","price":11.24,"bidPrice":11.23,"askPrice":11.25,"volume":16100,"timestamp":"2025-04-26T17:01:22.998409Z","change":0.2,"changePercent":1.78}
2025-04-27 00:01:23 | TRACE | session(send from backend): 51db7669, corresponding proxySession:1bfc62cc packet: {"symbol":"MSFT","company":"Microsoft Corporation","price":5.3,"bidPrice":5.29,"askPrice":5.31,"volume":93320,"timestamp":"2025-04-26T17:01:22.999409500Z","change":0.0,"changePercent":-0.02}
2025-04-27 00:01:23 | TRACE | session(send from backend): 51db7669, corresponding proxySession:1bfc62cc packet: {"symbol":"GOOGL","company":"Alphabet Inc","price":419.46,"bidPrice":419.23,"askPrice":419.69,"volume":56114,"timestamp":"2025-04-26T17:01:22.999409500Z","change":0.53,"changePercent":0.13}
2025-04-27 00:01:23 | TRACE | session(send from backend): 51db7669, corresponding proxySession:1bfc62cc packet: {"symbol":"AMZN","company":"Amazon.com Inc","price":60.79,"bidPrice":60.72,"askPrice":60.86,"volume":38346,"timestamp":"2025-04-26T17:01:22.999409500Z","change":0.04,"changePercent":0.07}
2025-04-27 00:01:23 | TRACE | session(send from backend): 51db7669, corresponding proxySession:1bfc62cc packet: {"symbol":"TSLA","company":"Tesla Inc","price":102.86,"bidPrice":102.77,"askPrice":102.95,"volume":56274,"timestamp":"2025-04-26T17:01:22.999409500Z","change":-0.48,"changePercent":-0.46}
2025-04-27 00:01:23 | TRACE | session(send from backend): 51db7669, corresponding proxySession:1bfc62cc packet: {"symbol":"META","company":"Meta Platforms Inc","price":185.13,"bidPrice":184.91,"askPrice":185.35,"volume":27567,"timestamp":"2025-04-26T17:01:23.000409500Z","change":2.18,"changePercent":1.19}
2025-04-27 00:01:23 | TRACE | session(send from backend): 51db7669, corresponding proxySession:1bfc62cc packet: {"symbol":"NVDA","company":"NVIDIA Corporation","price":218.69,"bidPrice":218.53,"askPrice":218.85,"volume":6635,"timestamp":"2025-04-26T17:01:23.000409500Z","change":-3.32,"changePercent":-1.5}
2025-04-27 00:01:23 | TRACE | session(send from backend): 51db7669, corresponding proxySession:1bfc62cc packet: {"symbol":"JPM","company":"JPMorgan Chase & Co.","price":60.86,"bidPrice":60.79,"askPrice":60.93,"volume":21559,"timestamp":"2025-04-26T17:01:23.000409500Z","change":-0.37,"changePercent":-0.61}
2025-04-27 00:01:23 | TRACE | session(send from backend): 51db7669, corresponding proxySession:1bfc62cc packet: {"symbol":"V","company":"Visa Inc","price":2.92,"bidPrice":2.92,"askPrice":2.92,"volume":36466,"timestamp":"2025-04-26T17:01:23.000409500Z","change":0.04,"changePercent":1.36}
2025-04-27 00:01:23 | TRACE | session(send from backend): 51db7669, corresponding proxySession:1bfc62cc packet: {"symbol":"JNJ","company":"Johnson & Johnson","price":1.54,"bidPrice":1.54,"askPrice":1.54,"volume":18615,"timestamp":"2025-04-26T17:01:23.000409500Z","change":0.0,"changePercent":0.17}
2025-04-27 00:01:28 | TRACE | session(send from backend): 51db7669, corresponding proxySession:1bfc62cc packet: {"symbol":"AAPL","company":"Apple Inc","price":11.09,"bidPrice":11.08,"askPrice":11.1,"volume":82792,"timestamp":"2025-04-26T17:01:27.976720600Z","change":-0.15,"changePercent":-1.33}
2025-04-27 00:01:28 | TRACE | session(send from backend): 51db7669, corresponding proxySession:1bfc62cc packet: {"symbol":"MSFT","company":"Microsoft Corporation","price":5.35,"bidPrice":5.34,"askPrice":5.36,"volume":67896,"timestamp":"2025-04-26T17:01:27.976720600Z","change":0.05,"changePercent":0.99}
2025-04-27 00:01:28 | TRACE | session(send from backend): 51db7669, corresponding proxySession:1bfc62cc packet: {"symbol":"GOOGL","company":"Alphabet Inc","price":423.21,"bidPrice":422.65,"askPrice":423.77,"volume":83504,"timestamp":"2025-04-26T17:01:27.977718200Z","change":3.75,"changePercent":0.89}
2025-04-27 00:01:28 | TRACE | session(send from backend): 51db7669, corresponding proxySession:1bfc62cc packet: {"symbol":"AMZN","company":"Amazon.com Inc","price":61.39,"bidPrice":61.35,"askPrice":61.43,"volume":59701,"timestamp":"2025-04-26T17:01:27.977718200Z","change":0.6,"changePercent":0.99}
2025-04-27 00:01:28 | TRACE | session(send from backend): 51db7669, corresponding proxySession:1bfc62cc packet: {"symbol":"TSLA","company":"Tesla Inc","price":101.83,"bidPrice":101.75,"askPrice":101.91,"volume":66521,"timestamp":"2025-04-26T17:01:27.977718200Z","change":-1.03,"changePercent":-1.0}
2025-04-27 00:01:28 | TRACE | session(send from backend): 51db7669, corresponding proxySession:1bfc62cc packet: {"symbol":"META","company":"Meta Platforms Inc","price":188.33,"bidPrice":188.07,"askPrice":188.59,"volume":91719,"timestamp":"2025-04-26T17:01:27.977718200Z","change":3.2,"changePercent":1.73}
2025-04-27 00:01:28 | TRACE | session(send from backend): 51db7669, corresponding proxySession:1bfc62cc packet: {"symbol":"NVDA","company":"NVIDIA Corporation","price":217.91,"bidPrice":217.77,"askPrice":218.05,"volume":80148,"timestamp":"2025-04-26T17:01:27.977718200Z","change":-0.78,"changePercent":-0.36}
2025-04-27 00:01:28 | TRACE | session(send from backend): 51db7669, corresponding proxySession:1bfc62cc packet: {"symbol":"JPM","company":"JPMorgan Chase & Co.","price":60.53,"bidPrice":60.44,"askPrice":60.62,"volume":54007,"timestamp":"2025-04-26T17:01:27.977718200Z","change":-0.33,"changePercent":-0.54}
2025-04-27 00:01:28 | TRACE | session(send from backend): 51db7669, corresponding proxySession:1bfc62cc packet: {"symbol":"V","company":"Visa Inc","price":2.87,"bidPrice":2.87,"askPrice":2.87,"volume":29065,"timestamp":"2025-04-26T17:01:27.978719200Z","change":-0.05,"changePercent":-1.87}
2025-04-27 00:01:28 | TRACE | session(send from backend): 51db7669, corresponding proxySession:1bfc62cc packet: {"symbol":"JNJ","company":"Johnson & Johnson","price":1.55,"bidPrice":1.55,"askPrice":1.55,"volume":66007,"timestamp":"2025-04-26T17:01:27.978719200Z","change":0.01,"changePercent":0.69}
2025-04-27 00:01:32 | TRACE | session(send from backend): 51db7669, corresponding proxySession:1bfc62cc packet: {"symbol":"AAPL","company":"Apple Inc","price":11.15,"bidPrice":11.13,"askPrice":11.17,"volume":94563,"timestamp":"2025-04-26T17:01:32.943740700Z","change":0.06,"changePercent":0.53}
2025-04-27 00:01:32 | TRACE | session(send from backend): 51db7669, corresponding proxySession:1bfc62cc packet: {"symbol":"MSFT","company":"Microsoft Corporation","price":5.42,"bidPrice":5.41,"askPrice":5.43,"volume":83949,"timestamp":"2025-04-26T17:01:32.944741600Z","change":0.07,"changePercent":1.38}
2025-04-27 00:01:32 | TRACE | session(send from backend): 51db7669, corresponding proxySession:1bfc62cc packet: {"symbol":"GOOGL","company":"Alphabet Inc","price":420.23,"bidPrice":419.85,"askPrice":420.61,"volume":73734,"timestamp":"2025-04-26T17:01:32.945740900Z","change":-2.98,"changePercent":-0.7}
2025-04-27 00:01:32 | TRACE | session(send from backend): 51db7669, corresponding proxySession:1bfc62cc packet: {"symbol":"AMZN","company":"Amazon.com Inc","price":60.18,"bidPrice":60.11,"askPrice":60.25,"volume":76957,"timestamp":"2025-04-26T17:01:32.945740900Z","change":-1.21,"changePercent":-1.98}
2025-04-27 00:01:32 | TRACE | session(send from backend): 51db7669, corresponding proxySession:1bfc62cc packet: {"symbol":"TSLA","company":"Tesla Inc","price":101.8,"bidPrice":101.7,"askPrice":101.9,"volume":58969,"timestamp":"2025-04-26T17:01:32.945740900Z","change":-0.03,"changePercent":-0.03}
2025-04-27 00:01:32 | TRACE | session(send from backend): 51db7669, corresponding proxySession:1bfc62cc packet: {"symbol":"META","company":"Meta Platforms Inc","price":189.44,"bidPrice":189.34,"askPrice":189.54,"volume":7298,"timestamp":"2025-04-26T17:01:32.945740900Z","change":1.11,"changePercent":0.59}
2025-04-27 00:01:32 | TRACE | session(send from backend): 51db7669, corresponding proxySession:1bfc62cc packet: {"symbol":"NVDA","company":"NVIDIA Corporation","price":216.36,"bidPrice":216.05,"askPrice":216.67,"volume":30870,"timestamp":"2025-04-26T17:01:32.945740900Z","change":-1.55,"changePercent":-0.71}
2025-04-27 00:01:32 | TRACE | session(send from backend): 51db7669, corresponding proxySession:1bfc62cc packet: {"symbol":"JPM","company":"JPMorgan Chase & Co.","price":59.54,"bidPrice":59.49,"askPrice":59.59,"volume":44770,"timestamp":"2025-04-26T17:01:32.945740900Z","change":-0.99,"changePercent":-1.64}
2025-04-27 00:01:32 | TRACE | session(send from backend): 51db7669, corresponding proxySession:1bfc62cc packet: {"symbol":"V","company":"Visa Inc","price":2.85,"bidPrice":2.85,"askPrice":2.85,"volume":96194,"timestamp":"2025-04-26T17:01:32.945740900Z","change":-0.02,"changePercent":-0.75}
2025-04-27 00:01:33 | TRACE | session(send from backend): 51db7669, corresponding proxySession:1bfc62cc packet: {"symbol":"JNJ","company":"Johnson & Johnson","price":1.57,"bidPrice":1.57,"askPrice":1.57,"volume":19555,"timestamp":"2025-04-26T17:01:32.945740900Z","change":0.02,"changePercent":1.26}
2025-04-27 00:01:38 | TRACE | session(send from backend): 51db7669, corresponding proxySession:1bfc62cc packet: {"symbol":"AAPL","company":"Apple Inc","price":11.0,"bidPrice":10.99,"askPrice":11.01,"volume":6082,"timestamp":"2025-04-26T17:01:38.078350500Z","change":-0.15,"changePercent":-1.35}
2025-04-27 00:01:38 | TRACE | session(send from backend): 51db7669, corresponding proxySession:1bfc62cc packet: {"symbol":"MSFT","company":"Microsoft Corporation","price":5.52,"bidPrice":5.52,"askPrice":5.52,"volume":40766,"timestamp":"2025-04-26T17:01:38.078350500Z","change":0.1,"changePercent":1.82}
2025-04-27 00:01:38 | TRACE | session(send from backend): 51db7669, corresponding proxySession:1bfc62cc packet: {"symbol":"GOOGL","company":"Alphabet Inc","price":420.81,"bidPrice":420.4,"askPrice":421.22,"volume":84883,"timestamp":"2025-04-26T17:01:38.078350500Z","change":0.58,"changePercent":0.14}
2025-04-27 00:01:38 | TRACE | session(send from backend): 51db7669, corresponding proxySession:1bfc62cc packet: {"symbol":"AMZN","company":"Amazon.com Inc","price":60.53,"bidPrice":60.49,"askPrice":60.57,"volume":39406,"timestamp":"2025-04-26T17:01:38.078350500Z","change":0.35,"changePercent":0.58}
2025-04-27 00:01:38 | TRACE | session(send from backend): 51db7669, corresponding proxySession:1bfc62cc packet: {"symbol":"TSLA","company":"Tesla Inc","price":103.41,"bidPrice":103.31,"askPrice":103.51,"volume":84948,"timestamp":"2025-04-26T17:01:38.078350500Z","change":1.61,"changePercent":1.58}
2025-04-27 00:01:38 | TRACE | session(send from backend): 51db7669, corresponding proxySession:1bfc62cc packet: {"symbol":"META","company":"Meta Platforms Inc","price":191.7,"bidPrice":191.52,"askPrice":191.88,"volume":74116,"timestamp":"2025-04-26T17:01:38.078350500Z","change":2.26,"changePercent":1.19}
2025-04-27 00:01:38 | TRACE | session(send from backend): 51db7669, corresponding proxySession:1bfc62cc packet: {"symbol":"NVDA","company":"NVIDIA Corporation","price":213.55,"bidPrice":213.43,"askPrice":213.67,"volume":96252,"timestamp":"2025-04-26T17:01:38.078350500Z","change":-2.81,"changePercent":-1.3}
2025-04-27 00:01:38 | TRACE | session(send from backend): 51db7669, corresponding proxySession:1bfc62cc packet: {"symbol":"JPM","company":"JPMorgan Chase & Co.","price":60.21,"bidPrice":60.15,"askPrice":60.27,"volume":16131,"timestamp":"2025-04-26T17:01:38.078350500Z","change":0.67,"changePercent":1.13}
2025-04-27 00:01:38 | TRACE | session(send from backend): 51db7669, corresponding proxySession:1bfc62cc packet: {"symbol":"V","company":"Visa Inc","price":2.88,"bidPrice":2.88,"askPrice":2.88,"volume":6371,"timestamp":"2025-04-26T17:01:38.078350500Z","change":0.03,"changePercent":1.16}
2025-04-27 00:01:38 | TRACE | session(send from backend): 51db7669, corresponding proxySession:1bfc62cc packet: {"symbol":"JNJ","company":"Johnson & Johnson","price":1.57,"bidPrice":1.57,"askPrice":1.57,"volume":51827,"timestamp":"2025-04-26T17:01:38.078350500Z","change":0.0,"changePercent":-0.28}
2025-04-27 00:01:42 | TRACE | session(send from backend): 51db7669, corresponding proxySession:1bfc62cc packet: {"symbol":"AAPL","company":"Apple Inc","price":11.12,"bidPrice":11.11,"askPrice":11.13,"volume":36319,"timestamp":"2025-04-26T17:01:42.946500500Z","change":0.12,"changePercent":1.11}
2025-04-27 00:01:42 | TRACE | session(send from backend): 51db7669, corresponding proxySession:1bfc62cc packet: {"symbol":"MSFT","company":"Microsoft Corporation","price":5.6,"bidPrice":5.6,"askPrice":5.6,"volume":20860,"timestamp":"2025-04-26T17:01:42.946500500Z","change":0.08,"changePercent":1.38}
2025-04-27 00:01:42 | TRACE | session(send from backend): 51db7669, corresponding proxySession:1bfc62cc packet: {"symbol":"GOOGL","company":"Alphabet Inc","price":416.78,"bidPrice":416.49,"askPrice":417.07,"volume":98813,"timestamp":"2025-04-26T17:01:42.946500500Z","change":-4.03,"changePercent":-0.96}
2025-04-27 00:01:42 | TRACE | session(send from backend): 51db7669, corresponding proxySession:1bfc62cc packet: {"symbol":"AMZN","company":"Amazon.com Inc","price":60.27,"bidPrice":60.23,"askPrice":60.31,"volume":91186,"timestamp":"2025-04-26T17:01:42.946500500Z","change":-0.26,"changePercent":-0.43}
2025-04-27 00:01:42 | TRACE | session(send from backend): 51db7669, corresponding proxySession:1bfc62cc packet: {"symbol":"TSLA","company":"Tesla Inc","price":103.16,"bidPrice":103.02,"askPrice":103.3,"volume":33112,"timestamp":"2025-04-26T17:01:42.946500500Z","change":-0.25,"changePercent":-0.24}
2025-04-27 00:01:42 | TRACE | session(send from backend): 51db7669, corresponding proxySession:1bfc62cc packet: {"symbol":"META","company":"Meta Platforms Inc","price":195.35,"bidPrice":195.23,"askPrice":195.47,"volume":6063,"timestamp":"2025-04-26T17:01:42.946500500Z","change":3.65,"changePercent":1.9}
2025-04-27 00:01:42 | TRACE | session(send from backend): 51db7669, corresponding proxySession:1bfc62cc packet: {"symbol":"NVDA","company":"NVIDIA Corporation","price":216.73,"bidPrice":216.48,"askPrice":216.98,"volume":59706,"timestamp":"2025-04-26T17:01:42.946500500Z","change":3.18,"changePercent":1.49}
2025-04-27 00:01:42 | TRACE | session(send from backend): 51db7669, corresponding proxySession:1bfc62cc packet: {"symbol":"JPM","company":"JPMorgan Chase & Co.","price":59.31,"bidPrice":59.23,"askPrice":59.39,"volume":78473,"timestamp":"2025-04-26T17:01:42.946500500Z","change":-0.9,"changePercent":-1.49}
2025-04-27 00:01:42 | TRACE | session(send from backend): 51db7669, corresponding proxySession:1bfc62cc packet: {"symbol":"V","company":"Visa Inc","price":2.88,"bidPrice":2.88,"askPrice":2.88,"volume":10342,"timestamp":"2025-04-26T17:01:42.946500500Z","change":0.0,"changePercent":-0.09}
2025-04-27 00:01:42 | TRACE | session(send from backend): 51db7669, corresponding proxySession:1bfc62cc packet: {"symbol":"JNJ","company":"Johnson & Johnson","price":1.57,"bidPrice":1.57,"askPrice":1.57,"volume":92482,"timestamp":"2025-04-26T17:01:42.946500500Z","change":0.0,"changePercent":-0.13}
2025-04-27 00:01:48 | TRACE | session(send from backend): 51db7669, corresponding proxySession:1bfc62cc packet: {"symbol":"AAPL","company":"Apple Inc","price":11.26,"bidPrice":11.25,"askPrice":11.27,"volume":10071,"timestamp":"2025-04-26T17:01:48.023126400Z","change":0.14,"changePercent":1.27}
2025-04-27 00:01:48 | TRACE | session(send from backend): 51db7669, corresponding proxySession:1bfc62cc packet: {"symbol":"MSFT","company":"Microsoft Corporation","price":5.58,"bidPrice":5.57,"askPrice":5.59,"volume":66702,"timestamp":"2025-04-26T17:01:48.024122100Z","change":-0.02,"changePercent":-0.35}
2025-04-27 00:01:48 | TRACE | session(send from backend): 51db7669, corresponding proxySession:1bfc62cc packet: {"symbol":"GOOGL","company":"Alphabet Inc","price":413.35,"bidPrice":412.92,"askPrice":413.78,"volume":69527,"timestamp":"2025-04-26T17:01:48.024122100Z","change":-3.43,"changePercent":-0.82}
2025-04-27 00:01:48 | TRACE | session(send from backend): 51db7669, corresponding proxySession:1bfc62cc packet: {"symbol":"AMZN","company":"Amazon.com Inc","price":60.83,"bidPrice":60.8,"askPrice":60.86,"volume":3324,"timestamp":"2025-04-26T17:01:48.024122100Z","change":0.56,"changePercent":0.93}
2025-04-27 00:01:48 | TRACE | session(send from backend): 51db7669, corresponding proxySession:1bfc62cc packet: {"symbol":"TSLA","company":"Tesla Inc","price":104.32,"bidPrice":104.19,"askPrice":104.45,"volume":24823,"timestamp":"2025-04-26T17:01:48.024122100Z","change":1.16,"changePercent":1.12}
2025-04-27 00:01:48 | TRACE | session(send from backend): 51db7669, corresponding proxySession:1bfc62cc packet: {"symbol":"META","company":"Meta Platforms Inc","price":192.35,"bidPrice":192.22,"askPrice":192.48,"volume":59220,"timestamp":"2025-04-26T17:01:48.024122100Z","change":-3.0,"changePercent":-1.54}
2025-04-27 00:01:48 | TRACE | session(send from backend): 51db7669, corresponding proxySession:1bfc62cc packet: {"symbol":"NVDA","company":"NVIDIA Corporation","price":216.47,"bidPrice":216.27,"askPrice":216.67,"volume":93719,"timestamp":"2025-04-26T17:01:48.024122100Z","change":-0.26,"changePercent":-0.12}
2025-04-27 00:01:48 | TRACE | session(send from backend): 51db7669, corresponding proxySession:1bfc62cc packet: {"symbol":"JPM","company":"JPMorgan Chase & Co.","price":59.66,"bidPrice":59.63,"askPrice":59.69,"volume":55017,"timestamp":"2025-04-26T17:01:48.024122100Z","change":0.35,"changePercent":0.59}
2025-04-27 00:01:48 | TRACE | session(send from backend): 51db7669, corresponding proxySession:1bfc62cc packet: {"symbol":"V","company":"Visa Inc","price":2.88,"bidPrice":2.88,"askPrice":2.88,"volume":38273,"timestamp":"2025-04-26T17:01:48.025120600Z","change":0.0,"changePercent":-0.15}
2025-04-27 00:01:48 | TRACE | session(send from backend): 51db7669, corresponding proxySession:1bfc62cc packet: {"symbol":"JNJ","company":"Johnson & Johnson","price":1.54,"bidPrice":1.54,"askPrice":1.54,"volume":3388,"timestamp":"2025-04-26T17:01:48.025120600Z","change":-0.03,"changePercent":-1.83}
2025-04-27 00:01:52 | TRACE | session(send from backend): 51db7669, corresponding proxySession:1bfc62cc packet: {"symbol":"AAPL","company":"Apple Inc","price":11.27,"bidPrice":11.26,"askPrice":11.28,"volume":94752,"timestamp":"2025-04-26T17:01:52.941495700Z","change":0.01,"changePercent":0.08}
2025-04-27 00:01:52 | TRACE | session(send from backend): 51db7669, corresponding proxySession:1bfc62cc packet: {"symbol":"MSFT","company":"Microsoft Corporation","price":5.55,"bidPrice":5.55,"askPrice":5.55,"volume":23293,"timestamp":"2025-04-26T17:01:52.941495700Z","change":-0.03,"changePercent":-0.52}
2025-04-27 00:01:52 | TRACE | session(send from backend): 51db7669, corresponding proxySession:1bfc62cc packet: {"symbol":"GOOGL","company":"Alphabet Inc","price":406.56,"bidPrice":406.29,"askPrice":406.83,"volume":24736,"timestamp":"2025-04-26T17:01:52.941495700Z","change":-6.79,"changePercent":-1.64}
2025-04-27 00:01:52 | TRACE | session(send from backend): 51db7669, corresponding proxySession:1bfc62cc packet: {"symbol":"AMZN","company":"Amazon.com Inc","price":60.79,"bidPrice":60.72,"askPrice":60.86,"volume":87006,"timestamp":"2025-04-26T17:01:52.942492500Z","change":-0.04,"changePercent":-0.07}
2025-04-27 00:01:52 | TRACE | session(send from backend): 51db7669, corresponding proxySession:1bfc62cc packet: {"symbol":"TSLA","company":"Tesla Inc","price":104.97,"bidPrice":104.84,"askPrice":105.1,"volume":91849,"timestamp":"2025-04-26T17:01:52.942492500Z","change":0.65,"changePercent":0.62}
2025-04-27 00:01:52 | TRACE | session(send from backend): 51db7669, corresponding proxySession:1bfc62cc packet: {"symbol":"META","company":"Meta Platforms Inc","price":191.42,"bidPrice":191.21,"askPrice":191.63,"volume":45846,"timestamp":"2025-04-26T17:01:52.942492500Z","change":-0.93,"changePercent":-0.48}
2025-04-27 00:01:52 | TRACE | session(send from backend): 51db7669, corresponding proxySession:1bfc62cc packet: {"symbol":"NVDA","company":"NVIDIA Corporation","price":220.27,"bidPrice":219.96,"askPrice":220.58,"volume":88116,"timestamp":"2025-04-26T17:01:52.942492500Z","change":3.8,"changePercent":1.76}
2025-04-27 00:01:52 | TRACE | session(send from backend): 51db7669, corresponding proxySession:1bfc62cc packet: {"symbol":"JPM","company":"JPMorgan Chase & Co.","price":60.12,"bidPrice":60.04,"askPrice":60.2,"volume":56495,"timestamp":"2025-04-26T17:01:52.977490500Z","change":0.46,"changePercent":0.78}
2025-04-27 00:01:52 | TRACE | session(send from backend): 51db7669, corresponding proxySession:1bfc62cc packet: {"symbol":"V","company":"Visa Inc","price":2.91,"bidPrice":2.91,"askPrice":2.91,"volume":41498,"timestamp":"2025-04-26T17:01:52.977490500Z","change":0.03,"changePercent":1.09}
2025-04-27 00:01:52 | TRACE | session(send from backend): 51db7669, corresponding proxySession:1bfc62cc packet: {"symbol":"JNJ","company":"Johnson & Johnson","price":1.54,"bidPrice":1.54,"askPrice":1.54,"volume":82493,"timestamp":"2025-04-26T17:01:52.977490500Z","change":0.0,"changePercent":0.2}
2025-04-27 00:01:56 | TRACE | Weights attr: {}
2025-04-27 00:01:56 | TRACE | Pattern "[/users/**]" does not match against value "/market-data/ws/stock-data"
2025-04-27 00:01:56 | TRACE | Pattern "[/accounts/**]" does not match against value "/market-data/ws/stock-data"
2025-04-27 00:01:56 | TRACE | Pattern "[/trading/**]" does not match against value "/market-data/ws/stock-data"
2025-04-27 00:01:56 | TRACE | Pattern "[/sagas/**]" does not match against value "/market-data/ws/stock-data"
2025-04-27 00:01:56 | TRACE | Pattern "/market-data/**" matches against value "/market-data/ws/stock-data"
2025-04-27 00:01:56 | DEBUG | Route matched: market-data-service-route
2025-04-27 00:01:56 | DEBUG | Mapping [Exchange: GET http://good-musical-joey.ngrok-free.app/market-data/ws/stock-data?token=eyJhbGciOiJIUzI1NiJ9.eyJzdWIiOiI2N2QzZjFhYzNiYzZkNDQ4NjQ5MzE0ZmEiLCJpYXQiOjE3NDU2NjUzMTEsImV4cCI6MTc0NTc1MTcxMX0.jSuDDg5pxtjVkVyGwh3WoAEbMwsomVUouTvT6rYCfIw] to Route{id='market-data-service-route', uri=http://localhost:8088, order=0, predicate=Paths: [/market-data/**], match trailing slash: true, gatewayFilters=[], metadata={}}
2025-04-27 00:01:56 | DEBUG | [57de0e77-750] Mapped to org.springframework.cloud.gateway.handler.FilteringWebHandler@e2344da
2025-04-27 00:01:56 | DEBUG | Sorted gatewayFilterFactories: [[GatewayFilterAdapter{delegate=com.project.apigateway.security.WebSocketAuthenticationFilter@3a9040f0}, order = -2147483648], [GatewayFilterAdapter{delegate=org.springframework.cloud.gateway.filter.RemoveCachedBodyFilter@2a9ea03f}, order = -2147483648], [GatewayFilterAdapter{delegate=org.springframework.cloud.gateway.filter.AdaptCachedBodyGlobalFilter@42ac309}, order = -2147482648], [GatewayFilterAdapter{delegate=org.springframework.cloud.gateway.filter.NettyWriteResponseFilter@2d3768ce}, order = -1], [GatewayFilterAdapter{delegate=org.springframework.cloud.gateway.filter.ForwardPathFilter@3dc7c5fd}, order = 0], [GatewayFilterAdapter{delegate=org.springframework.cloud.gateway.filter.GatewayMetricsFilter@7fb9a83c}, order = 0], [GatewayFilterAdapter{delegate=org.springframework.cloud.gateway.filter.RouteToRequestUrlFilter@1231f25c}, order = 10000], [GatewayFilterAdapter{delegate=org.springframework.cloud.gateway.config.GatewayNoLoadBalancerClientAutoConfiguration$NoLoadBalancerClientFilter@517d9cd5}, order = 10150], [GatewayFilterAdapter{delegate=org.springframework.cloud.gateway.filter.WebsocketRoutingFilter@62871522}, order = 2147483646], [GatewayFilterAdapter{delegate=org.springframework.cloud.gateway.filter.NettyRoutingFilter@33214124}, order = 2147483647], [GatewayFilterAdapter{delegate=org.springframework.cloud.gateway.filter.ForwardRoutingFilter@2ba0b95f}, order = 2147483647]]
2025-04-27 00:01:56 | DEBUG | /market-data/ws/stock-data
2025-04-27 00:01:56 | DEBUG | WebSocket path detected: /market-data/ws/stock-data
2025-04-27 00:01:56 | DEBUG | Found token in query parameter for WebSocket request.
2025-04-27 00:01:56 | DEBUG | Token from query parameter is valid. Adding Authorization header.
2025-04-27 00:01:56 | TRACE | RouteToRequestUrlFilter start
2025-04-27 00:01:56 | TRACE | changeSchemeTo:[ws://localhost:8088/market-data/ws/stock-data?token=eyJhbGciOiJIUzI1NiJ9.eyJzdWIiOiI2N2QzZjFhYzNiYzZkNDQ4NjQ5MzE0ZmEiLCJpYXQiOjE3NDU2NjUzMTEsImV4cCI6MTc0NTc1MTcxMX0.jSuDDg5pxtjVkVyGwh3WoAEbMwsomVUouTvT6rYCfIw]
2025-04-27 00:01:56 | DEBUG | Will instrument the HTTP request headers [Host:"good-musical-joey.ngrok-free.app", User-Agent:"Mozilla/5.0 (Windows NT 10.0; Win64; x64) AppleWebKit/537.36 (KHTML, like Gecko) Chrome/135.0.0.0 Safari/537.36", Accept-Encoding:"gzip, deflate, br, zstd", Accept-Language:"en-US,en;q=0.9", Cache-Control:"no-cache", Origin:"http://localhost:5173", Pragma:"no-cache", Sec-Websocket-Extensions:"permessage-deflate; client_max_window_bits", Sec-Websocket-Key:"Y2zXXGXUo1YObUrv2b6fSQ==", Sec-Websocket-Version:"13", X-Forwarded-For:"118.71.53.120,0:0:0:0:0:0:0:1", X-Forwarded-Host:"good-musical-joey.ngrok-free.app,good-musical-joey.ngrok-free.app", X-Forwarded-Proto:"https,http", Authorization:"Bearer eyJhbGciOiJIUzI1NiJ9.eyJzdWIiOiI2N2QzZjFhYzNiYzZkNDQ4NjQ5MzE0ZmEiLCJpYXQiOjE3NDU2NjUzMTEsImV4cCI6MTc0NTc1MTcxMX0.jSuDDg5pxtjVkVyGwh3WoAEbMwsomVUouTvT6rYCfIw", Forwarded:"proto=http;host=good-musical-joey.ngrok-free.app;for="[0:0:0:0:0:0:0:1]:64689"", X-Forwarded-Port:"80"]
2025-04-27 00:01:56 | DEBUG | Client observation  {name=http.client.requests(null), error=null, context=name='http.client.requests', contextualName='null', error='null', lowCardinalityKeyValues=[http.method='GET', http.status_code='UNKNOWN', spring.cloud.gateway.route.id='market-data-service-route', spring.cloud.gateway.route.uri='http://localhost:8088'], highCardinalityKeyValues=[http.uri='http://good-musical-joey.ngrok-free.app/market-data/ws/stock-data?token=eyJhbGciOiJIUzI1NiJ9.eyJzdWIiOiI2N2QzZjFhYzNiYzZkNDQ4NjQ5MzE0ZmEiLCJpYXQiOjE3NDU2NjUzMTEsImV4cCI6MTc0NTc1MTcxMX0.jSuDDg5pxtjVkVyGwh3WoAEbMwsomVUouTvT6rYCfIw'], map=[class io.micrometer.core.instrument.LongTaskTimer$Sample='SampleImpl{duration(seconds)=5.77E-5, duration(nanos)=57700.0, startTimeNanos=373050793961700}', class io.micrometer.core.instrument.Timer$Sample='io.micrometer.core.instrument.Timer$Sample@21103192'], parentObservation=org.springframework.security.web.server.ObservationWebFilterChainDecorator$PhasedObservation@62f5c489} created for the request. New headers are [Host:"good-musical-joey.ngrok-free.app", User-Agent:"Mozilla/5.0 (Windows NT 10.0; Win64; x64) AppleWebKit/537.36 (KHTML, like Gecko) Chrome/135.0.0.0 Safari/537.36", Accept-Encoding:"gzip, deflate, br, zstd", Accept-Language:"en-US,en;q=0.9", Cache-Control:"no-cache", Origin:"http://localhost:5173", Pragma:"no-cache", Sec-Websocket-Extensions:"permessage-deflate; client_max_window_bits", Sec-Websocket-Key:"Y2zXXGXUo1YObUrv2b6fSQ==", Sec-Websocket-Version:"13", X-Forwarded-For:"118.71.53.120,0:0:0:0:0:0:0:1", X-Forwarded-Host:"good-musical-joey.ngrok-free.app,good-musical-joey.ngrok-free.app", X-Forwarded-Proto:"https,http", Authorization:"Bearer eyJhbGciOiJIUzI1NiJ9.eyJzdWIiOiI2N2QzZjFhYzNiYzZkNDQ4NjQ5MzE0ZmEiLCJpYXQiOjE3NDU2NjUzMTEsImV4cCI6MTc0NTc1MTcxMX0.jSuDDg5pxtjVkVyGwh3WoAEbMwsomVUouTvT6rYCfIw", Forwarded:"proto=http;host=good-musical-joey.ngrok-free.app;for="[0:0:0:0:0:0:0:1]:64689"", X-Forwarded-Port:"80"]
2025-04-27 00:01:56 | TRACE | spring.cloud.gateway.requests tags: [tag(httpMethod=GET),tag(httpStatusCode=200),tag(outcome=SUCCESSFUL),tag(routeId=market-data-service-route),tag(routeUri=http://localhost:8088),tag(status=OK)]
2025-04-27 00:01:57 | TRACE | session(send from backend): 68267c5d, corresponding proxySession:46617d2e packet: {"symbol":"AAPL","company":"Apple Inc","price":11.24,"bidPrice":11.22,"askPrice":11.26,"volume":41789,"timestamp":"2025-04-26T17:01:57.949020200Z","change":-0.03,"changePercent":-0.23}
2025-04-27 00:01:57 | TRACE | session(send from backend): 68267c5d, corresponding proxySession:46617d2e packet: {"symbol":"MSFT","company":"Microsoft Corporation","price":5.51,"bidPrice":5.51,"askPrice":5.51,"volume":62660,"timestamp":"2025-04-26T17:01:57.949020200Z","change":-0.04,"changePercent":-0.79}
2025-04-27 00:01:57 | TRACE | session(send from backend): 68267c5d, corresponding proxySession:46617d2e packet: {"symbol":"GOOGL","company":"Alphabet Inc","price":401.38,"bidPrice":401.16,"askPrice":401.6,"volume":7716,"timestamp":"2025-04-26T17:01:57.949961600Z","change":-5.18,"changePercent":-1.27}
2025-04-27 00:01:57 | TRACE | session(send from backend): 68267c5d, corresponding proxySession:46617d2e packet: {"symbol":"AMZN","company":"Amazon.com Inc","price":60.98,"bidPrice":60.91,"askPrice":61.05,"volume":65076,"timestamp":"2025-04-26T17:01:57.949961600Z","change":0.19,"changePercent":0.31}
2025-04-27 00:01:57 | TRACE | session(send from backend): 68267c5d, corresponding proxySession:46617d2e packet: {"symbol":"TSLA","company":"Tesla Inc","price":105.2,"bidPrice":105.06,"askPrice":105.34,"volume":26823,"timestamp":"2025-04-26T17:01:57.950959700Z","change":0.23,"changePercent":0.22}
2025-04-27 00:01:57 | TRACE | session(send from backend): 68267c5d, corresponding proxySession:46617d2e packet: {"symbol":"META","company":"Meta Platforms Inc","price":189.2,"bidPrice":189.05,"askPrice":189.35,"volume":49260,"timestamp":"2025-04-26T17:01:57.951228500Z","change":-2.22,"changePercent":-1.16}
2025-04-27 00:01:57 | TRACE | session(send from backend): 68267c5d, corresponding proxySession:46617d2e packet: {"symbol":"NVDA","company":"NVIDIA Corporation","price":224.22,"bidPrice":224.05,"askPrice":224.39,"volume":99244,"timestamp":"2025-04-26T17:01:57.951751300Z","change":3.95,"changePercent":1.8}
2025-04-27 00:01:57 | TRACE | session(send from backend): 68267c5d, corresponding proxySession:46617d2e packet: {"symbol":"JPM","company":"JPMorgan Chase & Co.","price":59.33,"bidPrice":59.29,"askPrice":59.37,"volume":56032,"timestamp":"2025-04-26T17:01:57.952750Z","change":-0.79,"changePercent":-1.31}
2025-04-27 00:01:57 | TRACE | session(send from backend): 68267c5d, corresponding proxySession:46617d2e packet: {"symbol":"V","company":"Visa Inc","price":2.86,"bidPrice":2.86,"askPrice":2.86,"volume":70253,"timestamp":"2025-04-26T17:01:57.952750Z","change":-0.05,"changePercent":-1.69}
2025-04-27 00:01:57 | TRACE | session(send from backend): 68267c5d, corresponding proxySession:46617d2e packet: {"symbol":"JNJ","company":"Johnson & Johnson","price":1.53,"bidPrice":1.53,"askPrice":1.53,"volume":80328,"timestamp":"2025-04-26T17:01:57.953279200Z","change":-0.01,"changePercent":-0.94}
2025-04-27 00:02:02 | TRACE | session(send from backend): 68267c5d, corresponding proxySession:46617d2e packet: {"symbol":"AAPL","company":"Apple Inc","price":11.2,"bidPrice":11.19,"askPrice":11.21,"volume":66920,"timestamp":"2025-04-26T17:02:02.944323200Z","change":-0.04,"changePercent":-0.31}
2025-04-27 00:02:02 | TRACE | session(send from backend): 68267c5d, corresponding proxySession:46617d2e packet: {"symbol":"MSFT","company":"Microsoft Corporation","price":5.58,"bidPrice":5.58,"askPrice":5.58,"volume":29303,"timestamp":"2025-04-26T17:02:02.945310400Z","change":0.07,"changePercent":1.3}
2025-04-27 00:02:02 | TRACE | session(send from backend): 68267c5d, corresponding proxySession:46617d2e packet: {"symbol":"GOOGL","company":"Alphabet Inc","price":395.54,"bidPrice":395.25,"askPrice":395.83,"volume":51513,"timestamp":"2025-04-26T17:02:02.946313Z","change":-5.84,"changePercent":-1.46}
2025-04-27 00:02:02 | TRACE | session(send from backend): 68267c5d, corresponding proxySession:46617d2e packet: {"symbol":"AMZN","company":"Amazon.com Inc","price":61.01,"bidPrice":60.92,"askPrice":61.1,"volume":92701,"timestamp":"2025-04-26T17:02:02.946313Z","change":0.03,"changePercent":0.04}
2025-04-27 00:02:02 | TRACE | session(send from backend): 68267c5d, corresponding proxySession:46617d2e packet: {"symbol":"TSLA","company":"Tesla Inc","price":104.51,"bidPrice":104.35,"askPrice":104.67,"volume":58679,"timestamp":"2025-04-26T17:02:02.948310900Z","change":-0.69,"changePercent":-0.65}
2025-04-27 00:02:02 | TRACE | session(send from backend): 68267c5d, corresponding proxySession:46617d2e packet: {"symbol":"META","company":"Meta Platforms Inc","price":192.67,"bidPrice":192.48,"askPrice":192.86,"volume":86170,"timestamp":"2025-04-26T17:02:02.951309700Z","change":3.47,"changePercent":1.83}
2025-04-27 00:02:02 | TRACE | session(send from backend): 68267c5d, corresponding proxySession:46617d2e packet: {"symbol":"NVDA","company":"NVIDIA Corporation","price":224.16,"bidPrice":223.87,"askPrice":224.45,"volume":31041,"timestamp":"2025-04-26T17:02:02.952138600Z","change":-0.06,"changePercent":-0.03}
2025-04-27 00:02:02 | TRACE | session(send from backend): 68267c5d, corresponding proxySession:46617d2e packet: {"symbol":"JPM","company":"JPMorgan Chase & Co.","price":59.1,"bidPrice":59.03,"askPrice":59.17,"volume":70279,"timestamp":"2025-04-26T17:02:02.952860500Z","change":-0.23,"changePercent":-0.39}
2025-04-27 00:02:02 | TRACE | session(send from backend): 68267c5d, corresponding proxySession:46617d2e packet: {"symbol":"V","company":"Visa Inc","price":2.81,"bidPrice":2.81,"askPrice":2.81,"volume":80371,"timestamp":"2025-04-26T17:02:02.952860500Z","change":-0.05,"changePercent":-1.92}
2025-04-27 00:02:02 | TRACE | session(send from backend): 68267c5d, corresponding proxySession:46617d2e packet: {"symbol":"JNJ","company":"Johnson & Johnson","price":1.54,"bidPrice":1.54,"askPrice":1.54,"volume":81186,"timestamp":"2025-04-26T17:02:02.953381700Z","change":0.01,"changePercent":0.71}
2025-04-27 00:02:07 | TRACE | session(send from backend): 68267c5d, corresponding proxySession:46617d2e packet: {"symbol":"AAPL","company":"Apple Inc","price":11.12,"bidPrice":11.11,"askPrice":11.13,"volume":8971,"timestamp":"2025-04-26T17:02:07.935277400Z","change":-0.08,"changePercent":-0.69}
2025-04-27 00:02:07 | TRACE | session(send from backend): 68267c5d, corresponding proxySession:46617d2e packet: {"symbol":"MSFT","company":"Microsoft Corporation","price":5.67,"bidPrice":5.67,"askPrice":5.67,"volume":59462,"timestamp":"2025-04-26T17:02:07.935277400Z","change":0.09,"changePercent":1.57}
2025-04-27 00:02:07 | TRACE | session(send from backend): 68267c5d, corresponding proxySession:46617d2e packet: {"symbol":"GOOGL","company":"Alphabet Inc","price":394.95,"bidPrice":394.53,"askPrice":395.37,"volume":52161,"timestamp":"2025-04-26T17:02:07.935277400Z","change":-0.59,"changePercent":-0.15}
2025-04-27 00:02:07 | TRACE | session(send from backend): 68267c5d, corresponding proxySession:46617d2e packet: {"symbol":"AMZN","company":"Amazon.com Inc","price":60.34,"bidPrice":60.27,"askPrice":60.41,"volume":98461,"timestamp":"2025-04-26T17:02:07.935277400Z","change":-0.67,"changePercent":-1.11}
2025-04-27 00:02:07 | TRACE | session(send from backend): 68267c5d, corresponding proxySession:46617d2e packet: {"symbol":"TSLA","company":"Tesla Inc","price":106.54,"bidPrice":106.42,"askPrice":106.66,"volume":68967,"timestamp":"2025-04-26T17:02:07.935277400Z","change":2.03,"changePercent":1.94}
2025-04-27 00:02:07 | TRACE | session(send from backend): 68267c5d, corresponding proxySession:46617d2e packet: {"symbol":"META","company":"Meta Platforms Inc","price":194.98,"bidPrice":194.76,"askPrice":195.2,"volume":71396,"timestamp":"2025-04-26T17:02:07.935277400Z","change":2.31,"changePercent":1.2}
2025-04-27 00:02:07 | TRACE | session(send from backend): 68267c5d, corresponding proxySession:46617d2e packet: {"symbol":"NVDA","company":"NVIDIA Corporation","price":225.02,"bidPrice":224.89,"askPrice":225.15,"volume":44647,"timestamp":"2025-04-26T17:02:07.935277400Z","change":0.86,"changePercent":0.38}
2025-04-27 00:02:07 | TRACE | session(send from backend): 68267c5d, corresponding proxySession:46617d2e packet: {"symbol":"JPM","company":"JPMorgan Chase & Co.","price":59.29,"bidPrice":59.23,"askPrice":59.35,"volume":73289,"timestamp":"2025-04-26T17:02:07.935277400Z","change":0.19,"changePercent":0.32}
2025-04-27 00:02:07 | TRACE | session(send from backend): 68267c5d, corresponding proxySession:46617d2e packet: {"symbol":"V","company":"Visa Inc","price":2.83,"bidPrice":2.83,"askPrice":2.83,"volume":8714,"timestamp":"2025-04-26T17:02:07.935277400Z","change":0.02,"changePercent":0.55}
2025-04-27 00:02:07 | TRACE | session(send from backend): 68267c5d, corresponding proxySession:46617d2e packet: {"symbol":"JNJ","company":"Johnson & Johnson","price":1.53,"bidPrice":1.53,"askPrice":1.53,"volume":55227,"timestamp":"2025-04-26T17:02:07.935277400Z","change":-0.01,"changePercent":-0.59}
2025-04-27 00:02:12 | TRACE | session(send from backend): 68267c5d, corresponding proxySession:46617d2e packet: {"symbol":"AAPL","company":"Apple Inc","price":11.27,"bidPrice":11.26,"askPrice":11.28,"volume":36579,"timestamp":"2025-04-26T17:02:12.942415700Z","change":0.15,"changePercent":1.33}
2025-04-27 00:02:12 | TRACE | session(send from backend): 68267c5d, corresponding proxySession:46617d2e packet: {"symbol":"MSFT","company":"Microsoft Corporation","price":5.68,"bidPrice":5.67,"askPrice":5.69,"volume":88766,"timestamp":"2025-04-26T17:02:12.942415700Z","change":0.01,"changePercent":0.14}
2025-04-27 00:02:12 | TRACE | session(send from backend): 68267c5d, corresponding proxySession:46617d2e packet: {"symbol":"GOOGL","company":"Alphabet Inc","price":388.38,"bidPrice":388.02,"askPrice":388.74,"volume":7784,"timestamp":"2025-04-26T17:02:12.943414800Z","change":-6.57,"changePercent":-1.66}
2025-04-27 00:02:12 | TRACE | session(send from backend): 68267c5d, corresponding proxySession:46617d2e packet: {"symbol":"AMZN","company":"Amazon.com Inc","price":59.62,"bidPrice":59.57,"askPrice":59.67,"volume":23017,"timestamp":"2025-04-26T17:02:12.943414800Z","change":-0.72,"changePercent":-1.19}
2025-04-27 00:02:12 | TRACE | session(send from backend): 68267c5d, corresponding proxySession:46617d2e packet: {"symbol":"TSLA","company":"Tesla Inc","price":108.14,"bidPrice":108.01,"askPrice":108.27,"volume":27697,"timestamp":"2025-04-26T17:02:12.943414800Z","change":1.6,"changePercent":1.51}
2025-04-27 00:02:12 | TRACE | session(send from backend): 68267c5d, corresponding proxySession:46617d2e packet: {"symbol":"META","company":"Meta Platforms Inc","price":196.99,"bidPrice":196.76,"askPrice":197.22,"volume":69863,"timestamp":"2025-04-26T17:02:12.944415900Z","change":2.01,"changePercent":1.03}
2025-04-27 00:02:12 | TRACE | session(send from backend): 68267c5d, corresponding proxySession:46617d2e packet: {"symbol":"NVDA","company":"NVIDIA Corporation","price":227.8,"bidPrice":227.66,"askPrice":227.94,"volume":92207,"timestamp":"2025-04-26T17:02:12.944415900Z","change":2.78,"changePercent":1.24}
2025-04-27 00:02:12 | TRACE | session(send from backend): 68267c5d, corresponding proxySession:46617d2e packet: {"symbol":"JPM","company":"JPMorgan Chase & Co.","price":59.53,"bidPrice":59.49,"askPrice":59.57,"volume":22823,"timestamp":"2025-04-26T17:02:12.944415900Z","change":0.24,"changePercent":0.41}
2025-04-27 00:02:12 | TRACE | session(send from backend): 68267c5d, corresponding proxySession:46617d2e packet: {"symbol":"V","company":"Visa Inc","price":2.89,"bidPrice":2.89,"askPrice":2.89,"volume":91299,"timestamp":"2025-04-26T17:02:12.944415900Z","change":0.06,"changePercent":1.99}
2025-04-27 00:02:12 | TRACE | session(send from backend): 68267c5d, corresponding proxySession:46617d2e packet: {"symbol":"JNJ","company":"Johnson & Johnson","price":1.51,"bidPrice":1.51,"askPrice":1.51,"volume":6000,"timestamp":"2025-04-26T17:02:12.944415900Z","change":-0.02,"changePercent":-1.06}
2025-04-27 00:02:17 | TRACE | session(send from backend): 68267c5d, corresponding proxySession:46617d2e packet: {"symbol":"AAPL","company":"Apple Inc","price":11.09,"bidPrice":11.08,"askPrice":11.1,"volume":54650,"timestamp":"2025-04-26T17:02:17.945848400Z","change":-0.18,"changePercent":-1.59}
2025-04-27 00:02:17 | TRACE | session(send from backend): 68267c5d, corresponding proxySession:46617d2e packet: {"symbol":"MSFT","company":"Microsoft Corporation","price":5.77,"bidPrice":5.77,"askPrice":5.77,"volume":82612,"timestamp":"2025-04-26T17:02:17.946371500Z","change":0.09,"changePercent":1.59}
2025-04-27 00:02:17 | TRACE | session(send from backend): 68267c5d, corresponding proxySession:46617d2e packet: {"symbol":"GOOGL","company":"Alphabet Inc","price":386.28,"bidPrice":386.08,"askPrice":386.48,"volume":88441,"timestamp":"2025-04-26T17:02:17.946371500Z","change":-2.1,"changePercent":-0.54}
2025-04-27 00:02:17 | TRACE | session(send from backend): 68267c5d, corresponding proxySession:46617d2e packet: {"symbol":"AMZN","company":"Amazon.com Inc","price":60.0,"bidPrice":59.97,"askPrice":60.03,"volume":81440,"timestamp":"2025-04-26T17:02:17.946371500Z","change":0.38,"changePercent":0.64}
2025-04-27 00:02:17 | TRACE | session(send from backend): 68267c5d, corresponding proxySession:46617d2e packet: {"symbol":"TSLA","company":"Tesla Inc","price":107.84,"bidPrice":107.73,"askPrice":107.95,"volume":79354,"timestamp":"2025-04-26T17:02:17.946371500Z","change":-0.3,"changePercent":-0.27}
2025-04-27 00:02:17 | TRACE | session(send from backend): 68267c5d, corresponding proxySession:46617d2e packet: {"symbol":"META","company":"Meta Platforms Inc","price":198.28,"bidPrice":198.18,"askPrice":198.38,"volume":14781,"timestamp":"2025-04-26T17:02:17.946371500Z","change":1.29,"changePercent":0.65}
2025-04-27 00:02:17 | TRACE | session(send from backend): 68267c5d, corresponding proxySession:46617d2e packet: {"symbol":"NVDA","company":"NVIDIA Corporation","price":228.98,"bidPrice":228.78,"askPrice":229.18,"volume":80946,"timestamp":"2025-04-26T17:02:17.946371500Z","change":1.18,"changePercent":0.52}
2025-04-27 00:02:17 | TRACE | session(send from backend): 68267c5d, corresponding proxySession:46617d2e packet: {"symbol":"JPM","company":"JPMorgan Chase & Co.","price":58.38,"bidPrice":58.3,"askPrice":58.46,"volume":84966,"timestamp":"2025-04-26T17:02:17.946371500Z","change":-1.15,"changePercent":-1.93}
2025-04-27 00:02:17 | TRACE | session(send from backend): 68267c5d, corresponding proxySession:46617d2e packet: {"symbol":"V","company":"Visa Inc","price":2.87,"bidPrice":2.87,"askPrice":2.87,"volume":27309,"timestamp":"2025-04-26T17:02:17.946371500Z","change":-0.02,"changePercent":-0.71}
2025-04-27 00:02:17 | TRACE | session(send from backend): 68267c5d, corresponding proxySession:46617d2e packet: {"symbol":"JNJ","company":"Johnson & Johnson","price":1.5,"bidPrice":1.5,"askPrice":1.5,"volume":5823,"timestamp":"2025-04-26T17:02:17.946371500Z","change":-0.01,"changePercent":-0.68}
2025-04-27 00:02:22 | TRACE | session(send from backend): 68267c5d, corresponding proxySession:46617d2e packet: {"symbol":"AAPL","company":"Apple Inc","price":11.23,"bidPrice":11.21,"askPrice":11.25,"volume":50952,"timestamp":"2025-04-26T17:02:22.937505400Z","change":0.14,"changePercent":1.23}
2025-04-27 00:02:22 | TRACE | session(send from backend): 68267c5d, corresponding proxySession:46617d2e packet: {"symbol":"MSFT","company":"Microsoft Corporation","price":5.84,"bidPrice":5.83,"askPrice":5.85,"volume":70142,"timestamp":"2025-04-26T17:02:22.938494900Z","change":0.07,"changePercent":1.27}
2025-04-27 00:02:22 | TRACE | session(send from backend): 68267c5d, corresponding proxySession:46617d2e packet: {"symbol":"GOOGL","company":"Alphabet Inc","price":392.16,"bidPrice":391.9,"askPrice":392.42,"volume":63049,"timestamp":"2025-04-26T17:02:22.938494900Z","change":5.88,"changePercent":1.52}
2025-04-27 00:02:22 | TRACE | session(send from backend): 68267c5d, corresponding proxySession:46617d2e packet: {"symbol":"AMZN","company":"Amazon.com Inc","price":59.3,"bidPrice":59.27,"askPrice":59.33,"volume":70457,"timestamp":"2025-04-26T17:02:22.938494900Z","change":-0.7,"changePercent":-1.17}
2025-04-27 00:02:22 | TRACE | session(send from backend): 68267c5d, corresponding proxySession:46617d2e packet: {"symbol":"TSLA","company":"Tesla Inc","price":107.97,"bidPrice":107.86,"askPrice":108.08,"volume":73286,"timestamp":"2025-04-26T17:02:22.938494900Z","change":0.13,"changePercent":0.12}
2025-04-27 00:02:22 | TRACE | session(send from backend): 68267c5d, corresponding proxySession:46617d2e packet: {"symbol":"META","company":"Meta Platforms Inc","price":194.86,"bidPrice":194.69,"askPrice":195.03,"volume":70325,"timestamp":"2025-04-26T17:02:22.938494900Z","change":-3.42,"changePercent":-1.72}
2025-04-27 00:02:22 | TRACE | session(send from backend): 68267c5d, corresponding proxySession:46617d2e packet: {"symbol":"NVDA","company":"NVIDIA Corporation","price":229.35,"bidPrice":229.03,"askPrice":229.67,"volume":35313,"timestamp":"2025-04-26T17:02:22.938494900Z","change":0.37,"changePercent":0.16}
2025-04-27 00:02:22 | TRACE | session(send from backend): 68267c5d, corresponding proxySession:46617d2e packet: {"symbol":"JPM","company":"JPMorgan Chase & Co.","price":57.83,"bidPrice":57.78,"askPrice":57.88,"volume":90966,"timestamp":"2025-04-26T17:02:22.938494900Z","change":-0.55,"changePercent":-0.94}
2025-04-27 00:02:22 | TRACE | session(send from backend): 68267c5d, corresponding proxySession:46617d2e packet: {"symbol":"V","company":"Visa Inc","price":2.82,"bidPrice":2.82,"askPrice":2.82,"volume":83964,"timestamp":"2025-04-26T17:02:22.938494900Z","change":-0.05,"changePercent":-1.82}
2025-04-27 00:02:22 | TRACE | session(send from backend): 68267c5d, corresponding proxySession:46617d2e packet: {"symbol":"JNJ","company":"Johnson & Johnson","price":1.48,"bidPrice":1.48,"askPrice":1.48,"volume":10815,"timestamp":"2025-04-26T17:02:22.939999300Z","change":-0.02,"changePercent":-1.35}
2025-04-27 00:02:27 | TRACE | session(send from backend): 68267c5d, corresponding proxySession:46617d2e packet: {"symbol":"AAPL","company":"Apple Inc","price":11.44,"bidPrice":11.43,"askPrice":11.45,"volume":28509,"timestamp":"2025-04-26T17:02:27.946220300Z","change":0.21,"changePercent":1.9}
2025-04-27 00:02:27 | TRACE | session(send from backend): 68267c5d, corresponding proxySession:46617d2e packet: {"symbol":"MSFT","company":"Microsoft Corporation","price":5.73,"bidPrice":5.72,"askPrice":5.74,"volume":39671,"timestamp":"2025-04-26T17:02:27.946220300Z","change":-0.11,"changePercent":-1.81}
2025-04-27 00:02:27 | TRACE | session(send from backend): 68267c5d, corresponding proxySession:46617d2e packet: {"symbol":"GOOGL","company":"Alphabet Inc","price":396.48,"bidPrice":396.01,"askPrice":396.95,"volume":5856,"timestamp":"2025-04-26T17:02:27.946220300Z","change":4.32,"changePercent":1.1}
2025-04-27 00:02:27 | TRACE | session(send from backend): 68267c5d, corresponding proxySession:46617d2e packet: {"symbol":"AMZN","company":"Amazon.com Inc","price":59.15,"bidPrice":59.07,"askPrice":59.23,"volume":56446,"timestamp":"2025-04-26T17:02:27.946220300Z","change":-0.15,"changePercent":-0.26}
2025-04-27 00:02:27 | TRACE | session(send from backend): 68267c5d, corresponding proxySession:46617d2e packet: {"symbol":"TSLA","company":"Tesla Inc","price":110.06,"bidPrice":109.93,"askPrice":110.19,"volume":12940,"timestamp":"2025-04-26T17:02:27.946220300Z","change":2.09,"changePercent":1.93}
2025-04-27 00:02:27 | TRACE | session(send from backend): 68267c5d, corresponding proxySession:46617d2e packet: {"symbol":"META","company":"Meta Platforms Inc","price":194.88,"bidPrice":194.78,"askPrice":194.98,"volume":55507,"timestamp":"2025-04-26T17:02:27.946220300Z","change":0.02,"changePercent":0.01}
2025-04-27 00:02:27 | TRACE | session(send from backend): 68267c5d, corresponding proxySession:46617d2e packet: {"symbol":"NVDA","company":"NVIDIA Corporation","price":225.2,"bidPrice":225.07,"askPrice":225.33,"volume":97453,"timestamp":"2025-04-26T17:02:27.946220300Z","change":-4.15,"changePercent":-1.81}
2025-04-27 00:02:27 | TRACE | session(send from backend): 68267c5d, corresponding proxySession:46617d2e packet: {"symbol":"JPM","company":"JPMorgan Chase & Co.","price":57.14,"bidPrice":57.08,"askPrice":57.2,"volume":24124,"timestamp":"2025-04-26T17:02:27.946220300Z","change":-0.69,"changePercent":-1.19}
2025-04-27 00:02:27 | TRACE | session(send from backend): 68267c5d, corresponding proxySession:46617d2e packet: {"symbol":"V","company":"Visa Inc","price":2.87,"bidPrice":2.87,"askPrice":2.87,"volume":58701,"timestamp":"2025-04-26T17:02:27.946220300Z","change":0.05,"changePercent":1.83}
2025-04-27 00:02:27 | TRACE | session(send from backend): 68267c5d, corresponding proxySession:46617d2e packet: {"symbol":"JNJ","company":"Johnson & Johnson","price":1.47,"bidPrice":1.47,"askPrice":1.47,"volume":29666,"timestamp":"2025-04-26T17:02:27.946220300Z","change":-0.01,"changePercent":-0.37}
2025-04-27 00:02:32 | TRACE | session(send from backend): 68267c5d, corresponding proxySession:46617d2e packet: {"symbol":"AAPL","company":"Apple Inc","price":11.4,"bidPrice":11.39,"askPrice":11.41,"volume":44526,"timestamp":"2025-04-26T17:02:32.941626500Z","change":-0.04,"changePercent":-0.37}
2025-04-27 00:02:32 | TRACE | session(send from backend): 68267c5d, corresponding proxySession:46617d2e packet: {"symbol":"MSFT","company":"Microsoft Corporation","price":5.76,"bidPrice":5.76,"askPrice":5.76,"volume":81855,"timestamp":"2025-04-26T17:02:32.941626500Z","change":0.03,"changePercent":0.46}
2025-04-27 00:02:32 | TRACE | session(send from backend): 68267c5d, corresponding proxySession:46617d2e packet: {"symbol":"GOOGL","company":"Alphabet Inc","price":401.85,"bidPrice":401.59,"askPrice":402.11,"volume":15000,"timestamp":"2025-04-26T17:02:32.942877700Z","change":5.37,"changePercent":1.35}
2025-04-27 00:02:32 | TRACE | session(send from backend): 68267c5d, corresponding proxySession:46617d2e packet: {"symbol":"AMZN","company":"Amazon.com Inc","price":59.03,"bidPrice":58.99,"askPrice":59.07,"volume":46556,"timestamp":"2025-04-26T17:02:32.944559400Z","change":-0.12,"changePercent":-0.21}
2025-04-27 00:02:32 | TRACE | session(send from backend): 68267c5d, corresponding proxySession:46617d2e packet: {"symbol":"TSLA","company":"Tesla Inc","price":108.75,"bidPrice":108.6,"askPrice":108.9,"volume":26170,"timestamp":"2025-04-26T17:02:32.945527100Z","change":-1.31,"changePercent":-1.19}
2025-04-27 00:02:32 | TRACE | session(send from backend): 68267c5d, corresponding proxySession:46617d2e packet: {"symbol":"META","company":"Meta Platforms Inc","price":195.56,"bidPrice":195.31,"askPrice":195.81,"volume":25251,"timestamp":"2025-04-26T17:02:32.946297600Z","change":0.68,"changePercent":0.35}
2025-04-27 00:02:32 | TRACE | session(send from backend): 68267c5d, corresponding proxySession:46617d2e packet: {"symbol":"NVDA","company":"NVIDIA Corporation","price":227.01,"bidPrice":226.77,"askPrice":227.25,"volume":28760,"timestamp":"2025-04-26T17:02:32.947294600Z","change":1.81,"changePercent":0.8}
2025-04-27 00:02:32 | TRACE | session(send from backend): 68267c5d, corresponding proxySession:46617d2e packet: {"symbol":"JPM","company":"JPMorgan Chase & Co.","price":58.05,"bidPrice":57.97,"askPrice":58.13,"volume":23173,"timestamp":"2025-04-26T17:02:32.947294600Z","change":0.91,"changePercent":1.6}
2025-04-27 00:02:32 | TRACE | session(send from backend): 68267c5d, corresponding proxySession:46617d2e packet: {"symbol":"V","company":"Visa Inc","price":2.86,"bidPrice":2.86,"askPrice":2.86,"volume":95889,"timestamp":"2025-04-26T17:02:32.947294600Z","change":-0.01,"changePercent":-0.47}
2025-04-27 00:02:32 | TRACE | session(send from backend): 68267c5d, corresponding proxySession:46617d2e packet: {"symbol":"JNJ","company":"Johnson & Johnson","price":1.48,"bidPrice":1.48,"askPrice":1.48,"volume":59489,"timestamp":"2025-04-26T17:02:32.948303400Z","change":0.01,"changePercent":0.36}
